2018-12-04 17:40:01,026 INFO  main                             - sofa rpc run.mode = DEV
2018-12-04 17:40:01,026 INFO  main                             - PID:18160 sofa rpc starting!
2018-12-04 17:40:01,027 INFO  main                             - the run.mode is DEV
2018-12-04 17:40:02,835 INFO  main                             - Welcome! Loading SOFA RPC Framework : 5.4.6_20180926184039, PID is:18160
2018-12-04 17:40:02,849 INFO  main                             - Install Module: fault-tolerance
2018-12-04 17:40:02,858 INFO  main                             - Install Module: sofaTracer-resteasy
2018-12-04 17:40:02,860 INFO  main                             - Extension of extensible com.alipay.sofa.rpc.tracer.Tracer with alias sofaTracer: class com.alipay.sofa.rpc.tracer.log.sofatracer.EnterpriseRpcSofaTracer has been override to class com.alipay.sofa.rpc.tracer.log.sofatracer.EnterpriseRpcSofaTracer
2018-12-04 17:40:02,861 INFO  main                             - Extension of extensible com.alipay.sofa.rpc.tracer.Tracer with alias sofaTracer: class com.alipay.sofa.rpc.tracer.log.sofatracer.EnterpriseRpcSofaTracer has been override to class com.alipay.sofa.rpc.tracer.log.sofatracer.EnterpriseRpcSofaTracer
2018-12-04 17:40:02,861 INFO  main                             - Extension of extensible com.alipay.sofa.rpc.tracer.Tracer with alias sofaTracer: class com.alipay.sofa.rpc.tracer.log.sofatracer.EnterpriseRpcSofaTracer has been override to class com.alipay.sofa.rpc.tracer.log.sofatracer.EnterpriseRpcSofaTracer
2018-12-04 17:40:02,862 INFO  main                             - Extension of extensible com.alipay.sofa.rpc.tracer.Tracer with alias sofaTracer: class com.alipay.sofa.rpc.tracer.log.sofatracer.EnterpriseRpcSofaTracer has been loaded, ignore origin class com.alipay.sofa.rpc.tracer.sofatracer.RpcSofaTracer
2018-12-04 17:40:02,868 INFO  main                             - The module lookout does not need to be loaded.
2018-12-04 17:40:02,868 INFO  main                             - Install Module: sofaTracer
2018-12-04 17:40:23,689 INFO  main                             - transmit will not start with config is null
2018-12-04 17:40:59,085 INFO  main                             - sofa rpc run.mode = DEV
2018-12-04 17:40:59,085 INFO  main                             - PID:8096 sofa rpc starting!
2018-12-04 17:40:59,086 INFO  main                             - the run.mode is DEV
2018-12-04 17:41:02,032 INFO  main                             - Welcome! Loading SOFA RPC Framework : 5.4.6_20180926184039, PID is:8096
2018-12-04 17:41:02,048 INFO  main                             - Install Module: fault-tolerance
2018-12-04 17:41:02,048 INFO  main                             - Install Module: sofaTracer-resteasy
2018-12-04 17:41:02,048 INFO  main                             - Extension of extensible com.alipay.sofa.rpc.tracer.Tracer with alias sofaTracer: class com.alipay.sofa.rpc.tracer.log.sofatracer.EnterpriseRpcSofaTracer has been override to class com.alipay.sofa.rpc.tracer.log.sofatracer.EnterpriseRpcSofaTracer
2018-12-04 17:41:02,048 INFO  main                             - Extension of extensible com.alipay.sofa.rpc.tracer.Tracer with alias sofaTracer: class com.alipay.sofa.rpc.tracer.log.sofatracer.EnterpriseRpcSofaTracer has been override to class com.alipay.sofa.rpc.tracer.log.sofatracer.EnterpriseRpcSofaTracer
2018-12-04 17:41:02,048 INFO  main                             - Extension of extensible com.alipay.sofa.rpc.tracer.Tracer with alias sofaTracer: class com.alipay.sofa.rpc.tracer.log.sofatracer.EnterpriseRpcSofaTracer has been override to class com.alipay.sofa.rpc.tracer.log.sofatracer.EnterpriseRpcSofaTracer
2018-12-04 17:41:02,048 INFO  main                             - Extension of extensible com.alipay.sofa.rpc.tracer.Tracer with alias sofaTracer: class com.alipay.sofa.rpc.tracer.log.sofatracer.EnterpriseRpcSofaTracer has been loaded, ignore origin class com.alipay.sofa.rpc.tracer.sofatracer.RpcSofaTracer
2018-12-04 17:41:02,082 INFO  main                             - The module lookout does not need to be loaded.
2018-12-04 17:41:02,082 INFO  main                             - Install Module: sofaTracer
2018-12-04 17:41:02,182 WARN  SOFA-RPC-ShutdownHook            - SOFA RPC Framework catch JVM shutdown event, Run shutdown hook now.
2018-12-04 17:41:02,183 INFO  SOFA-RPC-ShutdownHook            - Uninstall Module: fault-tolerance
2018-12-04 17:41:02,183 INFO  SOFA-RPC-ShutdownHook            - Uninstall Module: sofaTracer-resteasy
2018-12-04 17:41:02,183 INFO  SOFA-RPC-ShutdownHook            - Uninstall Module: sofaTracer
2018-12-04 17:41:02,183 WARN  SOFA-RPC-ShutdownHook            - SOFA RPC Framework has been release all resources ...
2018-12-04 17:41:42,379 INFO  main                             - sofa rpc run.mode = DEV
2018-12-04 17:41:42,380 INFO  main                             - PID:16972 sofa rpc starting!
2018-12-04 17:41:42,380 INFO  main                             - the run.mode is DEV
2018-12-04 17:41:43,818 INFO  main                             - Welcome! Loading SOFA RPC Framework : 5.4.6_20180926184039, PID is:16972
2018-12-04 17:41:43,837 INFO  main                             - Install Module: fault-tolerance
2018-12-04 17:41:43,837 INFO  main                             - Install Module: sofaTracer-resteasy
2018-12-04 17:41:43,837 INFO  main                             - Extension of extensible com.alipay.sofa.rpc.tracer.Tracer with alias sofaTracer: class com.alipay.sofa.rpc.tracer.log.sofatracer.EnterpriseRpcSofaTracer has been override to class com.alipay.sofa.rpc.tracer.log.sofatracer.EnterpriseRpcSofaTracer
2018-12-04 17:41:43,837 INFO  main                             - Extension of extensible com.alipay.sofa.rpc.tracer.Tracer with alias sofaTracer: class com.alipay.sofa.rpc.tracer.log.sofatracer.EnterpriseRpcSofaTracer has been override to class com.alipay.sofa.rpc.tracer.log.sofatracer.EnterpriseRpcSofaTracer
2018-12-04 17:41:43,837 INFO  main                             - Extension of extensible com.alipay.sofa.rpc.tracer.Tracer with alias sofaTracer: class com.alipay.sofa.rpc.tracer.log.sofatracer.EnterpriseRpcSofaTracer has been override to class com.alipay.sofa.rpc.tracer.log.sofatracer.EnterpriseRpcSofaTracer
2018-12-04 17:41:43,837 INFO  main                             - Extension of extensible com.alipay.sofa.rpc.tracer.Tracer with alias sofaTracer: class com.alipay.sofa.rpc.tracer.log.sofatracer.EnterpriseRpcSofaTracer has been loaded, ignore origin class com.alipay.sofa.rpc.tracer.sofatracer.RpcSofaTracer
2018-12-04 17:41:43,837 INFO  main                             - The module lookout does not need to be loaded.
2018-12-04 17:41:43,837 INFO  main                             - Install Module: sofaTracer
2018-12-04 17:42:04,569 INFO  main                             - transmit will not start with config is null
2018-12-04 17:42:35,028 INFO  main                             - sofa rpc run.mode = DEV
2018-12-04 17:42:35,028 INFO  main                             - PID:16792 sofa rpc starting!
2018-12-04 17:42:35,029 INFO  main                             - the run.mode is DEV
2018-12-04 17:42:37,638 INFO  main                             - Welcome! Loading SOFA RPC Framework : 5.4.6_20180926184039, PID is:16792
2018-12-04 17:42:37,654 INFO  main                             - Install Module: fault-tolerance
2018-12-04 17:42:37,670 INFO  main                             - Install Module: sofaTracer-resteasy
2018-12-04 17:42:37,670 INFO  main                             - Extension of extensible com.alipay.sofa.rpc.tracer.Tracer with alias sofaTracer: class com.alipay.sofa.rpc.tracer.log.sofatracer.EnterpriseRpcSofaTracer has been override to class com.alipay.sofa.rpc.tracer.log.sofatracer.EnterpriseRpcSofaTracer
2018-12-04 17:42:37,670 INFO  main                             - Extension of extensible com.alipay.sofa.rpc.tracer.Tracer with alias sofaTracer: class com.alipay.sofa.rpc.tracer.log.sofatracer.EnterpriseRpcSofaTracer has been override to class com.alipay.sofa.rpc.tracer.log.sofatracer.EnterpriseRpcSofaTracer
2018-12-04 17:42:37,670 INFO  main                             - Extension of extensible com.alipay.sofa.rpc.tracer.Tracer with alias sofaTracer: class com.alipay.sofa.rpc.tracer.log.sofatracer.EnterpriseRpcSofaTracer has been override to class com.alipay.sofa.rpc.tracer.log.sofatracer.EnterpriseRpcSofaTracer
2018-12-04 17:42:37,670 INFO  main                             - Extension of extensible com.alipay.sofa.rpc.tracer.Tracer with alias sofaTracer: class com.alipay.sofa.rpc.tracer.log.sofatracer.EnterpriseRpcSofaTracer has been loaded, ignore origin class com.alipay.sofa.rpc.tracer.sofatracer.RpcSofaTracer
2018-12-04 17:42:37,704 INFO  main                             - The module lookout does not need to be loaded.
2018-12-04 17:42:37,704 INFO  main                             - Install Module: sofaTracer
2018-12-04 17:42:37,820 WARN  SOFA-RPC-ShutdownHook            - SOFA RPC Framework catch JVM shutdown event, Run shutdown hook now.
2018-12-04 17:42:37,820 INFO  SOFA-RPC-ShutdownHook            - Uninstall Module: fault-tolerance
2018-12-04 17:42:37,820 INFO  SOFA-RPC-ShutdownHook            - Uninstall Module: sofaTracer-resteasy
2018-12-04 17:42:37,820 INFO  SOFA-RPC-ShutdownHook            - Uninstall Module: sofaTracer
2018-12-04 17:42:37,820 WARN  SOFA-RPC-ShutdownHook            - SOFA RPC Framework has been release all resources ...
2018-12-04 17:47:59,240 INFO  main                             - sofa rpc run.mode = DEV
2018-12-04 17:47:59,240 INFO  main                             - PID:9172 sofa rpc starting!
2018-12-04 17:47:59,241 INFO  main                             - the run.mode is DEV
2018-12-04 17:48:00,671 INFO  main                             - Welcome! Loading SOFA RPC Framework : 5.4.6_20180926184039, PID is:9172
2018-12-04 17:48:00,678 INFO  main                             - Install Module: fault-tolerance
2018-12-04 17:48:00,685 INFO  main                             - Install Module: sofaTracer-resteasy
2018-12-04 17:48:00,687 INFO  main                             - Extension of extensible com.alipay.sofa.rpc.tracer.Tracer with alias sofaTracer: class com.alipay.sofa.rpc.tracer.log.sofatracer.EnterpriseRpcSofaTracer has been override to class com.alipay.sofa.rpc.tracer.log.sofatracer.EnterpriseRpcSofaTracer
2018-12-04 17:48:00,687 INFO  main                             - Extension of extensible com.alipay.sofa.rpc.tracer.Tracer with alias sofaTracer: class com.alipay.sofa.rpc.tracer.log.sofatracer.EnterpriseRpcSofaTracer has been override to class com.alipay.sofa.rpc.tracer.log.sofatracer.EnterpriseRpcSofaTracer
2018-12-04 17:48:00,687 INFO  main                             - Extension of extensible com.alipay.sofa.rpc.tracer.Tracer with alias sofaTracer: class com.alipay.sofa.rpc.tracer.log.sofatracer.EnterpriseRpcSofaTracer has been override to class com.alipay.sofa.rpc.tracer.log.sofatracer.EnterpriseRpcSofaTracer
2018-12-04 17:48:00,688 INFO  main                             - Extension of extensible com.alipay.sofa.rpc.tracer.Tracer with alias sofaTracer: class com.alipay.sofa.rpc.tracer.log.sofatracer.EnterpriseRpcSofaTracer has been loaded, ignore origin class com.alipay.sofa.rpc.tracer.sofatracer.RpcSofaTracer
2018-12-04 17:48:00,693 INFO  main                             - The module lookout does not need to be loaded.
2018-12-04 17:48:00,693 INFO  main                             - Install Module: sofaTracer
2018-12-04 17:48:21,409 INFO  main                             - transmit will not start with config is null
2018-12-04 17:48:33,727 INFO  main                             - sofa rpc run.mode = DEV
2018-12-04 17:48:33,727 INFO  main                             - PID:15268 sofa rpc starting!
2018-12-04 17:48:33,727 INFO  main                             - the run.mode is DEV
2018-12-04 17:48:36,434 INFO  main                             - Welcome! Loading SOFA RPC Framework : 5.4.6_20180926184039, PID is:15268
2018-12-04 17:48:36,446 INFO  main                             - Install Module: fault-tolerance
2018-12-04 17:48:36,457 INFO  main                             - Install Module: sofaTracer-resteasy
2018-12-04 17:48:36,460 INFO  main                             - Extension of extensible com.alipay.sofa.rpc.tracer.Tracer with alias sofaTracer: class com.alipay.sofa.rpc.tracer.log.sofatracer.EnterpriseRpcSofaTracer has been override to class com.alipay.sofa.rpc.tracer.log.sofatracer.EnterpriseRpcSofaTracer
2018-12-04 17:48:36,461 INFO  main                             - Extension of extensible com.alipay.sofa.rpc.tracer.Tracer with alias sofaTracer: class com.alipay.sofa.rpc.tracer.log.sofatracer.EnterpriseRpcSofaTracer has been override to class com.alipay.sofa.rpc.tracer.log.sofatracer.EnterpriseRpcSofaTracer
2018-12-04 17:48:36,461 INFO  main                             - Extension of extensible com.alipay.sofa.rpc.tracer.Tracer with alias sofaTracer: class com.alipay.sofa.rpc.tracer.log.sofatracer.EnterpriseRpcSofaTracer has been override to class com.alipay.sofa.rpc.tracer.log.sofatracer.EnterpriseRpcSofaTracer
2018-12-04 17:48:36,461 INFO  main                             - Extension of extensible com.alipay.sofa.rpc.tracer.Tracer with alias sofaTracer: class com.alipay.sofa.rpc.tracer.log.sofatracer.EnterpriseRpcSofaTracer has been loaded, ignore origin class com.alipay.sofa.rpc.tracer.sofatracer.RpcSofaTracer
2018-12-04 17:48:36,491 INFO  main                             - The module lookout does not need to be loaded.
2018-12-04 17:48:36,492 INFO  main                             - Install Module: sofaTracer
2018-12-04 17:48:36,580 WARN  SOFA-RPC-ShutdownHook            - SOFA RPC Framework catch JVM shutdown event, Run shutdown hook now.
2018-12-04 17:48:36,583 INFO  SOFA-RPC-ShutdownHook            - Uninstall Module: fault-tolerance
2018-12-04 17:48:36,583 INFO  SOFA-RPC-ShutdownHook            - Uninstall Module: sofaTracer-resteasy
2018-12-04 17:48:36,583 INFO  SOFA-RPC-ShutdownHook            - Uninstall Module: sofaTracer
2018-12-04 17:48:36,583 WARN  SOFA-RPC-ShutdownHook            - SOFA RPC Framework has been release all resources ...
2018-12-04 17:50:44,042 INFO  main                             - sofa rpc run.mode = DEV
2018-12-04 17:50:44,042 INFO  main                             - PID:16944 sofa rpc starting!
2018-12-04 17:50:44,042 INFO  main                             - the run.mode is DEV
2018-12-04 17:50:47,210 INFO  main                             - Welcome! Loading SOFA RPC Framework : 5.4.6_20180926184039, PID is:16944
2018-12-04 17:50:47,221 INFO  main                             - Install Module: fault-tolerance
2018-12-04 17:50:47,232 INFO  main                             - Install Module: sofaTracer-resteasy
2018-12-04 17:50:47,236 INFO  main                             - Extension of extensible com.alipay.sofa.rpc.tracer.Tracer with alias sofaTracer: class com.alipay.sofa.rpc.tracer.log.sofatracer.EnterpriseRpcSofaTracer has been override to class com.alipay.sofa.rpc.tracer.log.sofatracer.EnterpriseRpcSofaTracer
2018-12-04 17:50:47,236 INFO  main                             - Extension of extensible com.alipay.sofa.rpc.tracer.Tracer with alias sofaTracer: class com.alipay.sofa.rpc.tracer.log.sofatracer.EnterpriseRpcSofaTracer has been override to class com.alipay.sofa.rpc.tracer.log.sofatracer.EnterpriseRpcSofaTracer
2018-12-04 17:50:47,236 INFO  main                             - Extension of extensible com.alipay.sofa.rpc.tracer.Tracer with alias sofaTracer: class com.alipay.sofa.rpc.tracer.log.sofatracer.EnterpriseRpcSofaTracer has been override to class com.alipay.sofa.rpc.tracer.log.sofatracer.EnterpriseRpcSofaTracer
2018-12-04 17:50:47,237 INFO  main                             - Extension of extensible com.alipay.sofa.rpc.tracer.Tracer with alias sofaTracer: class com.alipay.sofa.rpc.tracer.log.sofatracer.EnterpriseRpcSofaTracer has been loaded, ignore origin class com.alipay.sofa.rpc.tracer.sofatracer.RpcSofaTracer
2018-12-04 17:50:47,273 INFO  main                             - The module lookout does not need to be loaded.
2018-12-04 17:50:47,273 INFO  main                             - Install Module: sofaTracer
2018-12-04 17:50:47,333 WARN  SOFA-RPC-ShutdownHook            - SOFA RPC Framework catch JVM shutdown event, Run shutdown hook now.
2018-12-04 17:50:47,335 INFO  SOFA-RPC-ShutdownHook            - Uninstall Module: fault-tolerance
2018-12-04 17:50:47,335 INFO  SOFA-RPC-ShutdownHook            - Uninstall Module: sofaTracer-resteasy
2018-12-04 17:50:47,335 INFO  SOFA-RPC-ShutdownHook            - Uninstall Module: sofaTracer
2018-12-04 17:50:47,335 WARN  SOFA-RPC-ShutdownHook            - SOFA RPC Framework has been release all resources ...
2018-12-04 17:53:06,668 INFO  main                             - sofa rpc run.mode = DEV
2018-12-04 17:53:06,668 INFO  main                             - PID:1312 sofa rpc starting!
2018-12-04 17:53:06,669 INFO  main                             - the run.mode is DEV
2018-12-04 17:53:09,423 INFO  main                             - Welcome! Loading SOFA RPC Framework : 5.4.6_20180926184039, PID is:1312
2018-12-04 17:53:09,436 INFO  main                             - Install Module: fault-tolerance
2018-12-04 17:53:09,447 INFO  main                             - Install Module: sofaTracer-resteasy
2018-12-04 17:53:09,452 INFO  main                             - Extension of extensible com.alipay.sofa.rpc.tracer.Tracer with alias sofaTracer: class com.alipay.sofa.rpc.tracer.log.sofatracer.EnterpriseRpcSofaTracer has been override to class com.alipay.sofa.rpc.tracer.log.sofatracer.EnterpriseRpcSofaTracer
2018-12-04 17:53:09,452 INFO  main                             - Extension of extensible com.alipay.sofa.rpc.tracer.Tracer with alias sofaTracer: class com.alipay.sofa.rpc.tracer.log.sofatracer.EnterpriseRpcSofaTracer has been override to class com.alipay.sofa.rpc.tracer.log.sofatracer.EnterpriseRpcSofaTracer
2018-12-04 17:53:09,452 INFO  main                             - Extension of extensible com.alipay.sofa.rpc.tracer.Tracer with alias sofaTracer: class com.alipay.sofa.rpc.tracer.log.sofatracer.EnterpriseRpcSofaTracer has been override to class com.alipay.sofa.rpc.tracer.log.sofatracer.EnterpriseRpcSofaTracer
2018-12-04 17:53:09,452 INFO  main                             - Extension of extensible com.alipay.sofa.rpc.tracer.Tracer with alias sofaTracer: class com.alipay.sofa.rpc.tracer.log.sofatracer.EnterpriseRpcSofaTracer has been loaded, ignore origin class com.alipay.sofa.rpc.tracer.sofatracer.RpcSofaTracer
2018-12-04 17:53:09,487 INFO  main                             - The module lookout does not need to be loaded.
2018-12-04 17:53:09,487 INFO  main                             - Install Module: sofaTracer
2018-12-04 17:53:09,582 WARN  SOFA-RPC-ShutdownHook            - SOFA RPC Framework catch JVM shutdown event, Run shutdown hook now.
2018-12-04 17:53:09,586 INFO  SOFA-RPC-ShutdownHook            - Uninstall Module: fault-tolerance
2018-12-04 17:53:09,586 INFO  SOFA-RPC-ShutdownHook            - Uninstall Module: sofaTracer-resteasy
2018-12-04 17:53:09,586 INFO  SOFA-RPC-ShutdownHook            - Uninstall Module: sofaTracer
2018-12-04 17:53:09,586 WARN  SOFA-RPC-ShutdownHook            - SOFA RPC Framework has been release all resources ...
2018-12-04 18:16:56,512 INFO  main                             - sofa rpc run.mode = DEV
2018-12-04 18:16:56,512 INFO  main                             - PID:14896 sofa rpc starting!
2018-12-04 18:16:56,512 INFO  main                             - the run.mode is DEV
2018-12-04 18:16:59,045 INFO  main                             - Welcome! Loading SOFA RPC Framework : 5.4.6_20180926184039, PID is:14896
2018-12-04 18:16:59,063 INFO  main                             - Install Module: fault-tolerance
2018-12-04 18:16:59,079 INFO  main                             - Install Module: sofaTracer-resteasy
2018-12-04 18:16:59,079 INFO  main                             - Extension of extensible com.alipay.sofa.rpc.tracer.Tracer with alias sofaTracer: class com.alipay.sofa.rpc.tracer.log.sofatracer.EnterpriseRpcSofaTracer has been loaded, ignore origin class com.alipay.sofa.rpc.tracer.sofatracer.RpcSofaTracer
2018-12-04 18:16:59,113 INFO  main                             - The module lookout does not need to be loaded.
2018-12-04 18:16:59,113 INFO  main                             - Install Module: sofaTracer
2018-12-04 18:16:59,163 INFO  main                             - Refer consumer config : bolt://cloud.provider.facade.CallerService: with bean id callerService
2018-12-04 18:16:59,179 INFO  main                             - Extension of extensible com.alipay.sofa.rpc.client.Router with alias registry: class com.alipay.sofa.rpc.router.DsrRegistryRouter has been loaded, ignore origin class com.alipay.sofa.rpc.client.router.RegistryRouter
2018-12-04 18:16:59,195 INFO  main                             - Extension of extensible com.alipay.sofa.rpc.registry.Registry with alias mesh: class com.alipay.sofa.rpc.registry.mesh.EnterpriseMeshRegistry has been loaded, ignore origin class com.alipay.sofa.rpc.registry.mesh.MeshRegistry
2018-12-04 18:17:00,648 INFO  main                             - transmit will not start with config is null
2018-12-04 18:18:57,115 INFO  main                             - sofa rpc run.mode = DEV
2018-12-04 18:18:57,115 INFO  main                             - PID:6596 sofa rpc starting!
2018-12-04 18:18:57,116 INFO  main                             - the run.mode is DEV
2018-12-04 18:18:59,719 INFO  main                             - Welcome! Loading SOFA RPC Framework : 5.4.6_20180926184039, PID is:6596
2018-12-04 18:18:59,732 INFO  main                             - Install Module: fault-tolerance
2018-12-04 18:18:59,743 INFO  main                             - Install Module: sofaTracer-resteasy
2018-12-04 18:18:59,748 INFO  main                             - Extension of extensible com.alipay.sofa.rpc.tracer.Tracer with alias sofaTracer: class com.alipay.sofa.rpc.tracer.log.sofatracer.EnterpriseRpcSofaTracer has been loaded, ignore origin class com.alipay.sofa.rpc.tracer.sofatracer.RpcSofaTracer
2018-12-04 18:18:59,787 INFO  main                             - The module lookout does not need to be loaded.
2018-12-04 18:18:59,787 INFO  main                             - Install Module: sofaTracer
2018-12-04 18:18:59,857 INFO  main                             - Refer consumer config : bolt://cloud.provider.facade.CallerService: with bean id callerService
2018-12-04 18:18:59,865 INFO  main                             - Extension of extensible com.alipay.sofa.rpc.client.Router with alias registry: class com.alipay.sofa.rpc.router.DsrRegistryRouter has been loaded, ignore origin class com.alipay.sofa.rpc.client.router.RegistryRouter
2018-12-04 18:18:59,887 INFO  main                             - Extension of extensible com.alipay.sofa.rpc.registry.Registry with alias mesh: class com.alipay.sofa.rpc.registry.mesh.EnterpriseMeshRegistry has been loaded, ignore origin class com.alipay.sofa.rpc.registry.mesh.MeshRegistry
2018-12-04 18:19:01,359 INFO  main                             - transmit will not start with config is null
2018-12-04 18:19:12,687 INFO  main                             - sofa rpc run.mode = DEV
2018-12-04 18:19:12,687 INFO  main                             - PID:17948 sofa rpc starting!
2018-12-04 18:19:12,687 INFO  main                             - the run.mode is DEV
2018-12-04 18:19:15,314 INFO  main                             - Welcome! Loading SOFA RPC Framework : 5.4.6_20180926184039, PID is:17948
2018-12-04 18:19:15,324 INFO  main                             - Install Module: fault-tolerance
2018-12-04 18:19:15,335 INFO  main                             - Install Module: sofaTracer-resteasy
2018-12-04 18:19:15,339 INFO  main                             - Extension of extensible com.alipay.sofa.rpc.tracer.Tracer with alias sofaTracer: class com.alipay.sofa.rpc.tracer.log.sofatracer.EnterpriseRpcSofaTracer has been loaded, ignore origin class com.alipay.sofa.rpc.tracer.sofatracer.RpcSofaTracer
2018-12-04 18:19:15,344 INFO  main                             - The module lookout does not need to be loaded.
2018-12-04 18:19:15,345 INFO  main                             - Install Module: sofaTracer
2018-12-04 18:19:15,368 INFO  main                             - Export provider config : cloud.provider.facade.CallerService::bolt with bean id callerService
2018-12-04 18:19:16,360 INFO  main                             - transmit will not start with config is null
2018-12-04 18:19:39,860 INFO  http-nio-8090-exec-5             - Load tracer impl success: sofaTracer, com.alipay.sofa.rpc.tracer.log.sofatracer.EnterpriseRpcSofaTracer@1134c976
2018-12-04 18:30:40,633 INFO  main                             - sofa rpc run.mode = DEV
2018-12-04 18:30:40,664 INFO  main                             - PID:1728 sofa rpc starting!
2018-12-04 18:30:40,664 INFO  main                             - the run.mode is DEV
2018-12-04 18:30:44,477 INFO  main                             - Welcome! Loading SOFA RPC Framework : 5.4.6_20180926184039, PID is:1728
2018-12-04 18:30:44,492 INFO  main                             - Install Module: fault-tolerance
2018-12-04 18:30:44,508 INFO  main                             - Install Module: sofaTracer-resteasy
2018-12-04 18:30:44,508 INFO  main                             - Extension of extensible com.alipay.sofa.rpc.tracer.Tracer with alias sofaTracer: class com.alipay.sofa.rpc.tracer.log.sofatracer.EnterpriseRpcSofaTracer has been loaded, ignore origin class com.alipay.sofa.rpc.tracer.sofatracer.RpcSofaTracer
2018-12-04 18:30:44,508 INFO  main                             - The module lookout does not need to be loaded.
2018-12-04 18:30:44,508 INFO  main                             - Install Module: sofaTracer
2018-12-04 18:30:44,539 INFO  main                             - Export provider config : cloud.provider.facade.CallerService::bolt with bean id callerService
2018-12-04 18:30:45,852 INFO  main                             - transmit will not start with config is null
2018-12-04 18:30:46,945 INFO  main                             - Extension of extensible com.alipay.sofa.rpc.registry.Registry with alias mesh: class com.alipay.sofa.rpc.registry.mesh.EnterpriseMeshRegistry has been loaded, ignore origin class com.alipay.sofa.rpc.registry.mesh.MeshRegistry
2018-12-04 18:31:08,664 INFO  main                             - sofa rpc run.mode = DEV
2018-12-04 18:31:08,664 INFO  main                             - PID:9968 sofa rpc starting!
2018-12-04 18:31:08,664 INFO  main                             - the run.mode is DEV
2018-12-04 18:31:11,648 INFO  main                             - Welcome! Loading SOFA RPC Framework : 5.4.6_20180926184039, PID is:9968
2018-12-04 18:31:11,664 INFO  main                             - Install Module: fault-tolerance
2018-12-04 18:31:11,664 INFO  main                             - Install Module: sofaTracer-resteasy
2018-12-04 18:31:11,664 INFO  main                             - Extension of extensible com.alipay.sofa.rpc.tracer.Tracer with alias sofaTracer: class com.alipay.sofa.rpc.tracer.log.sofatracer.EnterpriseRpcSofaTracer has been loaded, ignore origin class com.alipay.sofa.rpc.tracer.sofatracer.RpcSofaTracer
2018-12-04 18:31:11,695 INFO  main                             - The module lookout does not need to be loaded.
2018-12-04 18:31:11,711 INFO  main                             - Install Module: sofaTracer
2018-12-04 18:31:11,758 INFO  main                             - Refer consumer config : bolt://cloud.provider.facade.CallerService: with bean id callerService
2018-12-04 18:31:11,773 INFO  main                             - Extension of extensible com.alipay.sofa.rpc.client.Router with alias registry: class com.alipay.sofa.rpc.router.DsrRegistryRouter has been loaded, ignore origin class com.alipay.sofa.rpc.client.router.RegistryRouter
2018-12-04 18:31:11,789 INFO  main                             - Extension of extensible com.alipay.sofa.rpc.registry.Registry with alias mesh: class com.alipay.sofa.rpc.registry.mesh.EnterpriseMeshRegistry has been loaded, ignore origin class com.alipay.sofa.rpc.registry.mesh.MeshRegistry
2018-12-04 18:31:13,430 INFO  main                             - transmit will not start with config is null
2018-12-04 18:32:17,149 INFO  http-nio-8090-exec-3             - Load tracer impl success: sofaTracer, com.alipay.sofa.rpc.tracer.log.sofatracer.EnterpriseRpcSofaTracer@4a5503be
2018-12-04 18:32:17,493 INFO  SOFA-SEV-BOLT-BIZ-12200-3-T1     - Load tracer impl success: sofaTracer, com.alipay.sofa.rpc.tracer.log.sofatracer.EnterpriseRpcSofaTracer@78760a32
