2018-12-04 18:17:01,443 ERROR main                             - Health check callback error
com.alipay.sofa.rpc.core.exception.SofaRpcRuntimeException: Failed to start bolt server, see more detail from bolt log.
	at com.alipay.sofa.rpc.server.bolt.BoltServer.start(BoltServer.java:121)
	at com.alipay.sofa.rpc.boot.container.ServerConfigContainer.startServers(ServerConfigContainer.java:84)
	at com.alipay.boot.sofarpc.spring.listener.RpcStartedListener.onApplicationEvent(RpcStartedListener.java:65)
	at com.alipay.boot.sofarpc.spring.listener.RpcStartedListener.onApplicationEvent(RpcStartedListener.java:38)
	at org.springframework.context.event.SimpleApplicationEventMulticaster.doInvokeListener(SimpleApplicationEventMulticaster.java:172)
	at org.springframework.context.event.SimpleApplicationEventMulticaster.invokeListener(SimpleApplicationEventMulticaster.java:165)
	at org.springframework.context.event.SimpleApplicationEventMulticaster.multicastEvent(SimpleApplicationEventMulticaster.java:139)
	at org.springframework.context.support.AbstractApplicationContext.publishEvent(AbstractApplicationContext.java:393)
	at org.springframework.context.support.AbstractApplicationContext.publishEvent(AbstractApplicationContext.java:347)
	at com.alipay.sofa.rpc.boot.health.RpcAfterHealthCheckCallback.onHealthy(RpcAfterHealthCheckCallback.java:50)
	at com.alipay.sofa.healthcheck.core.AfterHealthCheckCallbackProcessor.doHealthCheckCallback(AfterHealthCheckCallbackProcessor.java:161)
	at com.alipay.sofa.healthcheck.core.AfterHealthCheckCallbackProcessor.middlewareAfterHealthCheckCallback(AfterHealthCheckCallbackProcessor.java:119)
	at com.alipay.sofa.healthcheck.core.AfterHealthCheckCallbackProcessor.afterReadinessCheckCallback(AfterHealthCheckCallbackProcessor.java:96)
	at com.alipay.sofa.healthcheck.startup.ReadinessCheckListener.readinessHealthCheck(ReadinessCheckListener.java:126)
	at com.alipay.sofa.healthcheck.startup.ReadinessCheckListener.onApplicationEvent(ReadinessCheckListener.java:95)
	at com.alipay.sofa.healthcheck.startup.ReadinessCheckListener.onApplicationEvent(ReadinessCheckListener.java:43)
	at org.springframework.context.event.SimpleApplicationEventMulticaster.doInvokeListener(SimpleApplicationEventMulticaster.java:172)
	at org.springframework.context.event.SimpleApplicationEventMulticaster.invokeListener(SimpleApplicationEventMulticaster.java:165)
	at org.springframework.context.event.SimpleApplicationEventMulticaster.multicastEvent(SimpleApplicationEventMulticaster.java:139)
	at org.springframework.context.support.AbstractApplicationContext.publishEvent(AbstractApplicationContext.java:393)
	at org.springframework.context.support.AbstractApplicationContext.publishEvent(AbstractApplicationContext.java:347)
	at org.springframework.context.support.AbstractApplicationContext.finishRefresh(AbstractApplicationContext.java:883)
	at org.springframework.boot.context.embedded.EmbeddedWebApplicationContext.finishRefresh(EmbeddedWebApplicationContext.java:144)
	at org.springframework.context.support.AbstractApplicationContext.refresh(AbstractApplicationContext.java:546)
	at org.springframework.boot.context.embedded.EmbeddedWebApplicationContext.refresh(EmbeddedWebApplicationContext.java:122)
	at org.springframework.boot.SpringApplication.refresh(SpringApplication.java:693)
	at org.springframework.boot.SpringApplication.refreshContext(SpringApplication.java:360)
	at org.springframework.boot.SpringApplication.run(SpringApplication.java:303)
	at cloud.consumer.SOFABootWebSpringApplication.main(SOFABootWebSpringApplication.java:22)
2018-12-04 18:19:17,227 ERROR main                             - Health check callback error
com.alipay.sofa.rpc.core.exception.SofaRpcRuntimeException: Failed to start bolt server, see more detail from bolt log.
	at com.alipay.sofa.rpc.server.bolt.BoltServer.start(BoltServer.java:121)
	at com.alipay.sofa.rpc.boot.container.ServerConfigContainer.startServers(ServerConfigContainer.java:84)
	at com.alipay.boot.sofarpc.spring.listener.RpcStartedListener.onApplicationEvent(RpcStartedListener.java:65)
	at com.alipay.boot.sofarpc.spring.listener.RpcStartedListener.onApplicationEvent(RpcStartedListener.java:38)
	at org.springframework.context.event.SimpleApplicationEventMulticaster.doInvokeListener(SimpleApplicationEventMulticaster.java:172)
	at org.springframework.context.event.SimpleApplicationEventMulticaster.invokeListener(SimpleApplicationEventMulticaster.java:165)
	at org.springframework.context.event.SimpleApplicationEventMulticaster.multicastEvent(SimpleApplicationEventMulticaster.java:139)
	at org.springframework.context.support.AbstractApplicationContext.publishEvent(AbstractApplicationContext.java:393)
	at org.springframework.context.support.AbstractApplicationContext.publishEvent(AbstractApplicationContext.java:347)
	at com.alipay.sofa.rpc.boot.health.RpcAfterHealthCheckCallback.onHealthy(RpcAfterHealthCheckCallback.java:50)
	at com.alipay.sofa.healthcheck.core.AfterHealthCheckCallbackProcessor.doHealthCheckCallback(AfterHealthCheckCallbackProcessor.java:161)
	at com.alipay.sofa.healthcheck.core.AfterHealthCheckCallbackProcessor.middlewareAfterHealthCheckCallback(AfterHealthCheckCallbackProcessor.java:119)
	at com.alipay.sofa.healthcheck.core.AfterHealthCheckCallbackProcessor.afterReadinessCheckCallback(AfterHealthCheckCallbackProcessor.java:96)
	at com.alipay.sofa.healthcheck.startup.ReadinessCheckListener.readinessHealthCheck(ReadinessCheckListener.java:126)
	at com.alipay.sofa.healthcheck.startup.ReadinessCheckListener.onApplicationEvent(ReadinessCheckListener.java:95)
	at com.alipay.sofa.healthcheck.startup.ReadinessCheckListener.onApplicationEvent(ReadinessCheckListener.java:43)
	at org.springframework.context.event.SimpleApplicationEventMulticaster.doInvokeListener(SimpleApplicationEventMulticaster.java:172)
	at org.springframework.context.event.SimpleApplicationEventMulticaster.invokeListener(SimpleApplicationEventMulticaster.java:165)
	at org.springframework.context.event.SimpleApplicationEventMulticaster.multicastEvent(SimpleApplicationEventMulticaster.java:139)
	at org.springframework.context.support.AbstractApplicationContext.publishEvent(AbstractApplicationContext.java:393)
	at org.springframework.context.support.AbstractApplicationContext.publishEvent(AbstractApplicationContext.java:347)
	at org.springframework.context.support.AbstractApplicationContext.finishRefresh(AbstractApplicationContext.java:883)
	at org.springframework.boot.context.embedded.EmbeddedWebApplicationContext.finishRefresh(EmbeddedWebApplicationContext.java:144)
	at org.springframework.context.support.AbstractApplicationContext.refresh(AbstractApplicationContext.java:546)
	at org.springframework.boot.context.embedded.EmbeddedWebApplicationContext.refresh(EmbeddedWebApplicationContext.java:122)
	at org.springframework.boot.SpringApplication.refresh(SpringApplication.java:693)
	at org.springframework.boot.SpringApplication.refreshContext(SpringApplication.java:360)
	at org.springframework.boot.SpringApplication.run(SpringApplication.java:303)
	at cloud.provider.SOFABootSpringApplication.main(SOFABootSpringApplication.java:18)
2018-12-04 18:31:14,305 ERROR main                             - Health check callback error
com.alipay.sofa.rpc.core.exception.SofaRpcRuntimeException: Failed to start bolt server, see more detail from bolt log.
	at com.alipay.sofa.rpc.server.bolt.BoltServer.start(BoltServer.java:121)
	at com.alipay.sofa.rpc.boot.container.ServerConfigContainer.startServers(ServerConfigContainer.java:84)
	at com.alipay.boot.sofarpc.spring.listener.RpcStartedListener.onApplicationEvent(RpcStartedListener.java:65)
	at com.alipay.boot.sofarpc.spring.listener.RpcStartedListener.onApplicationEvent(RpcStartedListener.java:38)
	at org.springframework.context.event.SimpleApplicationEventMulticaster.doInvokeListener(SimpleApplicationEventMulticaster.java:172)
	at org.springframework.context.event.SimpleApplicationEventMulticaster.invokeListener(SimpleApplicationEventMulticaster.java:165)
	at org.springframework.context.event.SimpleApplicationEventMulticaster.multicastEvent(SimpleApplicationEventMulticaster.java:139)
	at org.springframework.context.support.AbstractApplicationContext.publishEvent(AbstractApplicationContext.java:393)
	at org.springframework.context.support.AbstractApplicationContext.publishEvent(AbstractApplicationContext.java:347)
	at com.alipay.sofa.rpc.boot.health.RpcAfterHealthCheckCallback.onHealthy(RpcAfterHealthCheckCallback.java:50)
	at com.alipay.sofa.healthcheck.core.AfterHealthCheckCallbackProcessor.doHealthCheckCallback(AfterHealthCheckCallbackProcessor.java:161)
	at com.alipay.sofa.healthcheck.core.AfterHealthCheckCallbackProcessor.middlewareAfterHealthCheckCallback(AfterHealthCheckCallbackProcessor.java:119)
	at com.alipay.sofa.healthcheck.core.AfterHealthCheckCallbackProcessor.afterReadinessCheckCallback(AfterHealthCheckCallbackProcessor.java:96)
	at com.alipay.sofa.healthcheck.startup.ReadinessCheckListener.readinessHealthCheck(ReadinessCheckListener.java:126)
	at com.alipay.sofa.healthcheck.startup.ReadinessCheckListener.onApplicationEvent(ReadinessCheckListener.java:95)
	at com.alipay.sofa.healthcheck.startup.ReadinessCheckListener.onApplicationEvent(ReadinessCheckListener.java:43)
	at org.springframework.context.event.SimpleApplicationEventMulticaster.doInvokeListener(SimpleApplicationEventMulticaster.java:172)
	at org.springframework.context.event.SimpleApplicationEventMulticaster.invokeListener(SimpleApplicationEventMulticaster.java:165)
	at org.springframework.context.event.SimpleApplicationEventMulticaster.multicastEvent(SimpleApplicationEventMulticaster.java:139)
	at org.springframework.context.support.AbstractApplicationContext.publishEvent(AbstractApplicationContext.java:393)
	at org.springframework.context.support.AbstractApplicationContext.publishEvent(AbstractApplicationContext.java:347)
	at org.springframework.context.support.AbstractApplicationContext.finishRefresh(AbstractApplicationContext.java:883)
	at org.springframework.boot.context.embedded.EmbeddedWebApplicationContext.finishRefresh(EmbeddedWebApplicationContext.java:144)
	at org.springframework.context.support.AbstractApplicationContext.refresh(AbstractApplicationContext.java:546)
	at org.springframework.boot.context.embedded.EmbeddedWebApplicationContext.refresh(EmbeddedWebApplicationContext.java:122)
	at org.springframework.boot.SpringApplication.refresh(SpringApplication.java:693)
	at org.springframework.boot.SpringApplication.refreshContext(SpringApplication.java:360)
	at org.springframework.boot.SpringApplication.run(SpringApplication.java:303)
	at cloud.consumer.SOFABootWebSpringApplication.main(SOFABootWebSpringApplication.java:22)
