{"time":"2018-12-04 18:17:59.109","stat.key":{"method":"GET","local.app":"xingye-sofa-rpc-consumer","request.url":"http://localhost:8090/favicon.ico"},"count":1,"total.cost.milliseconds":69,"success":"true","load.test":"F"}
{"time":"2018-12-04 18:17:59.109","stat.key":{"method":"GET","local.app":"xingye-sofa-rpc-consumer","request.url":"http://localhost:8090/index.html"},"count":1,"total.cost.milliseconds":49,"success":"true","load.test":"F"}
{"time":"2018-12-04 18:19:59.780","stat.key":{"method":"GET","local.app":"xingye-sofa-rpc-consumer","request.url":"http://localhost:8090/callrpc/datasource"},"count":1,"total.cost.milliseconds":47,"success":"false","load.test":"F"}
{"time":"2018-12-04 18:19:59.780","stat.key":{"method":"GET","local.app":"xingye-sofa-rpc-consumer","request.url":"http://localhost:8090/callrpc/hellorpc"},"count":1,"total.cost.milliseconds":7,"success":"false","load.test":"F"}
{"time":"2018-12-04 18:19:59.781","stat.key":{"method":"GET","local.app":"xingye-sofa-rpc-consumer","request.url":"http://localhost:8090/datasource"},"count":1,"total.cost.milliseconds":27,"success":"false","load.test":"F"}
{"time":"2018-12-04 18:20:59.790","stat.key":{"method":"GET","local.app":"xingye-sofa-rpc-consumer","request.url":"http://localhost:8090/favicon.ico"},"count":1,"total.cost.milliseconds":15,"success":"true","load.test":"F"}
{"time":"2018-12-04 18:20:59.790","stat.key":{"method":"GET","local.app":"xingye-sofa-rpc-consumer","request.url":"http://localhost:8090/callrpc/hellorpc"},"count":3,"total.cost.milliseconds":15,"success":"false","load.test":"F"}
{"time":"2018-12-04 18:24:59.782","stat.key":{"method":"GET","local.app":"xingye-sofa-rpc-consumer","request.url":"http://localhost:8090/callrpc/hellorpc"},"count":1,"total.cost.milliseconds":4,"success":"false","load.test":"F"}
{"time":"2018-12-04 18:31:44.446","stat.key":{"method":"GET","local.app":"bank-sofa-provider","request.url":"http://localhost:9999/"},"count":1,"total.cost.milliseconds":32,"success":"false","load.test":"F"}
{"time":"2018-12-04 18:31:44.508","stat.key":{"method":"GET","local.app":"bank-sofa-provider","request.url":"http://localhost:9999/favicon.ico"},"count":1,"total.cost.milliseconds":16,"success":"true","load.test":"F"}
{"time":"2018-12-04 18:32:11.712","stat.key":{"method":"GET","local.app":"xingye-sofa-rpc-consumer","request.url":"http://localhost:8090/callrpc"},"count":1,"total.cost.milliseconds":0,"success":"false","load.test":"F"}
{"time":"2018-12-04 18:32:11.712","stat.key":{"method":"GET","local.app":"xingye-sofa-rpc-consumer","request.url":"http://localhost:8090/favicon.ico"},"count":1,"total.cost.milliseconds":63,"success":"true","load.test":"F"}
{"time":"2018-12-04 18:32:11.712","stat.key":{"method":"GET","local.app":"xingye-sofa-rpc-consumer","request.url":"http://localhost:8090/index.html"},"count":1,"total.cost.milliseconds":125,"success":"true","load.test":"F"}
{"time":"2018-12-04 18:33:11.714","stat.key":{"method":"GET","local.app":"xingye-sofa-rpc-consumer","request.url":"http://localhost:8090/callrpc/hellorpc"},"count":1,"total.cost.milliseconds":407,"success":"true","load.test":"F"}
{"time":"2018-12-04 18:35:11.712","stat.key":{"method":"GET","local.app":"xingye-sofa-rpc-consumer","request.url":"http://localhost:8090/callrpc/hellorpc"},"count":1,"total.cost.milliseconds":16,"success":"true","load.test":"F"}
{"time":"2018-12-04 18:36:11.718","stat.key":{"method":"GET","local.app":"xingye-sofa-rpc-consumer","request.url":"http://localhost:8090/index.html"},"count":1,"total.cost.milliseconds":141,"success":"false","load.test":"F"}
{"time":"2018-12-04 18:36:11.718","stat.key":{"method":"GET","local.app":"xingye-sofa-rpc-consumer","request.url":"http://localhost:8090/callrpc/hellorpc"},"count":3,"total.cost.milliseconds":16,"success":"true","load.test":"F"}
{"time":"2018-12-04 18:37:11.707","stat.key":{"method":"GET","local.app":"xingye-sofa-rpc-consumer","request.url":"http://localhost:8090/callrpc/hellorpc"},"count":1,"total.cost.milliseconds":15,"success":"true","load.test":"F"}
{"time":"2018-12-04 18:38:11.711","stat.key":{"method":"GET","local.app":"xingye-sofa-rpc-consumer","request.url":"http://localhost:8090/callrpc/datasource"},"count":1,"total.cost.milliseconds":25,"success":"true","load.test":"F"}
{"time":"2018-12-04 18:38:11.711","stat.key":{"method":"GET","local.app":"xingye-sofa-rpc-consumer","request.url":"http://localhost:8090/callrpc/hellorpc"},"count":1,"total.cost.milliseconds":10,"success":"true","load.test":"F"}
