2018-12-04 17:40:01,059 INFO  main                             - SOFABoot HealthCheck Starting!
2018-12-04 17:40:03,636 INFO  main                             - Found 1 HealthChecker implementation:sofaComponentHealthChecker
2018-12-04 17:40:03,636 INFO  main                             - Found 2 HealthIndicator implementation:sofaBootHealthIndicator,diskSpaceHealthIndicator
2018-12-04 17:40:03,636 INFO  main                             - Found 1 SofaBootMiddlewareAfterReadinessCheckCallback implementation:rpcAfterHealthCheckCallback
2018-12-04 17:40:03,636 INFO  main                             - Found 0 SofaBootAfterReadinessCheckCallback implementation
2018-12-04 17:40:03,636 INFO  main                             - Start to publish SofaBootBeforeReadinessCheckEvent.
2018-12-04 17:40:03,636 INFO  main                             - Begin SOFABoot HealthChecker readiness check.
2018-12-04 17:40:03,636 INFO  main                             - HealthChecker[sofaComponentHealthChecker] readiness check fail with 0 retry.
2018-12-04 17:40:04,636 INFO  main                             - HealthChecker[sofaComponentHealthChecker] readiness check fail with 1 retry.
2018-12-04 17:40:05,637 INFO  main                             - HealthChecker[sofaComponentHealthChecker] readiness check fail with 2 retry.
2018-12-04 17:40:06,638 INFO  main                             - HealthChecker[sofaComponentHealthChecker] readiness check fail with 3 retry.
2018-12-04 17:40:07,639 INFO  main                             - HealthChecker[sofaComponentHealthChecker] readiness check fail with 4 retry.
2018-12-04 17:40:08,640 INFO  main                             - HealthChecker[sofaComponentHealthChecker] readiness check fail with 5 retry.
2018-12-04 17:40:09,653 INFO  main                             - HealthChecker[sofaComponentHealthChecker] readiness check fail with 6 retry.
2018-12-04 17:40:10,653 INFO  main                             - HealthChecker[sofaComponentHealthChecker] readiness check fail with 7 retry.
2018-12-04 17:40:11,654 INFO  main                             - HealthChecker[sofaComponentHealthChecker] readiness check fail with 8 retry.
2018-12-04 17:40:12,654 INFO  main                             - HealthChecker[sofaComponentHealthChecker] readiness check fail with 9 retry.
2018-12-04 17:40:13,655 INFO  main                             - HealthChecker[sofaComponentHealthChecker] readiness check fail with 10 retry.
2018-12-04 17:40:14,656 INFO  main                             - HealthChecker[sofaComponentHealthChecker] readiness check fail with 11 retry.
2018-12-04 17:40:15,656 INFO  main                             - HealthChecker[sofaComponentHealthChecker] readiness check fail with 12 retry.
2018-12-04 17:40:16,656 INFO  main                             - HealthChecker[sofaComponentHealthChecker] readiness check fail with 13 retry.
2018-12-04 17:40:17,669 INFO  main                             - HealthChecker[sofaComponentHealthChecker] readiness check fail with 14 retry.
2018-12-04 17:40:18,670 INFO  main                             - HealthChecker[sofaComponentHealthChecker] readiness check fail with 15 retry.
2018-12-04 17:40:19,670 INFO  main                             - HealthChecker[sofaComponentHealthChecker] readiness check fail with 16 retry.
2018-12-04 17:40:20,670 INFO  main                             - HealthChecker[sofaComponentHealthChecker] readiness check fail with 17 retry.
2018-12-04 17:40:21,671 INFO  main                             - HealthChecker[sofaComponentHealthChecker] readiness check fail with 18 retry.
2018-12-04 17:40:22,682 INFO  main                             - HealthChecker[sofaComponentHealthChecker] readiness check fail with 19 retry.
2018-12-04 17:40:23,689 ERROR main                             - HealthChecker[sofaComponentHealthChecker] readiness check fail with 20 retry; fail details:{"service:cloud.provider.facade.CallerService":"Status: REGISTERED"}; strict mode:true
2018-12-04 17:40:23,689 ERROR main                             - SOFABoot HealthChecker readiness check result: failed.
2018-12-04 17:40:23,689 INFO  main                             - Begin SOFABoot HealthIndicator readiness check.
2018-12-04 17:40:23,689 INFO  main                             - HealthIndicator[diskSpaceHealthIndicator] readiness check success.
2018-12-04 17:40:23,689 INFO  main                             - SOFABoot HealthIndicator readiness check result: success.
2018-12-04 17:40:23,689 INFO  main                             - Begin SOFABoot ReadinessCheckCallback check.
2018-12-04 17:40:23,689 INFO  main                             - Begin SofaBootMiddlewareAfterReadinessCheckCallback check
2018-12-04 17:40:24,604 INFO  main                             - SOFABoot ReadinessCheckCallback[rpcAfterHealthCheckCallback] check success.
2018-12-04 17:40:24,604 INFO  main                             - SofaBootMiddlewareAfterReadinessCheckCallback check result: success.
2018-12-04 17:40:24,604 INFO  main                             - Begin SofaBootAfterReadinessCheckCallback readiness check
2018-12-04 17:40:24,604 INFO  main                             - SofaBootAfterReadinessCheckCallback readiness check result: success.
2018-12-04 17:40:24,604 INFO  main                             - SOFABoot ReadinessCheckCallback check: success.
2018-12-04 17:40:24,604 ERROR main                             - Readiness check result: fail
2018-12-04 17:40:25,124 INFO  RMI TCP Connection(6)-127.0.0.1  - Begin SOFABoot HealthChecker liveness check.
2018-12-04 17:40:25,125 INFO  RMI TCP Connection(6)-127.0.0.1  - HealthChecker[sofaComponentHealthChecker] liveness check fail with 0 retry.
2018-12-04 17:40:25,125 ERROR RMI TCP Connection(6)-127.0.0.1  - HealthChecker[sofaComponentHealthChecker] liveness check fail with 0 retry; fail details:{"service:cloud.provider.facade.CallerService":"Status: REGISTERED"}; strict mode:true
2018-12-04 17:40:25,125 ERROR RMI TCP Connection(6)-127.0.0.1  - SOFABoot HealthChecker liveness check result: failed.
2018-12-04 17:40:59,101 INFO  main                             - SOFABoot HealthCheck Starting!
2018-12-04 17:41:42,414 INFO  main                             - SOFABoot HealthCheck Starting!
2018-12-04 17:41:44,505 INFO  main                             - Found 1 HealthChecker implementation:sofaComponentHealthChecker
2018-12-04 17:41:44,505 INFO  main                             - Found 2 HealthIndicator implementation:sofaBootHealthIndicator,diskSpaceHealthIndicator
2018-12-04 17:41:44,505 INFO  main                             - Found 1 SofaBootMiddlewareAfterReadinessCheckCallback implementation:rpcAfterHealthCheckCallback
2018-12-04 17:41:44,505 INFO  main                             - Found 0 SofaBootAfterReadinessCheckCallback implementation
2018-12-04 17:41:44,505 INFO  main                             - Start to publish SofaBootBeforeReadinessCheckEvent.
2018-12-04 17:41:44,505 INFO  main                             - Begin SOFABoot HealthChecker readiness check.
2018-12-04 17:41:44,505 INFO  main                             - HealthChecker[sofaComponentHealthChecker] readiness check fail with 0 retry.
2018-12-04 17:41:45,505 INFO  main                             - HealthChecker[sofaComponentHealthChecker] readiness check fail with 1 retry.
2018-12-04 17:41:46,506 INFO  main                             - HealthChecker[sofaComponentHealthChecker] readiness check fail with 2 retry.
2018-12-04 17:41:47,506 INFO  main                             - HealthChecker[sofaComponentHealthChecker] readiness check fail with 3 retry.
2018-12-04 17:41:48,506 INFO  main                             - HealthChecker[sofaComponentHealthChecker] readiness check fail with 4 retry.
2018-12-04 17:41:49,520 INFO  main                             - HealthChecker[sofaComponentHealthChecker] readiness check fail with 5 retry.
2018-12-04 17:41:50,520 INFO  main                             - HealthChecker[sofaComponentHealthChecker] readiness check fail with 6 retry.
2018-12-04 17:41:51,521 INFO  main                             - HealthChecker[sofaComponentHealthChecker] readiness check fail with 7 retry.
2018-12-04 17:41:52,521 INFO  main                             - HealthChecker[sofaComponentHealthChecker] readiness check fail with 8 retry.
2018-12-04 17:41:53,521 INFO  main                             - HealthChecker[sofaComponentHealthChecker] readiness check fail with 9 retry.
2018-12-04 17:41:54,522 INFO  main                             - HealthChecker[sofaComponentHealthChecker] readiness check fail with 10 retry.
2018-12-04 17:41:55,534 INFO  main                             - HealthChecker[sofaComponentHealthChecker] readiness check fail with 11 retry.
2018-12-04 17:41:56,535 INFO  main                             - HealthChecker[sofaComponentHealthChecker] readiness check fail with 12 retry.
2018-12-04 17:41:57,535 INFO  main                             - HealthChecker[sofaComponentHealthChecker] readiness check fail with 13 retry.
2018-12-04 17:41:58,535 INFO  main                             - HealthChecker[sofaComponentHealthChecker] readiness check fail with 14 retry.
2018-12-04 17:41:59,547 INFO  main                             - HealthChecker[sofaComponentHealthChecker] readiness check fail with 15 retry.
2018-12-04 17:42:00,553 INFO  main                             - HealthChecker[sofaComponentHealthChecker] readiness check fail with 16 retry.
2018-12-04 17:42:01,553 INFO  main                             - HealthChecker[sofaComponentHealthChecker] readiness check fail with 17 retry.
2018-12-04 17:42:02,554 INFO  main                             - HealthChecker[sofaComponentHealthChecker] readiness check fail with 18 retry.
2018-12-04 17:42:03,554 INFO  main                             - HealthChecker[sofaComponentHealthChecker] readiness check fail with 19 retry.
2018-12-04 17:42:04,565 ERROR main                             - HealthChecker[sofaComponentHealthChecker] readiness check fail with 20 retry; fail details:{"service:cloud.provider.facade.CallerService":"Status: REGISTERED"}; strict mode:true
2018-12-04 17:42:04,566 ERROR main                             - SOFABoot HealthChecker readiness check result: failed.
2018-12-04 17:42:04,566 INFO  main                             - Begin SOFABoot HealthIndicator readiness check.
2018-12-04 17:42:04,568 INFO  main                             - HealthIndicator[diskSpaceHealthIndicator] readiness check success.
2018-12-04 17:42:04,568 INFO  main                             - SOFABoot HealthIndicator readiness check result: success.
2018-12-04 17:42:04,568 INFO  main                             - Begin SOFABoot ReadinessCheckCallback check.
2018-12-04 17:42:04,568 INFO  main                             - Begin SofaBootMiddlewareAfterReadinessCheckCallback check
2018-12-04 17:42:05,454 INFO  main                             - SOFABoot ReadinessCheckCallback[rpcAfterHealthCheckCallback] check success.
2018-12-04 17:42:05,454 INFO  main                             - SofaBootMiddlewareAfterReadinessCheckCallback check result: success.
2018-12-04 17:42:05,454 INFO  main                             - Begin SofaBootAfterReadinessCheckCallback readiness check
2018-12-04 17:42:05,454 INFO  main                             - SofaBootAfterReadinessCheckCallback readiness check result: success.
2018-12-04 17:42:05,454 INFO  main                             - SOFABoot ReadinessCheckCallback check: success.
2018-12-04 17:42:05,454 ERROR main                             - Readiness check result: fail
2018-12-04 17:42:05,720 INFO  RMI TCP Connection(10)-127.0.0.1 - Begin SOFABoot HealthChecker liveness check.
2018-12-04 17:42:05,720 INFO  RMI TCP Connection(10)-127.0.0.1 - HealthChecker[sofaComponentHealthChecker] liveness check fail with 0 retry.
2018-12-04 17:42:05,720 ERROR RMI TCP Connection(10)-127.0.0.1 - HealthChecker[sofaComponentHealthChecker] liveness check fail with 0 retry; fail details:{"service:cloud.provider.facade.CallerService":"Status: REGISTERED"}; strict mode:true
2018-12-04 17:42:05,720 ERROR RMI TCP Connection(10)-127.0.0.1 - SOFABoot HealthChecker liveness check result: failed.
2018-12-04 17:42:35,043 INFO  main                             - SOFABoot HealthCheck Starting!
2018-12-04 17:47:59,274 INFO  main                             - SOFABoot HealthCheck Starting!
2018-12-04 17:48:01,355 INFO  main                             - Found 1 HealthChecker implementation:sofaComponentHealthChecker
2018-12-04 17:48:01,355 INFO  main                             - Found 2 HealthIndicator implementation:sofaBootHealthIndicator,diskSpaceHealthIndicator
2018-12-04 17:48:01,355 INFO  main                             - Found 1 SofaBootMiddlewareAfterReadinessCheckCallback implementation:rpcAfterHealthCheckCallback
2018-12-04 17:48:01,355 INFO  main                             - Found 0 SofaBootAfterReadinessCheckCallback implementation
2018-12-04 17:48:01,355 INFO  main                             - Start to publish SofaBootBeforeReadinessCheckEvent.
2018-12-04 17:48:01,355 INFO  main                             - Begin SOFABoot HealthChecker readiness check.
2018-12-04 17:48:01,355 INFO  main                             - HealthChecker[sofaComponentHealthChecker] readiness check fail with 0 retry.
2018-12-04 17:48:02,360 INFO  main                             - HealthChecker[sofaComponentHealthChecker] readiness check fail with 1 retry.
2018-12-04 17:48:03,361 INFO  main                             - HealthChecker[sofaComponentHealthChecker] readiness check fail with 2 retry.
2018-12-04 17:48:04,361 INFO  main                             - HealthChecker[sofaComponentHealthChecker] readiness check fail with 3 retry.
2018-12-04 17:48:05,361 INFO  main                             - HealthChecker[sofaComponentHealthChecker] readiness check fail with 4 retry.
2018-12-04 17:48:06,362 INFO  main                             - HealthChecker[sofaComponentHealthChecker] readiness check fail with 5 retry.
2018-12-04 17:48:07,371 INFO  main                             - HealthChecker[sofaComponentHealthChecker] readiness check fail with 6 retry.
2018-12-04 17:48:08,372 INFO  main                             - HealthChecker[sofaComponentHealthChecker] readiness check fail with 7 retry.
2018-12-04 17:48:09,372 INFO  main                             - HealthChecker[sofaComponentHealthChecker] readiness check fail with 8 retry.
2018-12-04 17:48:10,372 INFO  main                             - HealthChecker[sofaComponentHealthChecker] readiness check fail with 9 retry.
2018-12-04 17:48:11,372 INFO  main                             - HealthChecker[sofaComponentHealthChecker] readiness check fail with 10 retry.
2018-12-04 17:48:12,372 INFO  main                             - HealthChecker[sofaComponentHealthChecker] readiness check fail with 11 retry.
2018-12-04 17:48:13,374 INFO  main                             - HealthChecker[sofaComponentHealthChecker] readiness check fail with 12 retry.
2018-12-04 17:48:14,374 INFO  main                             - HealthChecker[sofaComponentHealthChecker] readiness check fail with 13 retry.
2018-12-04 17:48:15,375 INFO  main                             - HealthChecker[sofaComponentHealthChecker] readiness check fail with 14 retry.
2018-12-04 17:48:16,376 INFO  main                             - HealthChecker[sofaComponentHealthChecker] readiness check fail with 15 retry.
2018-12-04 17:48:17,376 INFO  main                             - HealthChecker[sofaComponentHealthChecker] readiness check fail with 16 retry.
2018-12-04 17:48:18,391 INFO  main                             - HealthChecker[sofaComponentHealthChecker] readiness check fail with 17 retry.
2018-12-04 17:48:19,391 INFO  main                             - HealthChecker[sofaComponentHealthChecker] readiness check fail with 18 retry.
2018-12-04 17:48:20,392 INFO  main                             - HealthChecker[sofaComponentHealthChecker] readiness check fail with 19 retry.
2018-12-04 17:48:21,406 ERROR main                             - HealthChecker[sofaComponentHealthChecker] readiness check fail with 20 retry; fail details:{"service:cloud.provider.facade.CallerService":"Status: REGISTERED"}; strict mode:true
2018-12-04 17:48:21,406 ERROR main                             - SOFABoot HealthChecker readiness check result: failed.
2018-12-04 17:48:21,406 INFO  main                             - Begin SOFABoot HealthIndicator readiness check.
2018-12-04 17:48:21,409 INFO  main                             - HealthIndicator[diskSpaceHealthIndicator] readiness check success.
2018-12-04 17:48:21,409 INFO  main                             - SOFABoot HealthIndicator readiness check result: success.
2018-12-04 17:48:21,409 INFO  main                             - Begin SOFABoot ReadinessCheckCallback check.
2018-12-04 17:48:21,409 INFO  main                             - Begin SofaBootMiddlewareAfterReadinessCheckCallback check
2018-12-04 17:48:22,315 INFO  main                             - SOFABoot ReadinessCheckCallback[rpcAfterHealthCheckCallback] check success.
2018-12-04 17:48:22,315 INFO  main                             - SofaBootMiddlewareAfterReadinessCheckCallback check result: success.
2018-12-04 17:48:22,315 INFO  main                             - Begin SofaBootAfterReadinessCheckCallback readiness check
2018-12-04 17:48:22,315 INFO  main                             - SofaBootAfterReadinessCheckCallback readiness check result: success.
2018-12-04 17:48:22,315 INFO  main                             - SOFABoot ReadinessCheckCallback check: success.
2018-12-04 17:48:22,315 ERROR main                             - Readiness check result: fail
2018-12-04 17:48:22,539 INFO  RMI TCP Connection(4)-127.0.0.1  - Begin SOFABoot HealthChecker liveness check.
2018-12-04 17:48:22,539 INFO  RMI TCP Connection(4)-127.0.0.1  - HealthChecker[sofaComponentHealthChecker] liveness check fail with 0 retry.
2018-12-04 17:48:22,539 ERROR RMI TCP Connection(4)-127.0.0.1  - HealthChecker[sofaComponentHealthChecker] liveness check fail with 0 retry; fail details:{"service:cloud.provider.facade.CallerService":"Status: REGISTERED"}; strict mode:true
2018-12-04 17:48:22,539 ERROR RMI TCP Connection(4)-127.0.0.1  - SOFABoot HealthChecker liveness check result: failed.
2018-12-04 17:48:33,727 INFO  main                             - SOFABoot HealthCheck Starting!
2018-12-04 17:50:44,058 INFO  main                             - SOFABoot HealthCheck Starting!
2018-12-04 17:53:06,680 INFO  main                             - SOFABoot HealthCheck Starting!
2018-12-04 18:16:56,540 INFO  main                             - SOFABoot HealthCheck Starting!
2018-12-04 18:17:00,641 INFO  main                             - Found 1 HealthChecker implementation:sofaComponentHealthChecker
2018-12-04 18:17:00,642 INFO  main                             - Found 2 HealthIndicator implementation:sofaBootHealthIndicator,diskSpaceHealthIndicator
2018-12-04 18:17:00,643 INFO  main                             - Found 1 SofaBootMiddlewareAfterReadinessCheckCallback implementation:rpcAfterHealthCheckCallback
2018-12-04 18:17:00,643 INFO  main                             - Found 0 SofaBootAfterReadinessCheckCallback implementation
2018-12-04 18:17:00,643 INFO  main                             - Start to publish SofaBootBeforeReadinessCheckEvent.
2018-12-04 18:17:00,644 INFO  main                             - Begin SOFABoot HealthChecker readiness check.
2018-12-04 18:17:00,645 INFO  main                             - HealthChecker[sofaComponentHealthChecker] readiness check success with 0 retry.
2018-12-04 18:17:00,645 INFO  main                             - SOFABoot HealthChecker readiness check result: success.
2018-12-04 18:17:00,645 INFO  main                             - Begin SOFABoot HealthIndicator readiness check.
2018-12-04 18:17:00,648 INFO  main                             - HealthIndicator[diskSpaceHealthIndicator] readiness check success.
2018-12-04 18:17:00,648 INFO  main                             - SOFABoot HealthIndicator readiness check result: success.
2018-12-04 18:17:00,648 INFO  main                             - Begin SOFABoot ReadinessCheckCallback check.
2018-12-04 18:17:00,648 INFO  main                             - Begin SofaBootMiddlewareAfterReadinessCheckCallback check
2018-12-04 18:17:01,457 ERROR main                             - SOFABoot ReadinessCheckCallback[rpcAfterHealthCheckCallback] check failed, the details is: {"Exception":"Failed to start bolt server, see more detail from bolt log."}.
2018-12-04 18:17:01,457 ERROR main                             - SofaBootMiddlewareAfterReadinessCheckCallback check result: failed.
2018-12-04 18:17:01,457 INFO  main                             - Begin SofaBootAfterReadinessCheckCallback readiness check
2018-12-04 18:17:01,457 INFO  main                             - SofaBootAfterReadinessCheckCallback readiness check result: success.
2018-12-04 18:17:01,457 ERROR main                             - SOFABoot ReadinessCheckCallback check: failed.
2018-12-04 18:17:01,457 ERROR main                             - Readiness check result: fail
2018-12-04 18:17:02,423 INFO  RMI TCP Connection(2)-127.0.0.1  - Begin SOFABoot HealthChecker liveness check.
2018-12-04 18:17:02,423 INFO  RMI TCP Connection(2)-127.0.0.1  - HealthChecker[sofaComponentHealthChecker] liveness check success with 0 retry.
2018-12-04 18:17:02,423 INFO  RMI TCP Connection(2)-127.0.0.1  - SOFABoot HealthChecker liveness check result: success.
2018-12-04 18:18:57,132 INFO  main                             - SOFABoot HealthCheck Starting!
2018-12-04 18:19:01,342 INFO  main                             - Found 1 HealthChecker implementation:sofaComponentHealthChecker
2018-12-04 18:19:01,342 INFO  main                             - Found 2 HealthIndicator implementation:sofaBootHealthIndicator,diskSpaceHealthIndicator
2018-12-04 18:19:01,342 INFO  main                             - Found 1 SofaBootMiddlewareAfterReadinessCheckCallback implementation:rpcAfterHealthCheckCallback
2018-12-04 18:19:01,342 INFO  main                             - Found 0 SofaBootAfterReadinessCheckCallback implementation
2018-12-04 18:19:01,342 INFO  main                             - Start to publish SofaBootBeforeReadinessCheckEvent.
2018-12-04 18:19:01,342 INFO  main                             - Begin SOFABoot HealthChecker readiness check.
2018-12-04 18:19:01,342 INFO  main                             - HealthChecker[sofaComponentHealthChecker] readiness check success with 0 retry.
2018-12-04 18:19:01,342 INFO  main                             - SOFABoot HealthChecker readiness check result: success.
2018-12-04 18:19:01,342 INFO  main                             - Begin SOFABoot HealthIndicator readiness check.
2018-12-04 18:19:01,358 INFO  main                             - HealthIndicator[diskSpaceHealthIndicator] readiness check success.
2018-12-04 18:19:01,358 INFO  main                             - SOFABoot HealthIndicator readiness check result: success.
2018-12-04 18:19:01,358 INFO  main                             - Begin SOFABoot ReadinessCheckCallback check.
2018-12-04 18:19:01,358 INFO  main                             - Begin SofaBootMiddlewareAfterReadinessCheckCallback check
2018-12-04 18:19:02,163 INFO  main                             - SOFABoot ReadinessCheckCallback[rpcAfterHealthCheckCallback] check success.
2018-12-04 18:19:02,163 INFO  main                             - SofaBootMiddlewareAfterReadinessCheckCallback check result: success.
2018-12-04 18:19:02,163 INFO  main                             - Begin SofaBootAfterReadinessCheckCallback readiness check
2018-12-04 18:19:02,163 INFO  main                             - SofaBootAfterReadinessCheckCallback readiness check result: success.
2018-12-04 18:19:02,163 INFO  main                             - SOFABoot ReadinessCheckCallback check: success.
2018-12-04 18:19:02,163 INFO  main                             - Readiness check result: success
2018-12-04 18:19:02,994 INFO  RMI TCP Connection(5)-127.0.0.1  - Begin SOFABoot HealthChecker liveness check.
2018-12-04 18:19:02,994 INFO  RMI TCP Connection(5)-127.0.0.1  - HealthChecker[sofaComponentHealthChecker] liveness check success with 0 retry.
2018-12-04 18:19:02,994 INFO  RMI TCP Connection(5)-127.0.0.1  - SOFABoot HealthChecker liveness check result: success.
2018-12-04 18:19:12,728 INFO  main                             - SOFABoot HealthCheck Starting!
2018-12-04 18:19:16,354 INFO  main                             - Found 1 HealthChecker implementation:sofaComponentHealthChecker
2018-12-04 18:19:16,355 INFO  main                             - Found 2 HealthIndicator implementation:sofaBootHealthIndicator,diskSpaceHealthIndicator
2018-12-04 18:19:16,356 INFO  main                             - Found 1 SofaBootMiddlewareAfterReadinessCheckCallback implementation:rpcAfterHealthCheckCallback
2018-12-04 18:19:16,356 INFO  main                             - Found 0 SofaBootAfterReadinessCheckCallback implementation
2018-12-04 18:19:16,356 INFO  main                             - Start to publish SofaBootBeforeReadinessCheckEvent.
2018-12-04 18:19:16,356 INFO  main                             - Begin SOFABoot HealthChecker readiness check.
2018-12-04 18:19:16,357 INFO  main                             - HealthChecker[sofaComponentHealthChecker] readiness check success with 0 retry.
2018-12-04 18:19:16,357 INFO  main                             - SOFABoot HealthChecker readiness check result: success.
2018-12-04 18:19:16,357 INFO  main                             - Begin SOFABoot HealthIndicator readiness check.
2018-12-04 18:19:16,359 INFO  main                             - HealthIndicator[diskSpaceHealthIndicator] readiness check success.
2018-12-04 18:19:16,359 INFO  main                             - SOFABoot HealthIndicator readiness check result: success.
2018-12-04 18:19:16,359 INFO  main                             - Begin SOFABoot ReadinessCheckCallback check.
2018-12-04 18:19:16,359 INFO  main                             - Begin SofaBootMiddlewareAfterReadinessCheckCallback check
2018-12-04 18:19:17,240 ERROR main                             - SOFABoot ReadinessCheckCallback[rpcAfterHealthCheckCallback] check failed, the details is: {"Exception":"Failed to start bolt server, see more detail from bolt log."}.
2018-12-04 18:19:17,240 ERROR main                             - SofaBootMiddlewareAfterReadinessCheckCallback check result: failed.
2018-12-04 18:19:17,240 INFO  main                             - Begin SofaBootAfterReadinessCheckCallback readiness check
2018-12-04 18:19:17,240 INFO  main                             - SofaBootAfterReadinessCheckCallback readiness check result: success.
2018-12-04 18:19:17,240 ERROR main                             - SOFABoot ReadinessCheckCallback check: failed.
2018-12-04 18:19:17,240 ERROR main                             - Readiness check result: fail
2018-12-04 18:19:17,570 INFO  RMI TCP Connection(2)-127.0.0.1  - Begin SOFABoot HealthChecker liveness check.
2018-12-04 18:19:17,570 INFO  RMI TCP Connection(2)-127.0.0.1  - HealthChecker[sofaComponentHealthChecker] liveness check success with 0 retry.
2018-12-04 18:19:17,570 INFO  RMI TCP Connection(2)-127.0.0.1  - SOFABoot HealthChecker liveness check result: success.
2018-12-04 18:30:40,711 INFO  main                             - SOFABoot HealthCheck Starting!
2018-12-04 18:30:45,836 INFO  main                             - Found 1 HealthChecker implementation:sofaComponentHealthChecker
2018-12-04 18:30:45,836 INFO  main                             - Found 2 HealthIndicator implementation:sofaBootHealthIndicator,diskSpaceHealthIndicator
2018-12-04 18:30:45,836 INFO  main                             - Found 1 SofaBootMiddlewareAfterReadinessCheckCallback implementation:rpcAfterHealthCheckCallback
2018-12-04 18:30:45,836 INFO  main                             - Found 0 SofaBootAfterReadinessCheckCallback implementation
2018-12-04 18:30:45,836 INFO  main                             - Start to publish SofaBootBeforeReadinessCheckEvent.
2018-12-04 18:30:45,836 INFO  main                             - Begin SOFABoot HealthChecker readiness check.
2018-12-04 18:30:45,836 INFO  main                             - HealthChecker[sofaComponentHealthChecker] readiness check success with 0 retry.
2018-12-04 18:30:45,836 INFO  main                             - SOFABoot HealthChecker readiness check result: success.
2018-12-04 18:30:45,836 INFO  main                             - Begin SOFABoot HealthIndicator readiness check.
2018-12-04 18:30:45,852 INFO  main                             - HealthIndicator[diskSpaceHealthIndicator] readiness check success.
2018-12-04 18:30:45,852 INFO  main                             - SOFABoot HealthIndicator readiness check result: success.
2018-12-04 18:30:45,852 INFO  main                             - Begin SOFABoot ReadinessCheckCallback check.
2018-12-04 18:30:45,852 INFO  main                             - Begin SofaBootMiddlewareAfterReadinessCheckCallback check
2018-12-04 18:30:46,993 INFO  main                             - SOFABoot ReadinessCheckCallback[rpcAfterHealthCheckCallback] check success.
2018-12-04 18:30:46,993 INFO  main                             - SofaBootMiddlewareAfterReadinessCheckCallback check result: success.
2018-12-04 18:30:46,993 INFO  main                             - Begin SofaBootAfterReadinessCheckCallback readiness check
2018-12-04 18:30:46,993 INFO  main                             - SofaBootAfterReadinessCheckCallback readiness check result: success.
2018-12-04 18:30:46,993 INFO  main                             - SOFABoot ReadinessCheckCallback check: success.
2018-12-04 18:30:46,993 INFO  main                             - Readiness check result: success
2018-12-04 18:30:47,523 INFO  RMI TCP Connection(9)-127.0.0.1  - Begin SOFABoot HealthChecker liveness check.
2018-12-04 18:30:47,523 INFO  RMI TCP Connection(9)-127.0.0.1  - HealthChecker[sofaComponentHealthChecker] liveness check success with 0 retry.
2018-12-04 18:30:47,523 INFO  RMI TCP Connection(9)-127.0.0.1  - SOFABoot HealthChecker liveness check result: success.
2018-12-04 18:31:08,680 INFO  main                             - SOFABoot HealthCheck Starting!
2018-12-04 18:31:13,414 INFO  main                             - Found 1 HealthChecker implementation:sofaComponentHealthChecker
2018-12-04 18:31:13,414 INFO  main                             - Found 2 HealthIndicator implementation:sofaBootHealthIndicator,diskSpaceHealthIndicator
2018-12-04 18:31:13,414 INFO  main                             - Found 1 SofaBootMiddlewareAfterReadinessCheckCallback implementation:rpcAfterHealthCheckCallback
2018-12-04 18:31:13,414 INFO  main                             - Found 0 SofaBootAfterReadinessCheckCallback implementation
2018-12-04 18:31:13,414 INFO  main                             - Start to publish SofaBootBeforeReadinessCheckEvent.
2018-12-04 18:31:13,414 INFO  main                             - Begin SOFABoot HealthChecker readiness check.
2018-12-04 18:31:13,414 INFO  main                             - HealthChecker[sofaComponentHealthChecker] readiness check success with 0 retry.
2018-12-04 18:31:13,414 INFO  main                             - SOFABoot HealthChecker readiness check result: success.
2018-12-04 18:31:13,414 INFO  main                             - Begin SOFABoot HealthIndicator readiness check.
2018-12-04 18:31:13,414 INFO  main                             - HealthIndicator[diskSpaceHealthIndicator] readiness check success.
2018-12-04 18:31:13,414 INFO  main                             - SOFABoot HealthIndicator readiness check result: success.
2018-12-04 18:31:13,414 INFO  main                             - Begin SOFABoot ReadinessCheckCallback check.
2018-12-04 18:31:13,414 INFO  main                             - Begin SofaBootMiddlewareAfterReadinessCheckCallback check
2018-12-04 18:31:14,351 ERROR main                             - SOFABoot ReadinessCheckCallback[rpcAfterHealthCheckCallback] check failed, the details is: {"Exception":"Failed to start bolt server, see more detail from bolt log."}.
2018-12-04 18:31:14,351 ERROR main                             - SofaBootMiddlewareAfterReadinessCheckCallback check result: failed.
2018-12-04 18:31:14,351 INFO  main                             - Begin SofaBootAfterReadinessCheckCallback readiness check
2018-12-04 18:31:14,351 INFO  main                             - SofaBootAfterReadinessCheckCallback readiness check result: success.
2018-12-04 18:31:14,351 ERROR main                             - SOFABoot ReadinessCheckCallback check: failed.
2018-12-04 18:31:14,351 ERROR main                             - Readiness check result: fail
2018-12-04 18:31:15,851 INFO  RMI TCP Connection(6)-127.0.0.1  - Begin SOFABoot HealthChecker liveness check.
2018-12-04 18:31:15,851 INFO  RMI TCP Connection(6)-127.0.0.1  - HealthChecker[sofaComponentHealthChecker] liveness check success with 0 retry.
2018-12-04 18:31:15,851 INFO  RMI TCP Connection(6)-127.0.0.1  - SOFABoot HealthChecker liveness check result: success.
