2018-12-04 17:40:00.961 [main] INFO  com.alipay.sofa.common.log - Sofa-Middleware-Log SLF4J : Actual logging.path is [ ./logs ]
2018-12-04 17:40:00.968 [main] INFO  com.alipay.sofa.common.log - Sofa-Middleware-Log SLF4J : Actual binding is of type [ com.alipay.sofa.infra Logback ]
2018-12-04 17:40:00.983 [main] INFO  c.a.boot.sofarpc.configuration.Slite2Configuration - Not find key com.antcloud.mw.access in Java -D argument, put value uPxHLxsMmstcQCNWEh into System
2018-12-04 17:40:00.983 [main] INFO  c.a.boot.sofarpc.configuration.Slite2Configuration - Not find key com.antcloud.antvip.endpoint in Java -D argument, put value 100.103.1.174 into System
2018-12-04 17:40:00.983 [main] INFO  c.a.boot.sofarpc.configuration.Slite2Configuration - Not find key com.antcloud.mw.secret in Java -D argument, put value TyMlUB9uGRMzcc2pG0dMv6xzUXCMA1WI into System
2018-12-04 17:40:00.984 [main] INFO  c.a.boot.sofarpc.configuration.Slite2Configuration - Not find key com.alipay.env in Java -D argument, put value shared into System
2018-12-04 17:40:00.984 [main] INFO  c.a.boot.sofarpc.configuration.Slite2Configuration - Not find key com.alipay.instanceid in Java -D argument, put value IPYJUBMB231N into System
2018-12-04 17:40:00.996 [main] INFO  com.alipay.sofa.common.log - Sofa-Middleware-Log SLF4J : Actual binding is of type [ com.alipay.sofa.rpc Logback ]
2018-12-04 17:40:01.012 [background-preinit] INFO  org.hibernate.validator.internal.util.Version - HV000001: Hibernate Validator 5.3.6.Final
2018-12-04 17:40:01.030 [main] INFO  com.alipay.sofa.common.log - Sofa-Middleware-Log SLF4J : Actual logging.path is [ ./logs ]
2018-12-04 17:40:01.030 [main] INFO  com.alipay.sofa.common.log - Sofa-Middleware-Log SLF4J : Actual binding is of type [ com.alipay.sofa.runtime Logback ]
2018-12-04 17:40:01.045 [main] INFO  com.alipay.sofa.common.log - Sofa-Middleware-Log SLF4J : Actual logging.path is [ ./logs ]
2018-12-04 17:40:01.046 [main] INFO  com.alipay.sofa.common.log - Sofa-Middleware-Log SLF4J : Actual binding is of type [ com.alipay.sofa.healthcheck Logback ]
2018-12-04 17:40:01.075 [main] INFO  cloud.provider.SOFABootSpringApplication - Starting SOFABootSpringApplication on DESKTOP-SL1Q8O9 with PID 18160 (F:\IdeaProjects\CSII\xingye-sofa-rpc\xingye-sofa-rpc-provider\bank-sofa-provider-service\target\classes started by LYF in F:\IdeaProjects\CSII\xingye-sofa-rpc)
2018-12-04 17:40:01.076 [main] INFO  cloud.provider.SOFABootSpringApplication - No active profile set, falling back to default profiles: default
2018-12-04 17:40:01.115 [main] INFO  o.s.c.a.AnnotationConfigApplicationContext - Refreshing org.springframework.context.annotation.AnnotationConfigApplicationContext@54d9d12d: startup date [Tue Dec 04 17:40:01 CST 2018]; root of context hierarchy
2018-12-04 17:40:01.422 [main] INFO  o.s.beans.factory.xml.XmlBeanDefinitionReader - Loading XML bean definitions from file [F:\IdeaProjects\CSII\xingye-sofa-rpc\xingye-sofa-rpc-provider\bank-sofa-provider-service\target\classes\META-INF\xingye-sofa-rpc-provider\bank-sofa-provider-service.xml]
2018-12-04 17:40:02.092 [main] WARN  o.s.context.annotation.ConfigurationClassEnhancer - @Bean method SofaTracerDataSourceAutoConfiguration.DataSourceBeanFactoryPostProcessor is non-static and returns an object assignable to Spring's BeanFactoryPostProcessor interface. This will result in a failure to process annotations such as @Autowired, @Resource and @PostConstruct within the method's declaring @Configuration class. Add the 'static' modifier to this method to avoid these container lifecycle issues; see @Bean javadoc for complete details.
2018-12-04 17:40:02.107 [main] INFO  o.s.b.f.a.AutowiredAnnotationBeanPostProcessor - JSR-330 'javax.inject.Inject' annotation found and supported for autowiring
2018-12-04 17:40:02.337 [main] INFO  com.alipay.sofa.common.log - Sofa-Middleware-Log SLF4J : Actual binding is of type [ com.alipay.sofa.rpc.boot Logback ]
2018-12-04 17:40:03.050 [main] INFO  com.alipay.sofa.common.log - Sofa-Middleware-Log SLF4J : Logger Space:{com.alipay.lookout} init ok.
2018-12-04 17:40:03.050 [main] INFO  com.alipay.sofa.common.log - Sofa-Middleware-Log SLF4J : Actual binding is of type [ com.alipay.lookout Logback ]
2018-12-04 17:40:03.172 [main] INFO  c.a.l.s.autoConfiguration.LookoutAutoConfiguration - register extended metrics.
2018-12-04 17:40:03.222 [main] INFO  c.a.l.s.autoConfiguration.LookoutAutoConfiguration - Spring Boot Metrics binding to SOFALookout Implementation!
2018-12-04 17:40:03.586 [main] INFO  o.s.jmx.export.annotation.AnnotationMBeanExporter - Registering beans for JMX exposure on startup
2018-12-04 17:40:03.586 [main] INFO  o.s.jmx.export.annotation.AnnotationMBeanExporter - Bean with name 's_t_d_s_simpleDataSource' has been autodetected for JMX exposure
2018-12-04 17:40:03.586 [main] INFO  o.s.jmx.export.annotation.AnnotationMBeanExporter - Located MBean 's_t_d_s_simpleDataSource': registering with JMX server as MBean [com.zaxxer.hikari:name=s_t_d_s_simpleDataSource,type=HikariDataSource]
2018-12-04 17:40:03.586 [main] INFO  o.s.b.actuate.endpoint.jmx.EndpointMBeanExporter - Registering beans for JMX exposure on startup
2018-12-04 17:40:03.586 [main] INFO  o.s.context.support.DefaultLifecycleProcessor - Starting beans in phase 0
2018-12-04 17:40:03.586 [main] INFO  o.s.b.actuate.endpoint.jmx.EndpointMBeanExporter - Located managed bean 'auditEventsEndpoint': registering with JMX server as MBean [org.springframework.boot:type=Endpoint,name=auditEventsEndpoint]
2018-12-04 17:40:03.601 [main] INFO  o.s.b.actuate.endpoint.jmx.EndpointMBeanExporter - Located managed bean 'readinessCheck': registering with JMX server as MBean [org.springframework.boot:type=Endpoint,name=readinessCheck]
2018-12-04 17:40:03.617 [main] INFO  o.s.b.actuate.endpoint.jmx.EndpointMBeanExporter - Located managed bean 'sofaBootVersionEndpoint': registering with JMX server as MBean [org.springframework.boot:type=Endpoint,name=sofaBootVersionEndpoint]
2018-12-04 17:40:03.617 [main] INFO  o.s.b.actuate.endpoint.jmx.EndpointMBeanExporter - Located managed bean 'environmentEndpoint': registering with JMX server as MBean [org.springframework.boot:type=Endpoint,name=environmentEndpoint]
2018-12-04 17:40:03.617 [main] INFO  o.s.b.actuate.endpoint.jmx.EndpointMBeanExporter - Located managed bean 'healthEndpoint': registering with JMX server as MBean [org.springframework.boot:type=Endpoint,name=healthEndpoint]
2018-12-04 17:40:03.617 [main] INFO  o.s.b.actuate.endpoint.jmx.EndpointMBeanExporter - Located managed bean 'beansEndpoint': registering with JMX server as MBean [org.springframework.boot:type=Endpoint,name=beansEndpoint]
2018-12-04 17:40:03.617 [main] INFO  o.s.b.actuate.endpoint.jmx.EndpointMBeanExporter - Located managed bean 'infoEndpoint': registering with JMX server as MBean [org.springframework.boot:type=Endpoint,name=infoEndpoint]
2018-12-04 17:40:03.633 [main] INFO  o.s.b.actuate.endpoint.jmx.EndpointMBeanExporter - Located managed bean 'loggersEndpoint': registering with JMX server as MBean [org.springframework.boot:type=Endpoint,name=loggersEndpoint]
2018-12-04 17:40:03.636 [main] INFO  o.s.b.actuate.endpoint.jmx.EndpointMBeanExporter - Located managed bean 'metricsEndpoint': registering with JMX server as MBean [org.springframework.boot:type=Endpoint,name=metricsEndpoint]
2018-12-04 17:40:03.636 [main] INFO  o.s.b.actuate.endpoint.jmx.EndpointMBeanExporter - Located managed bean 'traceEndpoint': registering with JMX server as MBean [org.springframework.boot:type=Endpoint,name=traceEndpoint]
2018-12-04 17:40:03.636 [main] INFO  o.s.b.actuate.endpoint.jmx.EndpointMBeanExporter - Located managed bean 'dumpEndpoint': registering with JMX server as MBean [org.springframework.boot:type=Endpoint,name=dumpEndpoint]
2018-12-04 17:40:03.636 [main] INFO  o.s.b.actuate.endpoint.jmx.EndpointMBeanExporter - Located managed bean 'autoConfigurationReportEndpoint': registering with JMX server as MBean [org.springframework.boot:type=Endpoint,name=autoConfigurationReportEndpoint]
2018-12-04 17:40:03.636 [main] INFO  o.s.b.actuate.endpoint.jmx.EndpointMBeanExporter - Located managed bean 'configurationPropertiesReportEndpoint': registering with JMX server as MBean [org.springframework.boot:type=Endpoint,name=configurationPropertiesReportEndpoint]
2018-12-04 17:40:23.705 [main] INFO  com.alipay.sofa.common.log - Sofa-Middleware-Log SLF4J : Actual binding is of type [ com.alipay.remoting Logback ]
2018-12-04 17:40:24.614 [main] INFO  cloud.provider.SOFABootSpringApplication - Started SOFABootSpringApplication in 24.425 seconds (JVM running for 26.498)
2018-12-04 17:40:24.615 [main] INFO  cloud.provider.SOFABootSpringApplication - Sample Service Result = Hello, Service slitecore
2018-12-04 17:40:24.615 [main] INFO  cloud.provider.SOFABootSpringApplication - Current Application Context : org.springframework.context.annotation.AnnotationConfigApplicationContext@54d9d12d: startup date [Tue Dec 04 17:40:01 CST 2018]; root of context hierarchy
2018-12-04 17:41:42.325 [main] INFO  com.alipay.sofa.common.log - Sofa-Middleware-Log SLF4J : Actual logging.path is [ ./logs ]
2018-12-04 17:41:42.330 [main] INFO  com.alipay.sofa.common.log - Sofa-Middleware-Log SLF4J : Actual binding is of type [ com.alipay.sofa.infra Logback ]
2018-12-04 17:41:42.344 [main] INFO  c.a.boot.sofarpc.configuration.Slite2Configuration - Not find key com.antcloud.mw.access in Java -D argument, put value uPxHLxsMmstcQCNWEh into System
2018-12-04 17:41:42.344 [main] INFO  c.a.boot.sofarpc.configuration.Slite2Configuration - Not find key com.antcloud.antvip.endpoint in Java -D argument, put value 100.103.1.174 into System
2018-12-04 17:41:42.345 [main] INFO  c.a.boot.sofarpc.configuration.Slite2Configuration - Not find key com.antcloud.mw.secret in Java -D argument, put value TyMlUB9uGRMzcc2pG0dMv6xzUXCMA1WI into System
2018-12-04 17:41:42.345 [main] INFO  c.a.boot.sofarpc.configuration.Slite2Configuration - Not find key com.alipay.env in Java -D argument, put value shared into System
2018-12-04 17:41:42.345 [main] INFO  c.a.boot.sofarpc.configuration.Slite2Configuration - Not find key com.alipay.instanceid in Java -D argument, put value IPYJUBMB231N into System
2018-12-04 17:41:42.354 [main] INFO  com.alipay.sofa.common.log - Sofa-Middleware-Log SLF4J : Actual binding is of type [ com.alipay.sofa.rpc Logback ]
2018-12-04 17:41:42.368 [background-preinit] INFO  org.hibernate.validator.internal.util.Version - HV000001: Hibernate Validator 5.3.6.Final
2018-12-04 17:41:42.383 [main] INFO  com.alipay.sofa.common.log - Sofa-Middleware-Log SLF4J : Actual logging.path is [ ./logs ]
2018-12-04 17:41:42.384 [main] INFO  com.alipay.sofa.common.log - Sofa-Middleware-Log SLF4J : Actual binding is of type [ com.alipay.sofa.runtime Logback ]
2018-12-04 17:41:42.393 [main] INFO  com.alipay.sofa.common.log - Sofa-Middleware-Log SLF4J : Actual logging.path is [ ./logs ]
2018-12-04 17:41:42.393 [main] INFO  com.alipay.sofa.common.log - Sofa-Middleware-Log SLF4J : Actual binding is of type [ com.alipay.sofa.healthcheck Logback ]
2018-12-04 17:41:42.423 [main] INFO  cloud.provider.SOFABootSpringApplication - Starting SOFABootSpringApplication on DESKTOP-SL1Q8O9 with PID 16972 (F:\IdeaProjects\CSII\xingye-sofa-rpc\xingye-sofa-rpc-provider\bank-sofa-provider-service\target\classes started by LYF in F:\IdeaProjects\CSII\xingye-sofa-rpc)
2018-12-04 17:41:42.423 [main] INFO  cloud.provider.SOFABootSpringApplication - No active profile set, falling back to default profiles: default
2018-12-04 17:41:42.456 [main] INFO  o.s.c.a.AnnotationConfigApplicationContext - Refreshing org.springframework.context.annotation.AnnotationConfigApplicationContext@54d9d12d: startup date [Tue Dec 04 17:41:42 CST 2018]; root of context hierarchy
2018-12-04 17:41:42.741 [main] INFO  o.s.beans.factory.xml.XmlBeanDefinitionReader - Loading XML bean definitions from file [F:\IdeaProjects\CSII\xingye-sofa-rpc\xingye-sofa-rpc-provider\bank-sofa-provider-service\target\classes\META-INF\xingye-sofa-rpc-provider\bank-sofa-provider-service.xml]
2018-12-04 17:41:43.139 [main] WARN  o.s.context.annotation.ConfigurationClassEnhancer - @Bean method SofaTracerDataSourceAutoConfiguration.DataSourceBeanFactoryPostProcessor is non-static and returns an object assignable to Spring's BeanFactoryPostProcessor interface. This will result in a failure to process annotations such as @Autowired, @Resource and @PostConstruct within the method's declaring @Configuration class. Add the 'static' modifier to this method to avoid these container lifecycle issues; see @Bean javadoc for complete details.
2018-12-04 17:41:43.154 [main] INFO  o.s.b.f.a.AutowiredAnnotationBeanPostProcessor - JSR-330 'javax.inject.Inject' annotation found and supported for autowiring
2018-12-04 17:41:43.402 [main] INFO  com.alipay.sofa.common.log - Sofa-Middleware-Log SLF4J : Actual binding is of type [ com.alipay.sofa.rpc.boot Logback ]
2018-12-04 17:41:43.987 [main] INFO  com.alipay.sofa.common.log - Sofa-Middleware-Log SLF4J : Logger Space:{com.alipay.lookout} init ok.
2018-12-04 17:41:43.987 [main] INFO  com.alipay.sofa.common.log - Sofa-Middleware-Log SLF4J : Actual binding is of type [ com.alipay.lookout Logback ]
2018-12-04 17:41:44.053 [main] INFO  c.a.l.s.autoConfiguration.LookoutAutoConfiguration - register extended metrics.
2018-12-04 17:41:44.103 [main] INFO  c.a.l.s.autoConfiguration.LookoutAutoConfiguration - Spring Boot Metrics binding to SOFALookout Implementation!
2018-12-04 17:41:44.454 [main] INFO  o.s.jmx.export.annotation.AnnotationMBeanExporter - Registering beans for JMX exposure on startup
2018-12-04 17:41:44.454 [main] INFO  o.s.jmx.export.annotation.AnnotationMBeanExporter - Bean with name 's_t_d_s_simpleDataSource' has been autodetected for JMX exposure
2018-12-04 17:41:44.454 [main] INFO  o.s.jmx.export.annotation.AnnotationMBeanExporter - Located MBean 's_t_d_s_simpleDataSource': registering with JMX server as MBean [com.zaxxer.hikari:name=s_t_d_s_simpleDataSource,type=HikariDataSource]
2018-12-04 17:41:44.454 [main] INFO  o.s.b.actuate.endpoint.jmx.EndpointMBeanExporter - Registering beans for JMX exposure on startup
2018-12-04 17:41:44.470 [main] INFO  o.s.context.support.DefaultLifecycleProcessor - Starting beans in phase 0
2018-12-04 17:41:44.470 [main] INFO  o.s.b.actuate.endpoint.jmx.EndpointMBeanExporter - Located managed bean 'auditEventsEndpoint': registering with JMX server as MBean [org.springframework.boot:type=Endpoint,name=auditEventsEndpoint]
2018-12-04 17:41:44.470 [main] INFO  o.s.b.actuate.endpoint.jmx.EndpointMBeanExporter - Located managed bean 'readinessCheck': registering with JMX server as MBean [org.springframework.boot:type=Endpoint,name=readinessCheck]
2018-12-04 17:41:44.489 [main] INFO  o.s.b.actuate.endpoint.jmx.EndpointMBeanExporter - Located managed bean 'sofaBootVersionEndpoint': registering with JMX server as MBean [org.springframework.boot:type=Endpoint,name=sofaBootVersionEndpoint]
2018-12-04 17:41:44.489 [main] INFO  o.s.b.actuate.endpoint.jmx.EndpointMBeanExporter - Located managed bean 'environmentEndpoint': registering with JMX server as MBean [org.springframework.boot:type=Endpoint,name=environmentEndpoint]
2018-12-04 17:41:44.489 [main] INFO  o.s.b.actuate.endpoint.jmx.EndpointMBeanExporter - Located managed bean 'healthEndpoint': registering with JMX server as MBean [org.springframework.boot:type=Endpoint,name=healthEndpoint]
2018-12-04 17:41:44.489 [main] INFO  o.s.b.actuate.endpoint.jmx.EndpointMBeanExporter - Located managed bean 'beansEndpoint': registering with JMX server as MBean [org.springframework.boot:type=Endpoint,name=beansEndpoint]
2018-12-04 17:41:44.489 [main] INFO  o.s.b.actuate.endpoint.jmx.EndpointMBeanExporter - Located managed bean 'infoEndpoint': registering with JMX server as MBean [org.springframework.boot:type=Endpoint,name=infoEndpoint]
2018-12-04 17:41:44.489 [main] INFO  o.s.b.actuate.endpoint.jmx.EndpointMBeanExporter - Located managed bean 'loggersEndpoint': registering with JMX server as MBean [org.springframework.boot:type=Endpoint,name=loggersEndpoint]
2018-12-04 17:41:44.505 [main] INFO  o.s.b.actuate.endpoint.jmx.EndpointMBeanExporter - Located managed bean 'metricsEndpoint': registering with JMX server as MBean [org.springframework.boot:type=Endpoint,name=metricsEndpoint]
2018-12-04 17:41:44.505 [main] INFO  o.s.b.actuate.endpoint.jmx.EndpointMBeanExporter - Located managed bean 'traceEndpoint': registering with JMX server as MBean [org.springframework.boot:type=Endpoint,name=traceEndpoint]
2018-12-04 17:41:44.505 [main] INFO  o.s.b.actuate.endpoint.jmx.EndpointMBeanExporter - Located managed bean 'dumpEndpoint': registering with JMX server as MBean [org.springframework.boot:type=Endpoint,name=dumpEndpoint]
2018-12-04 17:41:44.505 [main] INFO  o.s.b.actuate.endpoint.jmx.EndpointMBeanExporter - Located managed bean 'autoConfigurationReportEndpoint': registering with JMX server as MBean [org.springframework.boot:type=Endpoint,name=autoConfigurationReportEndpoint]
2018-12-04 17:41:44.505 [main] INFO  o.s.b.actuate.endpoint.jmx.EndpointMBeanExporter - Located managed bean 'configurationPropertiesReportEndpoint': registering with JMX server as MBean [org.springframework.boot:type=Endpoint,name=configurationPropertiesReportEndpoint]
2018-12-04 17:42:04.578 [main] INFO  com.alipay.sofa.common.log - Sofa-Middleware-Log SLF4J : Actual binding is of type [ com.alipay.remoting Logback ]
2018-12-04 17:42:05.454 [main] INFO  cloud.provider.SOFABootSpringApplication - Started SOFABootSpringApplication in 23.866 seconds (JVM running for 25.347)
2018-12-04 17:42:05.454 [main] INFO  cloud.provider.SOFABootSpringApplication - Sample Service Result = Hello, Service slitecore
2018-12-04 17:42:05.454 [main] INFO  cloud.provider.SOFABootSpringApplication - Current Application Context : org.springframework.context.annotation.AnnotationConfigApplicationContext@54d9d12d: startup date [Tue Dec 04 17:41:42 CST 2018]; root of context hierarchy
2018-12-04 17:47:59.186 [main] INFO  com.alipay.sofa.common.log - Sofa-Middleware-Log SLF4J : Actual logging.path is [ ./logs ]
2018-12-04 17:47:59.192 [main] INFO  com.alipay.sofa.common.log - Sofa-Middleware-Log SLF4J : Actual binding is of type [ com.alipay.sofa.infra Logback ]
2018-12-04 17:47:59.204 [main] INFO  c.a.boot.sofarpc.configuration.Slite2Configuration - Not find key com.antcloud.mw.access in Java -D argument, put value uPxHLxsMmstcQCNWEh into System
2018-12-04 17:47:59.205 [main] INFO  c.a.boot.sofarpc.configuration.Slite2Configuration - Not find key com.antcloud.antvip.endpoint in Java -D argument, put value 100.103.1.174 into System
2018-12-04 17:47:59.205 [main] INFO  c.a.boot.sofarpc.configuration.Slite2Configuration - Not find key com.antcloud.mw.secret in Java -D argument, put value TyMlUB9uGRMzcc2pG0dMv6xzUXCMA1WI into System
2018-12-04 17:47:59.205 [main] INFO  c.a.boot.sofarpc.configuration.Slite2Configuration - Not find key com.alipay.env in Java -D argument, put value shared into System
2018-12-04 17:47:59.205 [main] INFO  c.a.boot.sofarpc.configuration.Slite2Configuration - Not find key com.alipay.instanceid in Java -D argument, put value IPYJUBMB231N into System
2018-12-04 17:47:59.214 [main] INFO  com.alipay.sofa.common.log - Sofa-Middleware-Log SLF4J : Actual binding is of type [ com.alipay.sofa.rpc Logback ]
2018-12-04 17:47:59.229 [background-preinit] INFO  org.hibernate.validator.internal.util.Version - HV000001: Hibernate Validator 5.3.6.Final
2018-12-04 17:47:59.243 [main] INFO  com.alipay.sofa.common.log - Sofa-Middleware-Log SLF4J : Actual logging.path is [ ./logs ]
2018-12-04 17:47:59.244 [main] INFO  com.alipay.sofa.common.log - Sofa-Middleware-Log SLF4J : Actual binding is of type [ com.alipay.sofa.runtime Logback ]
2018-12-04 17:47:59.253 [main] INFO  com.alipay.sofa.common.log - Sofa-Middleware-Log SLF4J : Actual logging.path is [ ./logs ]
2018-12-04 17:47:59.253 [main] INFO  com.alipay.sofa.common.log - Sofa-Middleware-Log SLF4J : Actual binding is of type [ com.alipay.sofa.healthcheck Logback ]
2018-12-04 17:47:59.281 [main] INFO  cloud.provider.SOFABootSpringApplication - Starting SOFABootSpringApplication on DESKTOP-SL1Q8O9 with PID 9172 (F:\IdeaProjects\CSII\xingye-sofa-rpc\xingye-sofa-rpc-provider\bank-sofa-provider-service\target\classes started by LYF in F:\IdeaProjects\CSII\xingye-sofa-rpc)
2018-12-04 17:47:59.281 [main] INFO  cloud.provider.SOFABootSpringApplication - No active profile set, falling back to default profiles: default
2018-12-04 17:47:59.312 [main] INFO  o.s.c.a.AnnotationConfigApplicationContext - Refreshing org.springframework.context.annotation.AnnotationConfigApplicationContext@6a6cb05c: startup date [Tue Dec 04 17:47:59 CST 2018]; root of context hierarchy
2018-12-04 17:47:59.594 [main] INFO  o.s.beans.factory.xml.XmlBeanDefinitionReader - Loading XML bean definitions from file [F:\IdeaProjects\CSII\xingye-sofa-rpc\xingye-sofa-rpc-provider\bank-sofa-provider-service\target\classes\META-INF\xingye-sofa-rpc-provider\bank-sofa-provider-service.xml]
2018-12-04 17:47:59.973 [main] WARN  o.s.context.annotation.ConfigurationClassEnhancer - @Bean method SofaTracerDataSourceAutoConfiguration.DataSourceBeanFactoryPostProcessor is non-static and returns an object assignable to Spring's BeanFactoryPostProcessor interface. This will result in a failure to process annotations such as @Autowired, @Resource and @PostConstruct within the method's declaring @Configuration class. Add the 'static' modifier to this method to avoid these container lifecycle issues; see @Bean javadoc for complete details.
2018-12-04 17:47:59.989 [main] INFO  o.s.b.f.a.AutowiredAnnotationBeanPostProcessor - JSR-330 'javax.inject.Inject' annotation found and supported for autowiring
2018-12-04 17:48:00.228 [main] INFO  com.alipay.sofa.common.log - Sofa-Middleware-Log SLF4J : Actual binding is of type [ com.alipay.sofa.rpc.boot Logback ]
2018-12-04 17:48:00.850 [main] INFO  com.alipay.sofa.common.log - Sofa-Middleware-Log SLF4J : Logger Space:{com.alipay.lookout} init ok.
2018-12-04 17:48:00.850 [main] INFO  com.alipay.sofa.common.log - Sofa-Middleware-Log SLF4J : Actual binding is of type [ com.alipay.lookout Logback ]
2018-12-04 17:48:00.899 [main] INFO  c.a.l.s.autoConfiguration.LookoutAutoConfiguration - register extended metrics.
2018-12-04 17:48:00.956 [main] INFO  c.a.l.s.autoConfiguration.LookoutAutoConfiguration - Spring Boot Metrics binding to SOFALookout Implementation!
2018-12-04 17:48:01.293 [main] INFO  o.s.jmx.export.annotation.AnnotationMBeanExporter - Registering beans for JMX exposure on startup
2018-12-04 17:48:01.308 [main] INFO  o.s.jmx.export.annotation.AnnotationMBeanExporter - Bean with name 's_t_d_s_simpleDataSource' has been autodetected for JMX exposure
2018-12-04 17:48:01.308 [main] INFO  o.s.jmx.export.annotation.AnnotationMBeanExporter - Located MBean 's_t_d_s_simpleDataSource': registering with JMX server as MBean [com.zaxxer.hikari:name=s_t_d_s_simpleDataSource,type=HikariDataSource]
2018-12-04 17:48:01.308 [main] INFO  o.s.b.actuate.endpoint.jmx.EndpointMBeanExporter - Registering beans for JMX exposure on startup
2018-12-04 17:48:01.308 [main] INFO  o.s.context.support.DefaultLifecycleProcessor - Starting beans in phase 0
2018-12-04 17:48:01.308 [main] INFO  o.s.b.actuate.endpoint.jmx.EndpointMBeanExporter - Located managed bean 'auditEventsEndpoint': registering with JMX server as MBean [org.springframework.boot:type=Endpoint,name=auditEventsEndpoint]
2018-12-04 17:48:01.324 [main] INFO  o.s.b.actuate.endpoint.jmx.EndpointMBeanExporter - Located managed bean 'readinessCheck': registering with JMX server as MBean [org.springframework.boot:type=Endpoint,name=readinessCheck]
2018-12-04 17:48:01.324 [main] INFO  o.s.b.actuate.endpoint.jmx.EndpointMBeanExporter - Located managed bean 'sofaBootVersionEndpoint': registering with JMX server as MBean [org.springframework.boot:type=Endpoint,name=sofaBootVersionEndpoint]
2018-12-04 17:48:01.340 [main] INFO  o.s.b.actuate.endpoint.jmx.EndpointMBeanExporter - Located managed bean 'environmentEndpoint': registering with JMX server as MBean [org.springframework.boot:type=Endpoint,name=environmentEndpoint]
2018-12-04 17:48:01.340 [main] INFO  o.s.b.actuate.endpoint.jmx.EndpointMBeanExporter - Located managed bean 'healthEndpoint': registering with JMX server as MBean [org.springframework.boot:type=Endpoint,name=healthEndpoint]
2018-12-04 17:48:01.340 [main] INFO  o.s.b.actuate.endpoint.jmx.EndpointMBeanExporter - Located managed bean 'beansEndpoint': registering with JMX server as MBean [org.springframework.boot:type=Endpoint,name=beansEndpoint]
2018-12-04 17:48:01.340 [main] INFO  o.s.b.actuate.endpoint.jmx.EndpointMBeanExporter - Located managed bean 'infoEndpoint': registering with JMX server as MBean [org.springframework.boot:type=Endpoint,name=infoEndpoint]
2018-12-04 17:48:01.340 [main] INFO  o.s.b.actuate.endpoint.jmx.EndpointMBeanExporter - Located managed bean 'loggersEndpoint': registering with JMX server as MBean [org.springframework.boot:type=Endpoint,name=loggersEndpoint]
2018-12-04 17:48:01.340 [main] INFO  o.s.b.actuate.endpoint.jmx.EndpointMBeanExporter - Located managed bean 'metricsEndpoint': registering with JMX server as MBean [org.springframework.boot:type=Endpoint,name=metricsEndpoint]
2018-12-04 17:48:01.340 [main] INFO  o.s.b.actuate.endpoint.jmx.EndpointMBeanExporter - Located managed bean 'traceEndpoint': registering with JMX server as MBean [org.springframework.boot:type=Endpoint,name=traceEndpoint]
2018-12-04 17:48:01.355 [main] INFO  o.s.b.actuate.endpoint.jmx.EndpointMBeanExporter - Located managed bean 'dumpEndpoint': registering with JMX server as MBean [org.springframework.boot:type=Endpoint,name=dumpEndpoint]
2018-12-04 17:48:01.355 [main] INFO  o.s.b.actuate.endpoint.jmx.EndpointMBeanExporter - Located managed bean 'autoConfigurationReportEndpoint': registering with JMX server as MBean [org.springframework.boot:type=Endpoint,name=autoConfigurationReportEndpoint]
2018-12-04 17:48:01.355 [main] INFO  o.s.b.actuate.endpoint.jmx.EndpointMBeanExporter - Located managed bean 'configurationPropertiesReportEndpoint': registering with JMX server as MBean [org.springframework.boot:type=Endpoint,name=configurationPropertiesReportEndpoint]
2018-12-04 17:48:21.422 [main] INFO  com.alipay.sofa.common.log - Sofa-Middleware-Log SLF4J : Actual binding is of type [ com.alipay.remoting Logback ]
2018-12-04 17:48:22.342 [main] INFO  cloud.provider.SOFABootSpringApplication - Started SOFABootSpringApplication in 23.957 seconds (JVM running for 25.435)
2018-12-04 17:48:22.342 [main] INFO  cloud.provider.SOFABootSpringApplication - Sample Service Result = Hello, Service slitecore
2018-12-04 17:48:22.342 [main] INFO  cloud.provider.SOFABootSpringApplication - Current Application Context : org.springframework.context.annotation.AnnotationConfigApplicationContext@6a6cb05c: startup date [Tue Dec 04 17:47:59 CST 2018]; root of context hierarchy
2018-12-04 18:19:12.625 [main] INFO  com.alipay.sofa.common.log - Sofa-Middleware-Log SLF4J : Actual logging.path is [ ./logs ]
2018-12-04 18:19:12.631 [main] INFO  com.alipay.sofa.common.log - Sofa-Middleware-Log SLF4J : Actual binding is of type [ com.alipay.sofa.infra Logback ]
2018-12-04 18:19:12.646 [main] INFO  c.a.boot.sofarpc.configuration.Slite2Configuration - Not find key com.antcloud.mw.access in Java -D argument, put value uPxHLxsMmstcQCNWEh into System
2018-12-04 18:19:12.646 [main] INFO  c.a.boot.sofarpc.configuration.Slite2Configuration - Not find key com.antcloud.antvip.endpoint in Java -D argument, put value 100.103.1.174 into System
2018-12-04 18:19:12.646 [main] INFO  c.a.boot.sofarpc.configuration.Slite2Configuration - Not find key com.antcloud.mw.secret in Java -D argument, put value TyMlUB9uGRMzcc2pG0dMv6xzUXCMA1WI into System
2018-12-04 18:19:12.646 [main] INFO  c.a.boot.sofarpc.configuration.Slite2Configuration - Not find key com.alipay.env in Java -D argument, put value shared into System
2018-12-04 18:19:12.646 [main] INFO  c.a.boot.sofarpc.configuration.Slite2Configuration - Not find key com.alipay.instanceid in Java -D argument, put value IPYJUBMB231N into System
2018-12-04 18:19:12.656 [main] INFO  com.alipay.sofa.common.log - Sofa-Middleware-Log SLF4J : Actual binding is of type [ com.alipay.sofa.rpc Logback ]
2018-12-04 18:19:12.690 [main] INFO  com.alipay.sofa.common.log - Sofa-Middleware-Log SLF4J : Actual logging.path is [ ./logs ]
2018-12-04 18:19:12.691 [main] INFO  com.alipay.sofa.common.log - Sofa-Middleware-Log SLF4J : Actual binding is of type [ com.alipay.sofa.runtime Logback ]
2018-12-04 18:19:12.715 [main] INFO  com.alipay.sofa.common.log - Sofa-Middleware-Log SLF4J : Actual logging.path is [ ./logs ]
2018-12-04 18:19:12.715 [main] INFO  com.alipay.sofa.common.log - Sofa-Middleware-Log SLF4J : Actual binding is of type [ com.alipay.sofa.healthcheck Logback ]
2018-12-04 18:19:12.731 [main] INFO  cloud.provider.SOFABootSpringApplication - Starting SOFABootSpringApplication on DESKTOP-SL1Q8O9 with PID 17948 (F:\IdeaProjects\CSII\xingye-sofa-rpc\xingye-sofa-rpc-provider\bank-sofa-provider-service\target\classes started by LYF in F:\IdeaProjects\CSII\xingye-sofa-rpc)
2018-12-04 18:19:12.732 [main] INFO  cloud.provider.SOFABootSpringApplication - No active profile set, falling back to default profiles: default
2018-12-04 18:19:12.768 [main] INFO  o.s.b.c.e.AnnotationConfigEmbeddedWebApplicationContext - Refreshing org.springframework.boot.context.embedded.AnnotationConfigEmbeddedWebApplicationContext@229f66ed: startup date [Tue Dec 04 18:19:12 CST 2018]; root of context hierarchy
2018-12-04 18:19:12.797 [background-preinit] INFO  org.hibernate.validator.internal.util.Version - HV000001: Hibernate Validator 5.3.6.Final
2018-12-04 18:19:13.164 [main] INFO  o.s.beans.factory.xml.XmlBeanDefinitionReader - Loading XML bean definitions from file [F:\IdeaProjects\CSII\xingye-sofa-rpc\xingye-sofa-rpc-provider\bank-sofa-provider-service\target\classes\META-INF\xingye-sofa-rpc-provider\bank-sofa-provider-service.xml]
2018-12-04 18:19:13.663 [main] WARN  o.s.context.annotation.ConfigurationClassEnhancer - @Bean method SofaTracerDataSourceAutoConfiguration.DataSourceBeanFactoryPostProcessor is non-static and returns an object assignable to Spring's BeanFactoryPostProcessor interface. This will result in a failure to process annotations such as @Autowired, @Resource and @PostConstruct within the method's declaring @Configuration class. Add the 'static' modifier to this method to avoid these container lifecycle issues; see @Bean javadoc for complete details.
2018-12-04 18:19:13.678 [main] INFO  o.s.b.f.a.AutowiredAnnotationBeanPostProcessor - JSR-330 'javax.inject.Inject' annotation found and supported for autowiring
2018-12-04 18:19:14.064 [main] INFO  o.s.b.c.e.tomcat.TomcatEmbeddedServletContainer - Tomcat initialized with port(s): 9999 (http)
2018-12-04 18:19:14.064 [main] INFO  org.apache.coyote.http11.Http11NioProtocol - Initializing ProtocolHandler ["http-nio-9999"]
2018-12-04 18:19:14.079 [main] INFO  org.apache.catalina.core.StandardService - Starting service [Tomcat]
2018-12-04 18:19:14.079 [main] INFO  org.apache.catalina.core.StandardEngine - Starting Servlet Engine: Apache Tomcat/8.5.34
2018-12-04 18:19:14.279 [localhost-startStop-1] INFO  o.a.c.core.ContainerBase.[Tomcat].[localhost].[/] - Initializing Spring embedded WebApplicationContext
2018-12-04 18:19:14.279 [localhost-startStop-1] INFO  org.springframework.web.context.ContextLoader - Root WebApplicationContext: initialization completed in 1511 ms
2018-12-04 18:19:14.615 [localhost-startStop-1] INFO  com.alipay.sofa.common.log - Sofa-Middleware-Log SLF4J : Logger Space:{com.alipay.lookout} init ok.
2018-12-04 18:19:14.615 [localhost-startStop-1] INFO  com.alipay.sofa.common.log - Sofa-Middleware-Log SLF4J : Actual binding is of type [ com.alipay.lookout Logback ]
2018-12-04 18:19:14.680 [localhost-startStop-1] INFO  c.a.l.s.autoConfiguration.LookoutAutoConfiguration - register extended metrics.
2018-12-04 18:19:14.715 [localhost-startStop-1] INFO  c.a.l.s.autoConfiguration.LookoutAutoConfiguration - Spring Boot Metrics binding to SOFALookout Implementation!
2018-12-04 18:19:14.797 [localhost-startStop-1] INFO  o.s.boot.web.servlet.FilterRegistrationBean - Mapping filter: 'metricsFilter' to: [/*]
2018-12-04 18:19:14.797 [localhost-startStop-1] INFO  o.s.boot.web.servlet.FilterRegistrationBean - Mapping filter: 'characterEncodingFilter' to: [/*]
2018-12-04 18:19:14.797 [localhost-startStop-1] INFO  o.s.boot.web.servlet.FilterRegistrationBean - Mapping filter: 'SpringMvcSofaTracerFilter' to urls: [/*]
2018-12-04 18:19:14.797 [localhost-startStop-1] INFO  o.s.boot.web.servlet.FilterRegistrationBean - Mapping filter: 'hiddenHttpMethodFilter' to: [/*]
2018-12-04 18:19:14.797 [localhost-startStop-1] INFO  o.s.boot.web.servlet.FilterRegistrationBean - Mapping filter: 'httpPutFormContentFilter' to: [/*]
2018-12-04 18:19:14.797 [localhost-startStop-1] INFO  o.s.boot.web.servlet.FilterRegistrationBean - Mapping filter: 'requestContextFilter' to: [/*]
2018-12-04 18:19:14.797 [localhost-startStop-1] INFO  o.s.boot.web.servlet.FilterRegistrationBean - Mapping filter: 'webRequestLoggingFilter' to: [/*]
2018-12-04 18:19:14.797 [localhost-startStop-1] INFO  o.s.boot.web.servlet.FilterRegistrationBean - Mapping filter: 'applicationContextIdFilter' to: [/*]
2018-12-04 18:19:14.797 [localhost-startStop-1] INFO  o.s.boot.web.servlet.ServletRegistrationBean - Mapping servlet: 'dispatcherServlet' to [/]
2018-12-04 18:19:14.797 [localhost-startStop-1] INFO  o.s.boot.web.servlet.ServletRegistrationBean - Mapping servlet: 'webServlet' to [/h2-console/*]
2018-12-04 18:19:14.882 [main] INFO  com.alipay.sofa.common.log - Sofa-Middleware-Log SLF4J : Actual binding is of type [ com.alipay.sofa.rpc.boot Logback ]
2018-12-04 18:19:15.680 [main] INFO  o.s.w.s.m.m.a.RequestMappingHandlerAdapter - Looking for @ControllerAdvice: org.springframework.boot.context.embedded.AnnotationConfigEmbeddedWebApplicationContext@229f66ed: startup date [Tue Dec 04 18:19:12 CST 2018]; root of context hierarchy
2018-12-04 18:19:15.730 [main] INFO  o.s.w.s.m.m.a.RequestMappingHandlerMapping - Mapped "{[/error]}" onto public org.springframework.http.ResponseEntity<java.util.Map<java.lang.String, java.lang.Object>> org.springframework.boot.autoconfigure.web.BasicErrorController.error(javax.servlet.http.HttpServletRequest)
2018-12-04 18:19:15.731 [main] INFO  o.s.w.s.m.m.a.RequestMappingHandlerMapping - Mapped "{[/error],produces=[text/html]}" onto public org.springframework.web.servlet.ModelAndView org.springframework.boot.autoconfigure.web.BasicErrorController.errorHtml(javax.servlet.http.HttpServletRequest,javax.servlet.http.HttpServletResponse)
2018-12-04 18:19:15.758 [main] INFO  o.s.web.servlet.handler.SimpleUrlHandlerMapping - Mapped URL path [/webjars/**] onto handler of type [class org.springframework.web.servlet.resource.ResourceHttpRequestHandler]
2018-12-04 18:19:15.758 [main] INFO  o.s.web.servlet.handler.SimpleUrlHandlerMapping - Mapped URL path [/**] onto handler of type [class org.springframework.web.servlet.resource.ResourceHttpRequestHandler]
2018-12-04 18:19:15.789 [main] INFO  o.s.web.servlet.handler.SimpleUrlHandlerMapping - Mapped URL path [/**/favicon.ico] onto handler of type [class org.springframework.web.servlet.resource.ResourceHttpRequestHandler]
2018-12-04 18:19:16.195 [main] INFO  o.s.b.actuate.endpoint.mvc.EndpointHandlerMapping - Mapped "{[/mappings || /mappings.json],methods=[GET],produces=[application/vnd.spring-boot.actuator.v1+json || application/json]}" onto public java.lang.Object org.springframework.boot.actuate.endpoint.mvc.EndpointMvcAdapter.invoke()
2018-12-04 18:19:16.195 [main] INFO  o.s.b.actuate.endpoint.mvc.EndpointHandlerMapping - Mapped "{[/health/readiness || /health/readiness.json],produces=[application/json]}" onto public java.lang.Object com.alipay.sofa.healthcheck.service.SofaBootReadinessCheckMvcEndpoint.invoke(java.security.Principal)
2018-12-04 18:19:16.196 [main] INFO  o.s.b.actuate.endpoint.mvc.EndpointHandlerMapping - Mapped "{[/metrics/{name:.*}],methods=[GET],produces=[application/vnd.spring-boot.actuator.v1+json || application/json]}" onto public java.lang.Object org.springframework.boot.actuate.endpoint.mvc.MetricsMvcEndpoint.value(java.lang.String)
2018-12-04 18:19:16.197 [main] INFO  o.s.b.actuate.endpoint.mvc.EndpointHandlerMapping - Mapped "{[/metrics || /metrics.json],methods=[GET],produces=[application/vnd.spring-boot.actuator.v1+json || application/json]}" onto public java.lang.Object org.springframework.boot.actuate.endpoint.mvc.EndpointMvcAdapter.invoke()
2018-12-04 18:19:16.197 [main] INFO  o.s.b.actuate.endpoint.mvc.EndpointHandlerMapping - Mapped "{[/configprops || /configprops.json],methods=[GET],produces=[application/vnd.spring-boot.actuator.v1+json || application/json]}" onto public java.lang.Object org.springframework.boot.actuate.endpoint.mvc.EndpointMvcAdapter.invoke()
2018-12-04 18:19:16.198 [main] INFO  o.s.b.actuate.endpoint.mvc.EndpointHandlerMapping - Mapped "{[/auditevents || /auditevents.json],methods=[GET],produces=[application/vnd.spring-boot.actuator.v1+json || application/json]}" onto public org.springframework.http.ResponseEntity<?> org.springframework.boot.actuate.endpoint.mvc.AuditEventsMvcEndpoint.findByPrincipalAndAfterAndType(java.lang.String,java.util.Date,java.lang.String)
2018-12-04 18:19:16.199 [main] INFO  o.s.b.actuate.endpoint.mvc.EndpointHandlerMapping - Mapped "{[/env/{name:.*}],methods=[GET],produces=[application/vnd.spring-boot.actuator.v1+json || application/json]}" onto public java.lang.Object org.springframework.boot.actuate.endpoint.mvc.EnvironmentMvcEndpoint.value(java.lang.String)
2018-12-04 18:19:16.199 [main] INFO  o.s.b.actuate.endpoint.mvc.EndpointHandlerMapping - Mapped "{[/env || /env.json],methods=[GET],produces=[application/vnd.spring-boot.actuator.v1+json || application/json]}" onto public java.lang.Object org.springframework.boot.actuate.endpoint.mvc.EndpointMvcAdapter.invoke()
2018-12-04 18:19:16.199 [main] INFO  o.s.b.actuate.endpoint.mvc.EndpointHandlerMapping - Mapped "{[/logfile || /logfile.json],methods=[GET || HEAD]}" onto public void org.springframework.boot.actuate.endpoint.mvc.LogFileMvcEndpoint.invoke(javax.servlet.http.HttpServletRequest,javax.servlet.http.HttpServletResponse) throws javax.servlet.ServletException,java.io.IOException
2018-12-04 18:19:16.200 [main] INFO  o.s.b.actuate.endpoint.mvc.EndpointHandlerMapping - Mapped "{[/info || /info.json],methods=[GET],produces=[application/vnd.spring-boot.actuator.v1+json || application/json]}" onto public java.lang.Object org.springframework.boot.actuate.endpoint.mvc.EndpointMvcAdapter.invoke()
2018-12-04 18:19:16.200 [main] INFO  o.s.b.actuate.endpoint.mvc.EndpointHandlerMapping - Mapped "{[/heapdump || /heapdump.json],methods=[GET],produces=[application/octet-stream]}" onto public void org.springframework.boot.actuate.endpoint.mvc.HeapdumpMvcEndpoint.invoke(boolean,javax.servlet.http.HttpServletRequest,javax.servlet.http.HttpServletResponse) throws java.io.IOException,javax.servlet.ServletException
2018-12-04 18:19:16.203 [main] INFO  o.s.b.actuate.endpoint.mvc.EndpointHandlerMapping - Mapped "{[/loggers/{name:.*}],methods=[GET],produces=[application/vnd.spring-boot.actuator.v1+json || application/json]}" onto public java.lang.Object org.springframework.boot.actuate.endpoint.mvc.LoggersMvcEndpoint.get(java.lang.String)
2018-12-04 18:19:16.203 [main] INFO  o.s.b.actuate.endpoint.mvc.EndpointHandlerMapping - Mapped "{[/loggers/{name:.*}],methods=[POST],consumes=[application/vnd.spring-boot.actuator.v1+json || application/json],produces=[application/vnd.spring-boot.actuator.v1+json || application/json]}" onto public java.lang.Object org.springframework.boot.actuate.endpoint.mvc.LoggersMvcEndpoint.set(java.lang.String,java.util.Map<java.lang.String, java.lang.String>)
2018-12-04 18:19:16.203 [main] INFO  o.s.b.actuate.endpoint.mvc.EndpointHandlerMapping - Mapped "{[/loggers || /loggers.json],methods=[GET],produces=[application/vnd.spring-boot.actuator.v1+json || application/json]}" onto public java.lang.Object org.springframework.boot.actuate.endpoint.mvc.EndpointMvcAdapter.invoke()
2018-12-04 18:19:16.204 [main] INFO  o.s.b.actuate.endpoint.mvc.EndpointHandlerMapping - Mapped "{[/trace || /trace.json],methods=[GET],produces=[application/vnd.spring-boot.actuator.v1+json || application/json]}" onto public java.lang.Object org.springframework.boot.actuate.endpoint.mvc.EndpointMvcAdapter.invoke()
2018-12-04 18:19:16.204 [main] INFO  o.s.b.actuate.endpoint.mvc.EndpointHandlerMapping - Mapped "{[/sofaboot/versions || /sofaboot/versions.json],produces=[application/json]}" onto public java.lang.Object com.alipay.sofa.infra.endpoint.SofaBootVersionEndpointMvcAdapter.invoke()
2018-12-04 18:19:16.204 [main] INFO  o.s.b.actuate.endpoint.mvc.EndpointHandlerMapping - Mapped "{[/beans || /beans.json],methods=[GET],produces=[application/vnd.spring-boot.actuator.v1+json || application/json]}" onto public java.lang.Object org.springframework.boot.actuate.endpoint.mvc.EndpointMvcAdapter.invoke()
2018-12-04 18:19:16.205 [main] INFO  o.s.b.actuate.endpoint.mvc.EndpointHandlerMapping - Mapped "{[/health || /health.json],methods=[GET],produces=[application/vnd.spring-boot.actuator.v1+json || application/json]}" onto public java.lang.Object org.springframework.boot.actuate.endpoint.mvc.HealthMvcEndpoint.invoke(javax.servlet.http.HttpServletRequest,java.security.Principal)
2018-12-04 18:19:16.205 [main] INFO  o.s.b.actuate.endpoint.mvc.EndpointHandlerMapping - Mapped "{[/autoconfig || /autoconfig.json],methods=[GET],produces=[application/vnd.spring-boot.actuator.v1+json || application/json]}" onto public java.lang.Object org.springframework.boot.actuate.endpoint.mvc.EndpointMvcAdapter.invoke()
2018-12-04 18:19:16.206 [main] INFO  o.s.b.actuate.endpoint.mvc.EndpointHandlerMapping - Mapped "{[/dump || /dump.json],methods=[GET],produces=[application/vnd.spring-boot.actuator.v1+json || application/json]}" onto public java.lang.Object org.springframework.boot.actuate.endpoint.mvc.EndpointMvcAdapter.invoke()
2018-12-04 18:19:16.292 [main] INFO  o.s.jmx.export.annotation.AnnotationMBeanExporter - Registering beans for JMX exposure on startup
2018-12-04 18:19:16.295 [main] INFO  o.s.jmx.export.annotation.AnnotationMBeanExporter - Bean with name 's_t_d_s_simpleDataSource' has been autodetected for JMX exposure
2018-12-04 18:19:16.300 [main] INFO  o.s.jmx.export.annotation.AnnotationMBeanExporter - Located MBean 's_t_d_s_simpleDataSource': registering with JMX server as MBean [com.zaxxer.hikari:name=s_t_d_s_simpleDataSource,type=HikariDataSource]
2018-12-04 18:19:16.300 [main] INFO  o.s.b.actuate.endpoint.jmx.EndpointMBeanExporter - Registering beans for JMX exposure on startup
2018-12-04 18:19:16.305 [main] INFO  o.s.context.support.DefaultLifecycleProcessor - Starting beans in phase 0
2018-12-04 18:19:16.306 [main] INFO  o.s.b.actuate.endpoint.jmx.EndpointMBeanExporter - Located managed bean 'auditEventsEndpoint': registering with JMX server as MBean [org.springframework.boot:type=Endpoint,name=auditEventsEndpoint]
2018-12-04 18:19:16.321 [main] INFO  o.s.b.actuate.endpoint.jmx.EndpointMBeanExporter - Located managed bean 'readinessCheck': registering with JMX server as MBean [org.springframework.boot:type=Endpoint,name=readinessCheck]
2018-12-04 18:19:16.329 [main] INFO  o.s.b.actuate.endpoint.jmx.EndpointMBeanExporter - Located managed bean 'sofaBootVersionEndpoint': registering with JMX server as MBean [org.springframework.boot:type=Endpoint,name=sofaBootVersionEndpoint]
2018-12-04 18:19:16.332 [main] INFO  o.s.b.actuate.endpoint.jmx.EndpointMBeanExporter - Located managed bean 'requestMappingEndpoint': registering with JMX server as MBean [org.springframework.boot:type=Endpoint,name=requestMappingEndpoint]
2018-12-04 18:19:16.334 [main] INFO  o.s.b.actuate.endpoint.jmx.EndpointMBeanExporter - Located managed bean 'environmentEndpoint': registering with JMX server as MBean [org.springframework.boot:type=Endpoint,name=environmentEndpoint]
2018-12-04 18:19:16.337 [main] INFO  o.s.b.actuate.endpoint.jmx.EndpointMBeanExporter - Located managed bean 'healthEndpoint': registering with JMX server as MBean [org.springframework.boot:type=Endpoint,name=healthEndpoint]
2018-12-04 18:19:16.338 [main] INFO  o.s.b.actuate.endpoint.jmx.EndpointMBeanExporter - Located managed bean 'beansEndpoint': registering with JMX server as MBean [org.springframework.boot:type=Endpoint,name=beansEndpoint]
2018-12-04 18:19:16.340 [main] INFO  o.s.b.actuate.endpoint.jmx.EndpointMBeanExporter - Located managed bean 'infoEndpoint': registering with JMX server as MBean [org.springframework.boot:type=Endpoint,name=infoEndpoint]
2018-12-04 18:19:16.342 [main] INFO  o.s.b.actuate.endpoint.jmx.EndpointMBeanExporter - Located managed bean 'loggersEndpoint': registering with JMX server as MBean [org.springframework.boot:type=Endpoint,name=loggersEndpoint]
2018-12-04 18:19:16.346 [main] INFO  o.s.b.actuate.endpoint.jmx.EndpointMBeanExporter - Located managed bean 'metricsEndpoint': registering with JMX server as MBean [org.springframework.boot:type=Endpoint,name=metricsEndpoint]
2018-12-04 18:19:16.348 [main] INFO  o.s.b.actuate.endpoint.jmx.EndpointMBeanExporter - Located managed bean 'traceEndpoint': registering with JMX server as MBean [org.springframework.boot:type=Endpoint,name=traceEndpoint]
2018-12-04 18:19:16.349 [main] INFO  o.s.b.actuate.endpoint.jmx.EndpointMBeanExporter - Located managed bean 'dumpEndpoint': registering with JMX server as MBean [org.springframework.boot:type=Endpoint,name=dumpEndpoint]
2018-12-04 18:19:16.350 [main] INFO  o.s.b.actuate.endpoint.jmx.EndpointMBeanExporter - Located managed bean 'autoConfigurationReportEndpoint': registering with JMX server as MBean [org.springframework.boot:type=Endpoint,name=autoConfigurationReportEndpoint]
2018-12-04 18:19:16.352 [main] INFO  o.s.b.actuate.endpoint.jmx.EndpointMBeanExporter - Located managed bean 'configurationPropertiesReportEndpoint': registering with JMX server as MBean [org.springframework.boot:type=Endpoint,name=configurationPropertiesReportEndpoint]
2018-12-04 18:19:16.362 [main] INFO  com.alipay.sofa.common.log - Sofa-Middleware-Log SLF4J : Actual binding is of type [ com.alipay.remoting Logback ]
2018-12-04 18:19:17.248 [main] INFO  org.apache.coyote.http11.Http11NioProtocol - Starting ProtocolHandler ["http-nio-9999"]
2018-12-04 18:19:17.249 [main] INFO  org.apache.tomcat.util.net.NioSelectorPool - Using a shared selector for servlet write/read
2018-12-04 18:19:17.263 [main] INFO  o.s.b.c.e.tomcat.TomcatEmbeddedServletContainer - Tomcat started on port(s): 9999 (http)
2018-12-04 18:19:17.268 [main] INFO  cloud.provider.SOFABootSpringApplication - Started SOFABootSpringApplication in 5.439 seconds (JVM running for 6.993)
2018-12-04 18:19:17.268 [main] INFO  cloud.provider.SOFABootSpringApplication - Sample Service Result = Hello, Service slitecore
2018-12-04 18:19:17.268 [main] INFO  cloud.provider.SOFABootSpringApplication - Current Application Context : org.springframework.boot.context.embedded.AnnotationConfigEmbeddedWebApplicationContext@229f66ed: startup date [Tue Dec 04 18:19:12 CST 2018]; root of context hierarchy
2018-12-04 18:30:40.367 [main] INFO  com.alipay.sofa.common.log - Sofa-Middleware-Log SLF4J : Actual logging.path is [ ./logs ]
2018-12-04 18:30:40.414 [main] INFO  com.alipay.sofa.common.log - Sofa-Middleware-Log SLF4J : Actual binding is of type [ com.alipay.sofa.infra Logback ]
2018-12-04 18:30:40.430 [main] INFO  c.a.boot.sofarpc.configuration.Slite2Configuration - Not find key com.antcloud.mw.access in Java -D argument, put value uPxHLxsMmstcQCNWEh into System
2018-12-04 18:30:40.430 [main] INFO  c.a.boot.sofarpc.configuration.Slite2Configuration - Not find key com.antcloud.antvip.endpoint in Java -D argument, put value 100.103.1.174 into System
2018-12-04 18:30:40.430 [main] INFO  c.a.boot.sofarpc.configuration.Slite2Configuration - Not find key com.antcloud.mw.secret in Java -D argument, put value TyMlUB9uGRMzcc2pG0dMv6xzUXCMA1WI into System
2018-12-04 18:30:40.430 [main] INFO  c.a.boot.sofarpc.configuration.Slite2Configuration - Not find key com.alipay.env in Java -D argument, put value shared into System
2018-12-04 18:30:40.430 [main] INFO  c.a.boot.sofarpc.configuration.Slite2Configuration - Not find key com.alipay.instanceid in Java -D argument, put value IPYJUBMB231N into System
2018-12-04 18:30:40.539 [main] INFO  com.alipay.sofa.common.log - Sofa-Middleware-Log SLF4J : Actual binding is of type [ com.alipay.sofa.rpc Logback ]
2018-12-04 18:30:40.664 [main] INFO  com.alipay.sofa.common.log - Sofa-Middleware-Log SLF4J : Actual logging.path is [ ./logs ]
2018-12-04 18:30:40.664 [main] INFO  com.alipay.sofa.common.log - Sofa-Middleware-Log SLF4J : Actual binding is of type [ com.alipay.sofa.runtime Logback ]
2018-12-04 18:30:40.695 [main] INFO  com.alipay.sofa.common.log - Sofa-Middleware-Log SLF4J : Actual logging.path is [ ./logs ]
2018-12-04 18:30:40.695 [main] INFO  com.alipay.sofa.common.log - Sofa-Middleware-Log SLF4J : Actual binding is of type [ com.alipay.sofa.healthcheck Logback ]
2018-12-04 18:30:40.727 [main] INFO  cloud.provider.SOFABootSpringApplication - Starting SOFABootSpringApplication on DESKTOP-SL1Q8O9 with PID 1728 (F:\IdeaProjects\CSII\xingye-sofa-rpc\xingye-sofa-rpc-provider\bank-sofa-provider-service\target\classes started by LYF in F:\IdeaProjects\CSII\xingye-sofa-rpc)
2018-12-04 18:30:40.727 [main] INFO  cloud.provider.SOFABootSpringApplication - No active profile set, falling back to default profiles: default
2018-12-04 18:30:40.727 [background-preinit] INFO  org.hibernate.validator.internal.util.Version - HV000001: Hibernate Validator 5.3.6.Final
2018-12-04 18:30:40.773 [main] INFO  o.s.b.c.e.AnnotationConfigEmbeddedWebApplicationContext - Refreshing org.springframework.boot.context.embedded.AnnotationConfigEmbeddedWebApplicationContext@229f66ed: startup date [Tue Dec 04 18:30:40 CST 2018]; root of context hierarchy
2018-12-04 18:30:41.477 [main] INFO  o.s.beans.factory.xml.XmlBeanDefinitionReader - Loading XML bean definitions from file [F:\IdeaProjects\CSII\xingye-sofa-rpc\xingye-sofa-rpc-provider\bank-sofa-provider-service\target\classes\META-INF\xingye-sofa-rpc-provider\bank-sofa-provider-service.xml]
2018-12-04 18:30:42.336 [main] WARN  o.s.context.annotation.ConfigurationClassEnhancer - @Bean method SofaTracerDataSourceAutoConfiguration.DataSourceBeanFactoryPostProcessor is non-static and returns an object assignable to Spring's BeanFactoryPostProcessor interface. This will result in a failure to process annotations such as @Autowired, @Resource and @PostConstruct within the method's declaring @Configuration class. Add the 'static' modifier to this method to avoid these container lifecycle issues; see @Bean javadoc for complete details.
2018-12-04 18:30:42.352 [main] INFO  o.s.b.f.a.AutowiredAnnotationBeanPostProcessor - JSR-330 'javax.inject.Inject' annotation found and supported for autowiring
2018-12-04 18:30:43.023 [main] INFO  o.s.b.c.e.tomcat.TomcatEmbeddedServletContainer - Tomcat initialized with port(s): 9999 (http)
2018-12-04 18:30:43.039 [main] INFO  org.apache.coyote.http11.Http11NioProtocol - Initializing ProtocolHandler ["http-nio-9999"]
2018-12-04 18:30:43.055 [main] INFO  org.apache.catalina.core.StandardService - Starting service [Tomcat]
2018-12-04 18:30:43.055 [main] INFO  org.apache.catalina.core.StandardEngine - Starting Servlet Engine: Apache Tomcat/8.5.34
2018-12-04 18:30:43.289 [localhost-startStop-1] INFO  o.a.c.core.ContainerBase.[Tomcat].[localhost].[/] - Initializing Spring embedded WebApplicationContext
2018-12-04 18:30:43.289 [localhost-startStop-1] INFO  org.springframework.web.context.ContextLoader - Root WebApplicationContext: initialization completed in 2516 ms
2018-12-04 18:30:43.617 [localhost-startStop-1] INFO  com.alipay.sofa.common.log - Sofa-Middleware-Log SLF4J : Logger Space:{com.alipay.lookout} init ok.
2018-12-04 18:30:43.617 [localhost-startStop-1] INFO  com.alipay.sofa.common.log - Sofa-Middleware-Log SLF4J : Actual binding is of type [ com.alipay.lookout Logback ]
2018-12-04 18:30:43.711 [localhost-startStop-1] INFO  c.a.l.s.autoConfiguration.LookoutAutoConfiguration - register extended metrics.
2018-12-04 18:30:43.758 [localhost-startStop-1] INFO  c.a.l.s.autoConfiguration.LookoutAutoConfiguration - Spring Boot Metrics binding to SOFALookout Implementation!
2018-12-04 18:30:43.836 [localhost-startStop-1] INFO  o.s.boot.web.servlet.FilterRegistrationBean - Mapping filter: 'metricsFilter' to: [/*]
2018-12-04 18:30:43.836 [localhost-startStop-1] INFO  o.s.boot.web.servlet.FilterRegistrationBean - Mapping filter: 'characterEncodingFilter' to: [/*]
2018-12-04 18:30:43.836 [localhost-startStop-1] INFO  o.s.boot.web.servlet.FilterRegistrationBean - Mapping filter: 'SpringMvcSofaTracerFilter' to urls: [/*]
2018-12-04 18:30:43.836 [localhost-startStop-1] INFO  o.s.boot.web.servlet.FilterRegistrationBean - Mapping filter: 'hiddenHttpMethodFilter' to: [/*]
2018-12-04 18:30:43.836 [localhost-startStop-1] INFO  o.s.boot.web.servlet.FilterRegistrationBean - Mapping filter: 'httpPutFormContentFilter' to: [/*]
2018-12-04 18:30:43.836 [localhost-startStop-1] INFO  o.s.boot.web.servlet.FilterRegistrationBean - Mapping filter: 'requestContextFilter' to: [/*]
2018-12-04 18:30:43.836 [localhost-startStop-1] INFO  o.s.boot.web.servlet.FilterRegistrationBean - Mapping filter: 'webRequestLoggingFilter' to: [/*]
2018-12-04 18:30:43.836 [localhost-startStop-1] INFO  o.s.boot.web.servlet.FilterRegistrationBean - Mapping filter: 'applicationContextIdFilter' to: [/*]
2018-12-04 18:30:43.836 [localhost-startStop-1] INFO  o.s.boot.web.servlet.ServletRegistrationBean - Mapping servlet: 'dispatcherServlet' to [/]
2018-12-04 18:30:43.836 [localhost-startStop-1] INFO  o.s.boot.web.servlet.ServletRegistrationBean - Mapping servlet: 'webServlet' to [/h2-console/*]
2018-12-04 18:30:43.961 [main] INFO  com.alipay.sofa.common.log - Sofa-Middleware-Log SLF4J : Actual binding is of type [ com.alipay.sofa.rpc.boot Logback ]
2018-12-04 18:30:44.820 [main] INFO  o.s.w.s.m.m.a.RequestMappingHandlerAdapter - Looking for @ControllerAdvice: org.springframework.boot.context.embedded.AnnotationConfigEmbeddedWebApplicationContext@229f66ed: startup date [Tue Dec 04 18:30:40 CST 2018]; root of context hierarchy
2018-12-04 18:30:44.883 [main] INFO  o.s.w.s.m.m.a.RequestMappingHandlerMapping - Mapped "{[/error]}" onto public org.springframework.http.ResponseEntity<java.util.Map<java.lang.String, java.lang.Object>> org.springframework.boot.autoconfigure.web.BasicErrorController.error(javax.servlet.http.HttpServletRequest)
2018-12-04 18:30:44.883 [main] INFO  o.s.w.s.m.m.a.RequestMappingHandlerMapping - Mapped "{[/error],produces=[text/html]}" onto public org.springframework.web.servlet.ModelAndView org.springframework.boot.autoconfigure.web.BasicErrorController.errorHtml(javax.servlet.http.HttpServletRequest,javax.servlet.http.HttpServletResponse)
2018-12-04 18:30:44.914 [main] INFO  o.s.web.servlet.handler.SimpleUrlHandlerMapping - Mapped URL path [/webjars/**] onto handler of type [class org.springframework.web.servlet.resource.ResourceHttpRequestHandler]
2018-12-04 18:30:44.914 [main] INFO  o.s.web.servlet.handler.SimpleUrlHandlerMapping - Mapped URL path [/**] onto handler of type [class org.springframework.web.servlet.resource.ResourceHttpRequestHandler]
2018-12-04 18:30:44.961 [main] INFO  o.s.web.servlet.handler.SimpleUrlHandlerMapping - Mapped URL path [/**/favicon.ico] onto handler of type [class org.springframework.web.servlet.resource.ResourceHttpRequestHandler]
2018-12-04 18:30:45.602 [main] INFO  o.s.b.actuate.endpoint.mvc.EndpointHandlerMapping - Mapped "{[/configprops || /configprops.json],methods=[GET],produces=[application/vnd.spring-boot.actuator.v1+json || application/json]}" onto public java.lang.Object org.springframework.boot.actuate.endpoint.mvc.EndpointMvcAdapter.invoke()
2018-12-04 18:30:45.602 [main] INFO  o.s.b.actuate.endpoint.mvc.EndpointHandlerMapping - Mapped "{[/metrics/{name:.*}],methods=[GET],produces=[application/vnd.spring-boot.actuator.v1+json || application/json]}" onto public java.lang.Object org.springframework.boot.actuate.endpoint.mvc.MetricsMvcEndpoint.value(java.lang.String)
2018-12-04 18:30:45.602 [main] INFO  o.s.b.actuate.endpoint.mvc.EndpointHandlerMapping - Mapped "{[/metrics || /metrics.json],methods=[GET],produces=[application/vnd.spring-boot.actuator.v1+json || application/json]}" onto public java.lang.Object org.springframework.boot.actuate.endpoint.mvc.EndpointMvcAdapter.invoke()
2018-12-04 18:30:45.602 [main] INFO  o.s.b.actuate.endpoint.mvc.EndpointHandlerMapping - Mapped "{[/autoconfig || /autoconfig.json],methods=[GET],produces=[application/vnd.spring-boot.actuator.v1+json || application/json]}" onto public java.lang.Object org.springframework.boot.actuate.endpoint.mvc.EndpointMvcAdapter.invoke()
2018-12-04 18:30:45.602 [main] INFO  o.s.b.actuate.endpoint.mvc.EndpointHandlerMapping - Mapped "{[/sofaboot/versions || /sofaboot/versions.json],produces=[application/json]}" onto public java.lang.Object com.alipay.sofa.infra.endpoint.SofaBootVersionEndpointMvcAdapter.invoke()
2018-12-04 18:30:45.602 [main] INFO  o.s.b.actuate.endpoint.mvc.EndpointHandlerMapping - Mapped "{[/env/{name:.*}],methods=[GET],produces=[application/vnd.spring-boot.actuator.v1+json || application/json]}" onto public java.lang.Object org.springframework.boot.actuate.endpoint.mvc.EnvironmentMvcEndpoint.value(java.lang.String)
2018-12-04 18:30:45.602 [main] INFO  o.s.b.actuate.endpoint.mvc.EndpointHandlerMapping - Mapped "{[/env || /env.json],methods=[GET],produces=[application/vnd.spring-boot.actuator.v1+json || application/json]}" onto public java.lang.Object org.springframework.boot.actuate.endpoint.mvc.EndpointMvcAdapter.invoke()
2018-12-04 18:30:45.602 [main] INFO  o.s.b.actuate.endpoint.mvc.EndpointHandlerMapping - Mapped "{[/logfile || /logfile.json],methods=[GET || HEAD]}" onto public void org.springframework.boot.actuate.endpoint.mvc.LogFileMvcEndpoint.invoke(javax.servlet.http.HttpServletRequest,javax.servlet.http.HttpServletResponse) throws javax.servlet.ServletException,java.io.IOException
2018-12-04 18:30:45.602 [main] INFO  o.s.b.actuate.endpoint.mvc.EndpointHandlerMapping - Mapped "{[/auditevents || /auditevents.json],methods=[GET],produces=[application/vnd.spring-boot.actuator.v1+json || application/json]}" onto public org.springframework.http.ResponseEntity<?> org.springframework.boot.actuate.endpoint.mvc.AuditEventsMvcEndpoint.findByPrincipalAndAfterAndType(java.lang.String,java.util.Date,java.lang.String)
2018-12-04 18:30:45.602 [main] INFO  o.s.b.actuate.endpoint.mvc.EndpointHandlerMapping - Mapped "{[/trace || /trace.json],methods=[GET],produces=[application/vnd.spring-boot.actuator.v1+json || application/json]}" onto public java.lang.Object org.springframework.boot.actuate.endpoint.mvc.EndpointMvcAdapter.invoke()
2018-12-04 18:30:45.602 [main] INFO  o.s.b.actuate.endpoint.mvc.EndpointHandlerMapping - Mapped "{[/dump || /dump.json],methods=[GET],produces=[application/vnd.spring-boot.actuator.v1+json || application/json]}" onto public java.lang.Object org.springframework.boot.actuate.endpoint.mvc.EndpointMvcAdapter.invoke()
2018-12-04 18:30:45.602 [main] INFO  o.s.b.actuate.endpoint.mvc.EndpointHandlerMapping - Mapped "{[/heapdump || /heapdump.json],methods=[GET],produces=[application/octet-stream]}" onto public void org.springframework.boot.actuate.endpoint.mvc.HeapdumpMvcEndpoint.invoke(boolean,javax.servlet.http.HttpServletRequest,javax.servlet.http.HttpServletResponse) throws java.io.IOException,javax.servlet.ServletException
2018-12-04 18:30:45.602 [main] INFO  o.s.b.actuate.endpoint.mvc.EndpointHandlerMapping - Mapped "{[/beans || /beans.json],methods=[GET],produces=[application/vnd.spring-boot.actuator.v1+json || application/json]}" onto public java.lang.Object org.springframework.boot.actuate.endpoint.mvc.EndpointMvcAdapter.invoke()
2018-12-04 18:30:45.617 [main] INFO  o.s.b.actuate.endpoint.mvc.EndpointHandlerMapping - Mapped "{[/loggers/{name:.*}],methods=[GET],produces=[application/vnd.spring-boot.actuator.v1+json || application/json]}" onto public java.lang.Object org.springframework.boot.actuate.endpoint.mvc.LoggersMvcEndpoint.get(java.lang.String)
2018-12-04 18:30:45.617 [main] INFO  o.s.b.actuate.endpoint.mvc.EndpointHandlerMapping - Mapped "{[/loggers/{name:.*}],methods=[POST],consumes=[application/vnd.spring-boot.actuator.v1+json || application/json],produces=[application/vnd.spring-boot.actuator.v1+json || application/json]}" onto public java.lang.Object org.springframework.boot.actuate.endpoint.mvc.LoggersMvcEndpoint.set(java.lang.String,java.util.Map<java.lang.String, java.lang.String>)
2018-12-04 18:30:45.617 [main] INFO  o.s.b.actuate.endpoint.mvc.EndpointHandlerMapping - Mapped "{[/loggers || /loggers.json],methods=[GET],produces=[application/vnd.spring-boot.actuator.v1+json || application/json]}" onto public java.lang.Object org.springframework.boot.actuate.endpoint.mvc.EndpointMvcAdapter.invoke()
2018-12-04 18:30:45.617 [main] INFO  o.s.b.actuate.endpoint.mvc.EndpointHandlerMapping - Mapped "{[/health/readiness || /health/readiness.json],produces=[application/json]}" onto public java.lang.Object com.alipay.sofa.healthcheck.service.SofaBootReadinessCheckMvcEndpoint.invoke(java.security.Principal)
2018-12-04 18:30:45.617 [main] INFO  o.s.b.actuate.endpoint.mvc.EndpointHandlerMapping - Mapped "{[/health || /health.json],methods=[GET],produces=[application/vnd.spring-boot.actuator.v1+json || application/json]}" onto public java.lang.Object org.springframework.boot.actuate.endpoint.mvc.HealthMvcEndpoint.invoke(javax.servlet.http.HttpServletRequest,java.security.Principal)
2018-12-04 18:30:45.617 [main] INFO  o.s.b.actuate.endpoint.mvc.EndpointHandlerMapping - Mapped "{[/mappings || /mappings.json],methods=[GET],produces=[application/vnd.spring-boot.actuator.v1+json || application/json]}" onto public java.lang.Object org.springframework.boot.actuate.endpoint.mvc.EndpointMvcAdapter.invoke()
2018-12-04 18:30:45.617 [main] INFO  o.s.b.actuate.endpoint.mvc.EndpointHandlerMapping - Mapped "{[/info || /info.json],methods=[GET],produces=[application/vnd.spring-boot.actuator.v1+json || application/json]}" onto public java.lang.Object org.springframework.boot.actuate.endpoint.mvc.EndpointMvcAdapter.invoke()
2018-12-04 18:30:45.742 [main] INFO  o.s.jmx.export.annotation.AnnotationMBeanExporter - Registering beans for JMX exposure on startup
2018-12-04 18:30:45.758 [main] INFO  o.s.jmx.export.annotation.AnnotationMBeanExporter - Bean with name 's_t_d_s_simpleDataSource' has been autodetected for JMX exposure
2018-12-04 18:30:45.773 [main] INFO  o.s.jmx.export.annotation.AnnotationMBeanExporter - Located MBean 's_t_d_s_simpleDataSource': registering with JMX server as MBean [com.zaxxer.hikari:name=s_t_d_s_simpleDataSource,type=HikariDataSource]
2018-12-04 18:30:45.773 [main] INFO  o.s.b.actuate.endpoint.jmx.EndpointMBeanExporter - Registering beans for JMX exposure on startup
2018-12-04 18:30:45.773 [main] INFO  o.s.context.support.DefaultLifecycleProcessor - Starting beans in phase 0
2018-12-04 18:30:45.773 [main] INFO  o.s.b.actuate.endpoint.jmx.EndpointMBeanExporter - Located managed bean 'auditEventsEndpoint': registering with JMX server as MBean [org.springframework.boot:type=Endpoint,name=auditEventsEndpoint]
2018-12-04 18:30:45.789 [main] INFO  o.s.b.actuate.endpoint.jmx.EndpointMBeanExporter - Located managed bean 'readinessCheck': registering with JMX server as MBean [org.springframework.boot:type=Endpoint,name=readinessCheck]
2018-12-04 18:30:45.805 [main] INFO  o.s.b.actuate.endpoint.jmx.EndpointMBeanExporter - Located managed bean 'sofaBootVersionEndpoint': registering with JMX server as MBean [org.springframework.boot:type=Endpoint,name=sofaBootVersionEndpoint]
2018-12-04 18:30:45.805 [main] INFO  o.s.b.actuate.endpoint.jmx.EndpointMBeanExporter - Located managed bean 'requestMappingEndpoint': registering with JMX server as MBean [org.springframework.boot:type=Endpoint,name=requestMappingEndpoint]
2018-12-04 18:30:45.820 [main] INFO  o.s.b.actuate.endpoint.jmx.EndpointMBeanExporter - Located managed bean 'environmentEndpoint': registering with JMX server as MBean [org.springframework.boot:type=Endpoint,name=environmentEndpoint]
2018-12-04 18:30:45.820 [main] INFO  o.s.b.actuate.endpoint.jmx.EndpointMBeanExporter - Located managed bean 'healthEndpoint': registering with JMX server as MBean [org.springframework.boot:type=Endpoint,name=healthEndpoint]
2018-12-04 18:30:45.820 [main] INFO  o.s.b.actuate.endpoint.jmx.EndpointMBeanExporter - Located managed bean 'beansEndpoint': registering with JMX server as MBean [org.springframework.boot:type=Endpoint,name=beansEndpoint]
2018-12-04 18:30:45.820 [main] INFO  o.s.b.actuate.endpoint.jmx.EndpointMBeanExporter - Located managed bean 'infoEndpoint': registering with JMX server as MBean [org.springframework.boot:type=Endpoint,name=infoEndpoint]
2018-12-04 18:30:45.820 [main] INFO  o.s.b.actuate.endpoint.jmx.EndpointMBeanExporter - Located managed bean 'loggersEndpoint': registering with JMX server as MBean [org.springframework.boot:type=Endpoint,name=loggersEndpoint]
2018-12-04 18:30:45.836 [main] INFO  o.s.b.actuate.endpoint.jmx.EndpointMBeanExporter - Located managed bean 'metricsEndpoint': registering with JMX server as MBean [org.springframework.boot:type=Endpoint,name=metricsEndpoint]
2018-12-04 18:30:45.836 [main] INFO  o.s.b.actuate.endpoint.jmx.EndpointMBeanExporter - Located managed bean 'traceEndpoint': registering with JMX server as MBean [org.springframework.boot:type=Endpoint,name=traceEndpoint]
2018-12-04 18:30:45.836 [main] INFO  o.s.b.actuate.endpoint.jmx.EndpointMBeanExporter - Located managed bean 'dumpEndpoint': registering with JMX server as MBean [org.springframework.boot:type=Endpoint,name=dumpEndpoint]
2018-12-04 18:30:45.836 [main] INFO  o.s.b.actuate.endpoint.jmx.EndpointMBeanExporter - Located managed bean 'autoConfigurationReportEndpoint': registering with JMX server as MBean [org.springframework.boot:type=Endpoint,name=autoConfigurationReportEndpoint]
2018-12-04 18:30:45.836 [main] INFO  o.s.b.actuate.endpoint.jmx.EndpointMBeanExporter - Located managed bean 'configurationPropertiesReportEndpoint': registering with JMX server as MBean [org.springframework.boot:type=Endpoint,name=configurationPropertiesReportEndpoint]
2018-12-04 18:30:45.852 [main] INFO  com.alipay.sofa.common.log - Sofa-Middleware-Log SLF4J : Actual binding is of type [ com.alipay.remoting Logback ]
2018-12-04 18:30:47.008 [main] INFO  org.apache.coyote.http11.Http11NioProtocol - Starting ProtocolHandler ["http-nio-9999"]
2018-12-04 18:30:47.008 [main] INFO  org.apache.tomcat.util.net.NioSelectorPool - Using a shared selector for servlet write/read
2018-12-04 18:30:47.023 [main] INFO  o.s.b.c.e.tomcat.TomcatEmbeddedServletContainer - Tomcat started on port(s): 9999 (http)
2018-12-04 18:30:47.023 [main] INFO  cloud.provider.SOFABootSpringApplication - Started SOFABootSpringApplication in 7.609 seconds (JVM running for 10.049)
2018-12-04 18:30:47.023 [main] INFO  cloud.provider.SOFABootSpringApplication - Sample Service Result = Hello, Service slitecore
2018-12-04 18:30:47.023 [main] INFO  cloud.provider.SOFABootSpringApplication - Current Application Context : org.springframework.boot.context.embedded.AnnotationConfigEmbeddedWebApplicationContext@229f66ed: startup date [Tue Dec 04 18:30:40 CST 2018]; root of context hierarchy
2018-12-04 18:31:33.336 [http-nio-9999-exec-1] INFO  o.a.c.core.ContainerBase.[Tomcat].[localhost].[/] - Initializing Spring FrameworkServlet 'dispatcherServlet'
2018-12-04 18:31:33.336 [http-nio-9999-exec-1] INFO  org.springframework.web.servlet.DispatcherServlet - FrameworkServlet 'dispatcherServlet': initialization started
2018-12-04 18:31:33.383 [http-nio-9999-exec-1] INFO  org.springframework.web.servlet.DispatcherServlet - FrameworkServlet 'dispatcherServlet': initialization completed in 47 ms
