2018-12-04 17:41:02.164 [main] ERROR org.springframework.boot.SpringApplication - Application startup failed
org.springframework.beans.factory.UnsatisfiedDependencyException: Error creating bean with name 'RPCCallerController': Unsatisfied dependency expressed through field 'callerService'; nested exception is org.springframework.beans.factory.BeanCreationException: Error creating bean with name 'callerService': Invocation of init method failed; nested exception is com.alipay.sofa.runtime.api.ServiceRuntimeException: Unable to get implementation of reference component, there's some error occurred when register this reference component.
	at org.springframework.beans.factory.annotation.AutowiredAnnotationBeanPostProcessor$AutowiredFieldElement.inject(AutowiredAnnotationBeanPostProcessor.java:588)
	at org.springframework.beans.factory.annotation.InjectionMetadata.inject(InjectionMetadata.java:87)
	at org.springframework.beans.factory.annotation.AutowiredAnnotationBeanPostProcessor.postProcessPropertyValues(AutowiredAnnotationBeanPostProcessor.java:366)
	at org.springframework.beans.factory.support.AbstractAutowireCapableBeanFactory.populateBean(AbstractAutowireCapableBeanFactory.java:1269)
	at org.springframework.beans.factory.support.AbstractAutowireCapableBeanFactory.doCreateBean(AbstractAutowireCapableBeanFactory.java:551)
	at org.springframework.beans.factory.support.AbstractAutowireCapableBeanFactory.createBean(AbstractAutowireCapableBeanFactory.java:481)
	at org.springframework.beans.factory.support.AbstractBeanFactory$1.getObject(AbstractBeanFactory.java:312)
	at org.springframework.beans.factory.support.DefaultSingletonBeanRegistry.getSingleton(DefaultSingletonBeanRegistry.java:230)
	at org.springframework.beans.factory.support.AbstractBeanFactory.doGetBean(AbstractBeanFactory.java:308)
	at org.springframework.beans.factory.support.AbstractBeanFactory.getBean(AbstractBeanFactory.java:197)
	at org.springframework.beans.factory.support.DefaultListableBeanFactory.preInstantiateSingletons(DefaultListableBeanFactory.java:761)
	at org.springframework.context.support.AbstractApplicationContext.finishBeanFactoryInitialization(AbstractApplicationContext.java:867)
	at org.springframework.context.support.AbstractApplicationContext.refresh(AbstractApplicationContext.java:543)
	at org.springframework.boot.context.embedded.EmbeddedWebApplicationContext.refresh(EmbeddedWebApplicationContext.java:122)
	at org.springframework.boot.SpringApplication.refresh(SpringApplication.java:693)
	at org.springframework.boot.SpringApplication.refreshContext(SpringApplication.java:360)
	at org.springframework.boot.SpringApplication.run(SpringApplication.java:303)
	at cloud.consumer.SOFABootWebSpringApplication.main(SOFABootWebSpringApplication.java:22)
Caused by: org.springframework.beans.factory.BeanCreationException: Error creating bean with name 'callerService': Invocation of init method failed; nested exception is com.alipay.sofa.runtime.api.ServiceRuntimeException: Unable to get implementation of reference component, there's some error occurred when register this reference component.
	at org.springframework.beans.factory.support.AbstractAutowireCapableBeanFactory.initializeBean(AbstractAutowireCapableBeanFactory.java:1631)
	at org.springframework.beans.factory.support.AbstractAutowireCapableBeanFactory.doCreateBean(AbstractAutowireCapableBeanFactory.java:553)
	at org.springframework.beans.factory.support.AbstractAutowireCapableBeanFactory.createBean(AbstractAutowireCapableBeanFactory.java:481)
	at org.springframework.beans.factory.support.AbstractBeanFactory$1.getObject(AbstractBeanFactory.java:312)
	at org.springframework.beans.factory.support.DefaultSingletonBeanRegistry.getSingleton(DefaultSingletonBeanRegistry.java:230)
	at org.springframework.beans.factory.support.AbstractBeanFactory.doGetBean(AbstractBeanFactory.java:308)
	at org.springframework.beans.factory.support.AbstractBeanFactory.getBean(AbstractBeanFactory.java:202)
	at org.springframework.beans.factory.config.DependencyDescriptor.resolveCandidate(DependencyDescriptor.java:208)
	at org.springframework.beans.factory.support.DefaultListableBeanFactory.doResolveDependency(DefaultListableBeanFactory.java:1136)
	at org.springframework.beans.factory.support.DefaultListableBeanFactory.resolveDependency(DefaultListableBeanFactory.java:1064)
	at org.springframework.beans.factory.annotation.AutowiredAnnotationBeanPostProcessor$AutowiredFieldElement.inject(AutowiredAnnotationBeanPostProcessor.java:585)
	... 17 common frames omitted
Caused by: com.alipay.sofa.runtime.api.ServiceRuntimeException: Unable to get implementation of reference component, there's some error occurred when register this reference component.
	at com.alipay.sofa.runtime.service.component.ReferenceComponent.getImplementation(ReferenceComponent.java:206)
	at com.alipay.sofa.runtime.service.helper.ReferenceRegisterHelper.registerReference(ReferenceRegisterHelper.java:59)
	at com.alipay.sofa.runtime.spring.factory.ReferenceFactoryBean.doAfterPropertiesSet(ReferenceFactoryBean.java:58)
	at com.alipay.sofa.runtime.spring.factory.AbstractContractFactoryBean.afterPropertiesSet(AbstractContractFactoryBean.java:96)
	at org.springframework.beans.factory.support.AbstractAutowireCapableBeanFactory.invokeInitMethods(AbstractAutowireCapableBeanFactory.java:1689)
	at org.springframework.beans.factory.support.AbstractAutowireCapableBeanFactory.initializeBean(AbstractAutowireCapableBeanFactory.java:1627)
	... 27 common frames omitted
Caused by: java.lang.Exception: com.alipay.sofa.rpc.boot.common.SofaBootRpcRuntimeException: registry config [C:\Users\LYF\localFileRegistry\localRegistry.reg] is not supported
	at com.alipay.sofa.runtime.component.impl.ComponentManagerImpl.doRegister(ComponentManagerImpl.java:159)
	at com.alipay.sofa.runtime.component.impl.ComponentManagerImpl.registerAndGet(ComponentManagerImpl.java:116)
	at com.alipay.sofa.runtime.service.helper.ReferenceRegisterHelper.registerReference(ReferenceRegisterHelper.java:58)
	... 31 common frames omitted
Caused by: com.alipay.sofa.rpc.boot.common.SofaBootRpcRuntimeException: registry config [C:\Users\LYF\localFileRegistry\localRegistry.reg] is not supported
	at com.alipay.sofa.rpc.boot.container.RegistryConfigContainer.getRegistryConfig(RegistryConfigContainer.java:137)
	at com.alipay.sofa.rpc.boot.container.RegistryConfigContainer.getRegistryConfig(RegistryConfigContainer.java:150)
	at com.alipay.boot.sofarpc.adapter.TrBindingAdapter.createConsumerConfig(TrBindingAdapter.java:192)
	at com.alipay.boot.sofarpc.adapter.TrBindingAdapter.inBinding(TrBindingAdapter.java:132)
	at com.alipay.boot.sofarpc.adapter.TrBindingAdapter.inBinding(TrBindingAdapter.java:59)
	at com.alipay.sofa.runtime.service.component.ReferenceComponent.createProxy(ReferenceComponent.java:229)
	at com.alipay.sofa.runtime.service.component.ReferenceComponent.activate(ReferenceComponent.java:145)
	at com.alipay.sofa.runtime.component.impl.ComponentManagerImpl.doRegister(ComponentManagerImpl.java:156)
	... 33 common frames omitted
2018-12-04 17:42:37.804 [main] ERROR org.springframework.boot.SpringApplication - Application startup failed
org.springframework.beans.factory.UnsatisfiedDependencyException: Error creating bean with name 'RPCCallerController': Unsatisfied dependency expressed through field 'callerService'; nested exception is org.springframework.beans.factory.BeanCreationException: Error creating bean with name 'callerService': Invocation of init method failed; nested exception is com.alipay.sofa.runtime.api.ServiceRuntimeException: Unable to get implementation of reference component, there's some error occurred when register this reference component.
	at org.springframework.beans.factory.annotation.AutowiredAnnotationBeanPostProcessor$AutowiredFieldElement.inject(AutowiredAnnotationBeanPostProcessor.java:588)
	at org.springframework.beans.factory.annotation.InjectionMetadata.inject(InjectionMetadata.java:87)
	at org.springframework.beans.factory.annotation.AutowiredAnnotationBeanPostProcessor.postProcessPropertyValues(AutowiredAnnotationBeanPostProcessor.java:366)
	at org.springframework.beans.factory.support.AbstractAutowireCapableBeanFactory.populateBean(AbstractAutowireCapableBeanFactory.java:1269)
	at org.springframework.beans.factory.support.AbstractAutowireCapableBeanFactory.doCreateBean(AbstractAutowireCapableBeanFactory.java:551)
	at org.springframework.beans.factory.support.AbstractAutowireCapableBeanFactory.createBean(AbstractAutowireCapableBeanFactory.java:481)
	at org.springframework.beans.factory.support.AbstractBeanFactory$1.getObject(AbstractBeanFactory.java:312)
	at org.springframework.beans.factory.support.DefaultSingletonBeanRegistry.getSingleton(DefaultSingletonBeanRegistry.java:230)
	at org.springframework.beans.factory.support.AbstractBeanFactory.doGetBean(AbstractBeanFactory.java:308)
	at org.springframework.beans.factory.support.AbstractBeanFactory.getBean(AbstractBeanFactory.java:197)
	at org.springframework.beans.factory.support.DefaultListableBeanFactory.preInstantiateSingletons(DefaultListableBeanFactory.java:761)
	at org.springframework.context.support.AbstractApplicationContext.finishBeanFactoryInitialization(AbstractApplicationContext.java:867)
	at org.springframework.context.support.AbstractApplicationContext.refresh(AbstractApplicationContext.java:543)
	at org.springframework.boot.context.embedded.EmbeddedWebApplicationContext.refresh(EmbeddedWebApplicationContext.java:122)
	at org.springframework.boot.SpringApplication.refresh(SpringApplication.java:693)
	at org.springframework.boot.SpringApplication.refreshContext(SpringApplication.java:360)
	at org.springframework.boot.SpringApplication.run(SpringApplication.java:303)
	at cloud.consumer.SOFABootWebSpringApplication.main(SOFABootWebSpringApplication.java:22)
Caused by: org.springframework.beans.factory.BeanCreationException: Error creating bean with name 'callerService': Invocation of init method failed; nested exception is com.alipay.sofa.runtime.api.ServiceRuntimeException: Unable to get implementation of reference component, there's some error occurred when register this reference component.
	at org.springframework.beans.factory.support.AbstractAutowireCapableBeanFactory.initializeBean(AbstractAutowireCapableBeanFactory.java:1631)
	at org.springframework.beans.factory.support.AbstractAutowireCapableBeanFactory.doCreateBean(AbstractAutowireCapableBeanFactory.java:553)
	at org.springframework.beans.factory.support.AbstractAutowireCapableBeanFactory.createBean(AbstractAutowireCapableBeanFactory.java:481)
	at org.springframework.beans.factory.support.AbstractBeanFactory$1.getObject(AbstractBeanFactory.java:312)
	at org.springframework.beans.factory.support.DefaultSingletonBeanRegistry.getSingleton(DefaultSingletonBeanRegistry.java:230)
	at org.springframework.beans.factory.support.AbstractBeanFactory.doGetBean(AbstractBeanFactory.java:308)
	at org.springframework.beans.factory.support.AbstractBeanFactory.getBean(AbstractBeanFactory.java:202)
	at org.springframework.beans.factory.config.DependencyDescriptor.resolveCandidate(DependencyDescriptor.java:208)
	at org.springframework.beans.factory.support.DefaultListableBeanFactory.doResolveDependency(DefaultListableBeanFactory.java:1136)
	at org.springframework.beans.factory.support.DefaultListableBeanFactory.resolveDependency(DefaultListableBeanFactory.java:1064)
	at org.springframework.beans.factory.annotation.AutowiredAnnotationBeanPostProcessor$AutowiredFieldElement.inject(AutowiredAnnotationBeanPostProcessor.java:585)
	... 17 common frames omitted
Caused by: com.alipay.sofa.runtime.api.ServiceRuntimeException: Unable to get implementation of reference component, there's some error occurred when register this reference component.
	at com.alipay.sofa.runtime.service.component.ReferenceComponent.getImplementation(ReferenceComponent.java:206)
	at com.alipay.sofa.runtime.service.helper.ReferenceRegisterHelper.registerReference(ReferenceRegisterHelper.java:59)
	at com.alipay.sofa.runtime.spring.factory.ReferenceFactoryBean.doAfterPropertiesSet(ReferenceFactoryBean.java:58)
	at com.alipay.sofa.runtime.spring.factory.AbstractContractFactoryBean.afterPropertiesSet(AbstractContractFactoryBean.java:96)
	at org.springframework.beans.factory.support.AbstractAutowireCapableBeanFactory.invokeInitMethods(AbstractAutowireCapableBeanFactory.java:1689)
	at org.springframework.beans.factory.support.AbstractAutowireCapableBeanFactory.initializeBean(AbstractAutowireCapableBeanFactory.java:1627)
	... 27 common frames omitted
Caused by: java.lang.Exception: com.alipay.sofa.rpc.boot.common.SofaBootRpcRuntimeException: registry config [C:\Users\LYF\localFileRegistry\localRegistry.reg] is not supported
	at com.alipay.sofa.runtime.component.impl.ComponentManagerImpl.doRegister(ComponentManagerImpl.java:159)
	at com.alipay.sofa.runtime.component.impl.ComponentManagerImpl.registerAndGet(ComponentManagerImpl.java:116)
	at com.alipay.sofa.runtime.service.helper.ReferenceRegisterHelper.registerReference(ReferenceRegisterHelper.java:58)
	... 31 common frames omitted
Caused by: com.alipay.sofa.rpc.boot.common.SofaBootRpcRuntimeException: registry config [C:\Users\LYF\localFileRegistry\localRegistry.reg] is not supported
	at com.alipay.sofa.rpc.boot.container.RegistryConfigContainer.getRegistryConfig(RegistryConfigContainer.java:137)
	at com.alipay.sofa.rpc.boot.container.RegistryConfigContainer.getRegistryConfig(RegistryConfigContainer.java:150)
	at com.alipay.boot.sofarpc.adapter.TrBindingAdapter.createConsumerConfig(TrBindingAdapter.java:192)
	at com.alipay.boot.sofarpc.adapter.TrBindingAdapter.inBinding(TrBindingAdapter.java:132)
	at com.alipay.boot.sofarpc.adapter.TrBindingAdapter.inBinding(TrBindingAdapter.java:59)
	at com.alipay.sofa.runtime.service.component.ReferenceComponent.createProxy(ReferenceComponent.java:229)
	at com.alipay.sofa.runtime.service.component.ReferenceComponent.activate(ReferenceComponent.java:145)
	at com.alipay.sofa.runtime.component.impl.ComponentManagerImpl.doRegister(ComponentManagerImpl.java:156)
	... 33 common frames omitted
2018-12-04 17:48:36.577 [main] ERROR org.springframework.boot.SpringApplication - Application startup failed
org.springframework.beans.factory.UnsatisfiedDependencyException: Error creating bean with name 'RPCCallerController': Unsatisfied dependency expressed through field 'callerService'; nested exception is org.springframework.beans.factory.BeanCreationException: Error creating bean with name 'callerService': Invocation of init method failed; nested exception is com.alipay.sofa.runtime.api.ServiceRuntimeException: Unable to get implementation of reference component, there's some error occurred when register this reference component.
	at org.springframework.beans.factory.annotation.AutowiredAnnotationBeanPostProcessor$AutowiredFieldElement.inject(AutowiredAnnotationBeanPostProcessor.java:588)
	at org.springframework.beans.factory.annotation.InjectionMetadata.inject(InjectionMetadata.java:87)
	at org.springframework.beans.factory.annotation.AutowiredAnnotationBeanPostProcessor.postProcessPropertyValues(AutowiredAnnotationBeanPostProcessor.java:366)
	at org.springframework.beans.factory.support.AbstractAutowireCapableBeanFactory.populateBean(AbstractAutowireCapableBeanFactory.java:1269)
	at org.springframework.beans.factory.support.AbstractAutowireCapableBeanFactory.doCreateBean(AbstractAutowireCapableBeanFactory.java:551)
	at org.springframework.beans.factory.support.AbstractAutowireCapableBeanFactory.createBean(AbstractAutowireCapableBeanFactory.java:481)
	at org.springframework.beans.factory.support.AbstractBeanFactory$1.getObject(AbstractBeanFactory.java:312)
	at org.springframework.beans.factory.support.DefaultSingletonBeanRegistry.getSingleton(DefaultSingletonBeanRegistry.java:230)
	at org.springframework.beans.factory.support.AbstractBeanFactory.doGetBean(AbstractBeanFactory.java:308)
	at org.springframework.beans.factory.support.AbstractBeanFactory.getBean(AbstractBeanFactory.java:197)
	at org.springframework.beans.factory.support.DefaultListableBeanFactory.preInstantiateSingletons(DefaultListableBeanFactory.java:761)
	at org.springframework.context.support.AbstractApplicationContext.finishBeanFactoryInitialization(AbstractApplicationContext.java:867)
	at org.springframework.context.support.AbstractApplicationContext.refresh(AbstractApplicationContext.java:543)
	at org.springframework.boot.context.embedded.EmbeddedWebApplicationContext.refresh(EmbeddedWebApplicationContext.java:122)
	at org.springframework.boot.SpringApplication.refresh(SpringApplication.java:693)
	at org.springframework.boot.SpringApplication.refreshContext(SpringApplication.java:360)
	at org.springframework.boot.SpringApplication.run(SpringApplication.java:303)
	at cloud.consumer.SOFABootWebSpringApplication.main(SOFABootWebSpringApplication.java:22)
Caused by: org.springframework.beans.factory.BeanCreationException: Error creating bean with name 'callerService': Invocation of init method failed; nested exception is com.alipay.sofa.runtime.api.ServiceRuntimeException: Unable to get implementation of reference component, there's some error occurred when register this reference component.
	at org.springframework.beans.factory.support.AbstractAutowireCapableBeanFactory.initializeBean(AbstractAutowireCapableBeanFactory.java:1631)
	at org.springframework.beans.factory.support.AbstractAutowireCapableBeanFactory.doCreateBean(AbstractAutowireCapableBeanFactory.java:553)
	at org.springframework.beans.factory.support.AbstractAutowireCapableBeanFactory.createBean(AbstractAutowireCapableBeanFactory.java:481)
	at org.springframework.beans.factory.support.AbstractBeanFactory$1.getObject(AbstractBeanFactory.java:312)
	at org.springframework.beans.factory.support.DefaultSingletonBeanRegistry.getSingleton(DefaultSingletonBeanRegistry.java:230)
	at org.springframework.beans.factory.support.AbstractBeanFactory.doGetBean(AbstractBeanFactory.java:308)
	at org.springframework.beans.factory.support.AbstractBeanFactory.getBean(AbstractBeanFactory.java:202)
	at org.springframework.beans.factory.config.DependencyDescriptor.resolveCandidate(DependencyDescriptor.java:208)
	at org.springframework.beans.factory.support.DefaultListableBeanFactory.doResolveDependency(DefaultListableBeanFactory.java:1136)
	at org.springframework.beans.factory.support.DefaultListableBeanFactory.resolveDependency(DefaultListableBeanFactory.java:1064)
	at org.springframework.beans.factory.annotation.AutowiredAnnotationBeanPostProcessor$AutowiredFieldElement.inject(AutowiredAnnotationBeanPostProcessor.java:585)
	... 17 common frames omitted
Caused by: com.alipay.sofa.runtime.api.ServiceRuntimeException: Unable to get implementation of reference component, there's some error occurred when register this reference component.
	at com.alipay.sofa.runtime.service.component.ReferenceComponent.getImplementation(ReferenceComponent.java:206)
	at com.alipay.sofa.runtime.service.helper.ReferenceRegisterHelper.registerReference(ReferenceRegisterHelper.java:59)
	at com.alipay.sofa.runtime.spring.factory.ReferenceFactoryBean.doAfterPropertiesSet(ReferenceFactoryBean.java:58)
	at com.alipay.sofa.runtime.spring.factory.AbstractContractFactoryBean.afterPropertiesSet(AbstractContractFactoryBean.java:96)
	at org.springframework.beans.factory.support.AbstractAutowireCapableBeanFactory.invokeInitMethods(AbstractAutowireCapableBeanFactory.java:1689)
	at org.springframework.beans.factory.support.AbstractAutowireCapableBeanFactory.initializeBean(AbstractAutowireCapableBeanFactory.java:1627)
	... 27 common frames omitted
Caused by: java.lang.Exception: com.alipay.sofa.rpc.boot.common.SofaBootRpcRuntimeException: registry config [C:\Users\LYF\localFileRegistry\localRegistry.reg] is not supported
	at com.alipay.sofa.runtime.component.impl.ComponentManagerImpl.doRegister(ComponentManagerImpl.java:159)
	at com.alipay.sofa.runtime.component.impl.ComponentManagerImpl.registerAndGet(ComponentManagerImpl.java:116)
	at com.alipay.sofa.runtime.service.helper.ReferenceRegisterHelper.registerReference(ReferenceRegisterHelper.java:58)
	... 31 common frames omitted
Caused by: com.alipay.sofa.rpc.boot.common.SofaBootRpcRuntimeException: registry config [C:\Users\LYF\localFileRegistry\localRegistry.reg] is not supported
	at com.alipay.sofa.rpc.boot.container.RegistryConfigContainer.getRegistryConfig(RegistryConfigContainer.java:137)
	at com.alipay.sofa.rpc.boot.container.RegistryConfigContainer.getRegistryConfig(RegistryConfigContainer.java:150)
	at com.alipay.boot.sofarpc.adapter.TrBindingAdapter.createConsumerConfig(TrBindingAdapter.java:192)
	at com.alipay.boot.sofarpc.adapter.TrBindingAdapter.inBinding(TrBindingAdapter.java:132)
	at com.alipay.boot.sofarpc.adapter.TrBindingAdapter.inBinding(TrBindingAdapter.java:59)
	at com.alipay.sofa.runtime.service.component.ReferenceComponent.createProxy(ReferenceComponent.java:229)
	at com.alipay.sofa.runtime.service.component.ReferenceComponent.activate(ReferenceComponent.java:145)
	at com.alipay.sofa.runtime.component.impl.ComponentManagerImpl.doRegister(ComponentManagerImpl.java:156)
	... 33 common frames omitted
2018-12-04 17:50:47.324 [main] ERROR org.springframework.boot.SpringApplication - Application startup failed
org.springframework.beans.factory.BeanCreationException: Error creating bean with name 'callerService': Invocation of init method failed; nested exception is com.alipay.sofa.runtime.api.ServiceRuntimeException: Unable to get implementation of reference component, there's some error occurred when register this reference component.
	at org.springframework.beans.factory.support.AbstractAutowireCapableBeanFactory.initializeBean(AbstractAutowireCapableBeanFactory.java:1631)
	at org.springframework.beans.factory.support.AbstractAutowireCapableBeanFactory.doCreateBean(AbstractAutowireCapableBeanFactory.java:553)
	at org.springframework.beans.factory.support.AbstractAutowireCapableBeanFactory.createBean(AbstractAutowireCapableBeanFactory.java:481)
	at org.springframework.beans.factory.support.AbstractBeanFactory$1.getObject(AbstractBeanFactory.java:312)
	at org.springframework.beans.factory.support.DefaultSingletonBeanRegistry.getSingleton(DefaultSingletonBeanRegistry.java:230)
	at org.springframework.beans.factory.support.AbstractBeanFactory.doGetBean(AbstractBeanFactory.java:308)
	at org.springframework.beans.factory.support.AbstractBeanFactory.getBean(AbstractBeanFactory.java:197)
	at org.springframework.beans.factory.support.DefaultListableBeanFactory.preInstantiateSingletons(DefaultListableBeanFactory.java:742)
	at org.springframework.context.support.AbstractApplicationContext.finishBeanFactoryInitialization(AbstractApplicationContext.java:867)
	at org.springframework.context.support.AbstractApplicationContext.refresh(AbstractApplicationContext.java:543)
	at org.springframework.boot.context.embedded.EmbeddedWebApplicationContext.refresh(EmbeddedWebApplicationContext.java:122)
	at org.springframework.boot.SpringApplication.refresh(SpringApplication.java:693)
	at org.springframework.boot.SpringApplication.refreshContext(SpringApplication.java:360)
	at org.springframework.boot.SpringApplication.run(SpringApplication.java:303)
	at cloud.consumer.SOFABootWebSpringApplication.main(SOFABootWebSpringApplication.java:22)
Caused by: com.alipay.sofa.runtime.api.ServiceRuntimeException: Unable to get implementation of reference component, there's some error occurred when register this reference component.
	at com.alipay.sofa.runtime.service.component.ReferenceComponent.getImplementation(ReferenceComponent.java:206)
	at com.alipay.sofa.runtime.service.helper.ReferenceRegisterHelper.registerReference(ReferenceRegisterHelper.java:59)
	at com.alipay.sofa.runtime.spring.factory.ReferenceFactoryBean.doAfterPropertiesSet(ReferenceFactoryBean.java:58)
	at com.alipay.sofa.runtime.spring.factory.AbstractContractFactoryBean.afterPropertiesSet(AbstractContractFactoryBean.java:96)
	at org.springframework.beans.factory.support.AbstractAutowireCapableBeanFactory.invokeInitMethods(AbstractAutowireCapableBeanFactory.java:1689)
	at org.springframework.beans.factory.support.AbstractAutowireCapableBeanFactory.initializeBean(AbstractAutowireCapableBeanFactory.java:1627)
	... 14 common frames omitted
Caused by: java.lang.Exception: com.alipay.sofa.rpc.boot.common.SofaBootRpcRuntimeException: registry config [C:\Users\LYF\localFileRegistry\localRegistry.reg] is not supported
	at com.alipay.sofa.runtime.component.impl.ComponentManagerImpl.doRegister(ComponentManagerImpl.java:159)
	at com.alipay.sofa.runtime.component.impl.ComponentManagerImpl.registerAndGet(ComponentManagerImpl.java:116)
	at com.alipay.sofa.runtime.service.helper.ReferenceRegisterHelper.registerReference(ReferenceRegisterHelper.java:58)
	... 18 common frames omitted
Caused by: com.alipay.sofa.rpc.boot.common.SofaBootRpcRuntimeException: registry config [C:\Users\LYF\localFileRegistry\localRegistry.reg] is not supported
	at com.alipay.sofa.rpc.boot.container.RegistryConfigContainer.getRegistryConfig(RegistryConfigContainer.java:137)
	at com.alipay.sofa.rpc.boot.container.RegistryConfigContainer.getRegistryConfig(RegistryConfigContainer.java:150)
	at com.alipay.boot.sofarpc.adapter.TrBindingAdapter.createConsumerConfig(TrBindingAdapter.java:192)
	at com.alipay.boot.sofarpc.adapter.TrBindingAdapter.inBinding(TrBindingAdapter.java:132)
	at com.alipay.boot.sofarpc.adapter.TrBindingAdapter.inBinding(TrBindingAdapter.java:59)
	at com.alipay.sofa.runtime.service.component.ReferenceComponent.createProxy(ReferenceComponent.java:229)
	at com.alipay.sofa.runtime.service.component.ReferenceComponent.activate(ReferenceComponent.java:145)
	at com.alipay.sofa.runtime.component.impl.ComponentManagerImpl.doRegister(ComponentManagerImpl.java:156)
	... 20 common frames omitted
2018-12-04 17:53:09.577 [main] ERROR org.springframework.boot.SpringApplication - Application startup failed
org.springframework.beans.factory.UnsatisfiedDependencyException: Error creating bean with name 'RPCCallerController': Unsatisfied dependency expressed through field 'callerService'; nested exception is org.springframework.beans.factory.BeanCreationException: Error creating bean with name 'callerService': Invocation of init method failed; nested exception is com.alipay.sofa.runtime.api.ServiceRuntimeException: Unable to get implementation of reference component, there's some error occurred when register this reference component.
	at org.springframework.beans.factory.annotation.AutowiredAnnotationBeanPostProcessor$AutowiredFieldElement.inject(AutowiredAnnotationBeanPostProcessor.java:588)
	at org.springframework.beans.factory.annotation.InjectionMetadata.inject(InjectionMetadata.java:87)
	at org.springframework.beans.factory.annotation.AutowiredAnnotationBeanPostProcessor.postProcessPropertyValues(AutowiredAnnotationBeanPostProcessor.java:366)
	at org.springframework.beans.factory.support.AbstractAutowireCapableBeanFactory.populateBean(AbstractAutowireCapableBeanFactory.java:1269)
	at org.springframework.beans.factory.support.AbstractAutowireCapableBeanFactory.doCreateBean(AbstractAutowireCapableBeanFactory.java:551)
	at org.springframework.beans.factory.support.AbstractAutowireCapableBeanFactory.createBean(AbstractAutowireCapableBeanFactory.java:481)
	at org.springframework.beans.factory.support.AbstractBeanFactory$1.getObject(AbstractBeanFactory.java:312)
	at org.springframework.beans.factory.support.DefaultSingletonBeanRegistry.getSingleton(DefaultSingletonBeanRegistry.java:230)
	at org.springframework.beans.factory.support.AbstractBeanFactory.doGetBean(AbstractBeanFactory.java:308)
	at org.springframework.beans.factory.support.AbstractBeanFactory.getBean(AbstractBeanFactory.java:197)
	at org.springframework.beans.factory.support.DefaultListableBeanFactory.preInstantiateSingletons(DefaultListableBeanFactory.java:761)
	at org.springframework.context.support.AbstractApplicationContext.finishBeanFactoryInitialization(AbstractApplicationContext.java:867)
	at org.springframework.context.support.AbstractApplicationContext.refresh(AbstractApplicationContext.java:543)
	at org.springframework.boot.context.embedded.EmbeddedWebApplicationContext.refresh(EmbeddedWebApplicationContext.java:122)
	at org.springframework.boot.SpringApplication.refresh(SpringApplication.java:693)
	at org.springframework.boot.SpringApplication.refreshContext(SpringApplication.java:360)
	at org.springframework.boot.SpringApplication.run(SpringApplication.java:303)
	at cloud.consumer.SOFABootWebSpringApplication.main(SOFABootWebSpringApplication.java:22)
Caused by: org.springframework.beans.factory.BeanCreationException: Error creating bean with name 'callerService': Invocation of init method failed; nested exception is com.alipay.sofa.runtime.api.ServiceRuntimeException: Unable to get implementation of reference component, there's some error occurred when register this reference component.
	at org.springframework.beans.factory.support.AbstractAutowireCapableBeanFactory.initializeBean(AbstractAutowireCapableBeanFactory.java:1631)
	at org.springframework.beans.factory.support.AbstractAutowireCapableBeanFactory.doCreateBean(AbstractAutowireCapableBeanFactory.java:553)
	at org.springframework.beans.factory.support.AbstractAutowireCapableBeanFactory.createBean(AbstractAutowireCapableBeanFactory.java:481)
	at org.springframework.beans.factory.support.AbstractBeanFactory$1.getObject(AbstractBeanFactory.java:312)
	at org.springframework.beans.factory.support.DefaultSingletonBeanRegistry.getSingleton(DefaultSingletonBeanRegistry.java:230)
	at org.springframework.beans.factory.support.AbstractBeanFactory.doGetBean(AbstractBeanFactory.java:308)
	at org.springframework.beans.factory.support.AbstractBeanFactory.getBean(AbstractBeanFactory.java:202)
	at org.springframework.beans.factory.config.DependencyDescriptor.resolveCandidate(DependencyDescriptor.java:208)
	at org.springframework.beans.factory.support.DefaultListableBeanFactory.doResolveDependency(DefaultListableBeanFactory.java:1136)
	at org.springframework.beans.factory.support.DefaultListableBeanFactory.resolveDependency(DefaultListableBeanFactory.java:1064)
	at org.springframework.beans.factory.annotation.AutowiredAnnotationBeanPostProcessor$AutowiredFieldElement.inject(AutowiredAnnotationBeanPostProcessor.java:585)
	... 17 common frames omitted
Caused by: com.alipay.sofa.runtime.api.ServiceRuntimeException: Unable to get implementation of reference component, there's some error occurred when register this reference component.
	at com.alipay.sofa.runtime.service.component.ReferenceComponent.getImplementation(ReferenceComponent.java:206)
	at com.alipay.sofa.runtime.service.helper.ReferenceRegisterHelper.registerReference(ReferenceRegisterHelper.java:59)
	at com.alipay.sofa.runtime.spring.factory.ReferenceFactoryBean.doAfterPropertiesSet(ReferenceFactoryBean.java:58)
	at com.alipay.sofa.runtime.spring.factory.AbstractContractFactoryBean.afterPropertiesSet(AbstractContractFactoryBean.java:96)
	at org.springframework.beans.factory.support.AbstractAutowireCapableBeanFactory.invokeInitMethods(AbstractAutowireCapableBeanFactory.java:1689)
	at org.springframework.beans.factory.support.AbstractAutowireCapableBeanFactory.initializeBean(AbstractAutowireCapableBeanFactory.java:1627)
	... 27 common frames omitted
Caused by: java.lang.Exception: com.alipay.sofa.rpc.boot.common.SofaBootRpcRuntimeException: registry config [C:\Users\LYF\localFileRegistry\localRegistry.reg] is not supported
	at com.alipay.sofa.runtime.component.impl.ComponentManagerImpl.doRegister(ComponentManagerImpl.java:159)
	at com.alipay.sofa.runtime.component.impl.ComponentManagerImpl.registerAndGet(ComponentManagerImpl.java:116)
	at com.alipay.sofa.runtime.service.helper.ReferenceRegisterHelper.registerReference(ReferenceRegisterHelper.java:58)
	... 31 common frames omitted
Caused by: com.alipay.sofa.rpc.boot.common.SofaBootRpcRuntimeException: registry config [C:\Users\LYF\localFileRegistry\localRegistry.reg] is not supported
	at com.alipay.sofa.rpc.boot.container.RegistryConfigContainer.getRegistryConfig(RegistryConfigContainer.java:137)
	at com.alipay.sofa.rpc.boot.container.RegistryConfigContainer.getRegistryConfig(RegistryConfigContainer.java:150)
	at com.alipay.boot.sofarpc.adapter.TrBindingAdapter.createConsumerConfig(TrBindingAdapter.java:192)
	at com.alipay.boot.sofarpc.adapter.TrBindingAdapter.inBinding(TrBindingAdapter.java:132)
	at com.alipay.boot.sofarpc.adapter.TrBindingAdapter.inBinding(TrBindingAdapter.java:59)
	at com.alipay.sofa.runtime.service.component.ReferenceComponent.createProxy(ReferenceComponent.java:229)
	at com.alipay.sofa.runtime.service.component.ReferenceComponent.activate(ReferenceComponent.java:145)
	at com.alipay.sofa.runtime.component.impl.ComponentManagerImpl.doRegister(ComponentManagerImpl.java:156)
	... 33 common frames omitted
