2018-12-04 17:40:59.018 [main] INFO  c.a.b.s.s.i.RestApplicationContextInitializer - Existed DSR com.alipay.instanceid = IPYJUBMB231N
2018-12-04 17:40:59.018 [main] INFO  c.a.b.s.s.i.RestApplicationContextInitializer - Existed DSR com.alipay.env = shared
2018-12-04 17:40:59.018 [main] INFO  c.a.b.s.s.i.RestApplicationContextInitializer - Existed DSR com.antcloud.antvip.endpoint = 100.103.1.174
2018-12-04 17:40:59.018 [main] INFO  c.a.b.s.s.i.RestApplicationContextInitializer - sofa rest starting!
2018-12-04 17:42:34.965 [main] INFO  c.a.b.s.s.i.RestApplicationContextInitializer - Existed DSR com.alipay.instanceid = IPYJUBMB231N
2018-12-04 17:42:34.966 [main] INFO  c.a.b.s.s.i.RestApplicationContextInitializer - Existed DSR com.alipay.env = shared
2018-12-04 17:42:34.967 [main] INFO  c.a.b.s.s.i.RestApplicationContextInitializer - Existed DSR com.antcloud.antvip.endpoint = 100.103.1.174
2018-12-04 17:42:34.967 [main] INFO  c.a.b.s.s.i.RestApplicationContextInitializer - sofa rest starting!
2018-12-04 17:48:33.672 [main] INFO  c.a.b.s.s.i.RestApplicationContextInitializer - Existed DSR com.alipay.instanceid = IPYJUBMB231N
2018-12-04 17:48:33.672 [main] INFO  c.a.b.s.s.i.RestApplicationContextInitializer - Existed DSR com.alipay.env = shared
2018-12-04 17:48:33.673 [main] INFO  c.a.b.s.s.i.RestApplicationContextInitializer - Existed DSR com.antcloud.antvip.endpoint = 100.103.1.174
2018-12-04 17:48:33.673 [main] INFO  c.a.b.s.s.i.RestApplicationContextInitializer - sofa rest starting!
2018-12-04 17:50:43.976 [main] INFO  c.a.b.s.s.i.RestApplicationContextInitializer - Existed DSR com.alipay.instanceid = IPYJUBMB231N
2018-12-04 17:50:43.976 [main] INFO  c.a.b.s.s.i.RestApplicationContextInitializer - Existed DSR com.alipay.env = shared
2018-12-04 17:50:43.976 [main] INFO  c.a.b.s.s.i.RestApplicationContextInitializer - Existed DSR com.antcloud.antvip.endpoint = 100.103.1.174
2018-12-04 17:50:43.976 [main] INFO  c.a.b.s.s.i.RestApplicationContextInitializer - sofa rest starting!
2018-12-04 17:50:46.727 [main] INFO  c.a.s.r.s.RestComponentsPropertyInjectProcessor - A rest provider is found . register it (sofaRestExceptionHandler). 
2018-12-04 17:53:06.610 [main] INFO  c.a.b.s.s.i.RestApplicationContextInitializer - Existed DSR com.alipay.instanceid = IPYJUBMB231N
2018-12-04 17:53:06.610 [main] INFO  c.a.b.s.s.i.RestApplicationContextInitializer - Existed DSR com.alipay.env = shared
2018-12-04 17:53:06.610 [main] INFO  c.a.b.s.s.i.RestApplicationContextInitializer - Existed DSR com.antcloud.antvip.endpoint = 100.103.1.174
2018-12-04 17:53:06.610 [main] INFO  c.a.b.s.s.i.RestApplicationContextInitializer - sofa rest starting!
2018-12-04 18:16:56.465 [main] INFO  c.a.b.s.s.i.RestApplicationContextInitializer - Existed DSR com.alipay.instanceid = IPYJUBMB231N
2018-12-04 18:16:56.466 [main] INFO  c.a.b.s.s.i.RestApplicationContextInitializer - Existed DSR com.alipay.env = shared
2018-12-04 18:16:56.466 [main] INFO  c.a.b.s.s.i.RestApplicationContextInitializer - Existed DSR com.antcloud.antvip.endpoint = 100.103.1.174
2018-12-04 18:16:56.466 [main] INFO  c.a.b.s.s.i.RestApplicationContextInitializer - sofa rest starting!
2018-12-04 18:16:59.279 [main] INFO  c.a.s.r.s.RestComponentsPropertyInjectProcessor - A rest provider is found . register it (sofaRestExceptionHandler). 
2018-12-04 18:16:59.630 [main] INFO  c.a.s.r.s.RestComponentsPropertyInjectProcessor - A rest provider is found . register it (commonContainerResponseFilter). 
2018-12-04 18:16:59.645 [main] INFO  com.alipay.sofa.rest.bootstrap.RestBootstrap - register rest resource(name:cloud.consumer.endpoint.impl.SampleRestFacadeRestImpl)
2018-12-04 18:16:59.695 [main] INFO  c.a.s.r.s.RestComponentsPropertyInjectProcessor - A rest resource is found . register it (sampleRestFacadeRest). 
2018-12-04 18:16:59.695 [main] INFO  com.alipay.sofa.rest.bootstrap.RestBootstrap - register rest resource(name:cloud.consumer.endpoint.impl.FaviconRestFacadeRestImpl)
2018-12-04 18:16:59.695 [main] INFO  c.a.s.r.s.RestComponentsPropertyInjectProcessor - A rest resource is found . register it (faviconRestFacadeRest). 
2018-12-04 18:17:01.462 [main] INFO  com.alipay.sofa.rest.bootstrap.RestBootstrap - ClientConfig{connections=10, connectTimeout=-1, socketTimeout=-1, threadPoolSize=10, retries=0}
2018-12-04 18:17:01.930 [main] INFO  com.alipay.sofa.rest.bootstrap.RestBootstrap -  rest client started.
2018-12-04 18:17:01.955 [main] INFO  c.a.sofa.rest.server.netty.SofaRestNettyServer - server connector works,Connector{port=8341, hostname='null',maxRequestSize =10485760, isKeepAlive=true, exposed=true, sslContext=null}. Configured min.pool.size=100,max.pool.size=200,queue.pool.size=500,prestart=false
2018-12-04 18:17:01.962 [main] INFO  com.alipay.sofa.rest.bootstrap.RestBootstrap -  rest server is started.
2018-12-04 18:17:01.962 [main] INFO  c.a.sofa.rest.spring.support.RestComponentsLog - 
====== rest resources and providers ======
providers:
  class cloud.consumer.endpoint.exception.SofaRestExceptionHandler
  class org.jboss.resteasy.plugins.providers.ServerFormUrlEncodedProvider
  class cloud.consumer.endpoint.filter.CommonContainerResponseFilter

resources:
  name:faviconRestFacadeRest,class cloud.consumer.endpoint.impl.FaviconRestFacadeRestImpl
  name:sampleRestFacadeRest,class cloud.consumer.endpoint.impl.SampleRestFacadeRestImpl

2018-12-04 18:17:01.962 [main] INFO  com.alipay.sofa.rest.bootstrap.RestBootstrap - sofa rest started.
2018-12-04 18:18:57.048 [main] INFO  c.a.b.s.s.i.RestApplicationContextInitializer - Existed DSR com.alipay.instanceid = IPYJUBMB231N
2018-12-04 18:18:57.048 [main] INFO  c.a.b.s.s.i.RestApplicationContextInitializer - Existed DSR com.alipay.env = shared
2018-12-04 18:18:57.048 [main] INFO  c.a.b.s.s.i.RestApplicationContextInitializer - Existed DSR com.antcloud.antvip.endpoint = 100.103.1.174
2018-12-04 18:18:57.048 [main] INFO  c.a.b.s.s.i.RestApplicationContextInitializer - sofa rest starting!
2018-12-04 18:18:59.976 [main] INFO  c.a.s.r.s.RestComponentsPropertyInjectProcessor - A rest provider is found . register it (sofaRestExceptionHandler). 
2018-12-04 18:19:00.334 [main] INFO  c.a.s.r.s.RestComponentsPropertyInjectProcessor - A rest provider is found . register it (commonContainerResponseFilter). 
2018-12-04 18:19:00.349 [main] INFO  com.alipay.sofa.rest.bootstrap.RestBootstrap - register rest resource(name:cloud.consumer.endpoint.impl.SampleRestFacadeRestImpl)
2018-12-04 18:19:00.401 [main] INFO  c.a.s.r.s.RestComponentsPropertyInjectProcessor - A rest resource is found . register it (sampleRestFacadeRest). 
2018-12-04 18:19:00.403 [main] INFO  com.alipay.sofa.rest.bootstrap.RestBootstrap - register rest resource(name:cloud.consumer.endpoint.impl.FaviconRestFacadeRestImpl)
2018-12-04 18:19:00.404 [main] INFO  c.a.s.r.s.RestComponentsPropertyInjectProcessor - A rest resource is found . register it (faviconRestFacadeRest). 
2018-12-04 18:19:02.163 [main] INFO  com.alipay.sofa.rest.bootstrap.RestBootstrap - ClientConfig{connections=10, connectTimeout=-1, socketTimeout=-1, threadPoolSize=10, retries=0}
2018-12-04 18:19:02.647 [main] INFO  com.alipay.sofa.rest.bootstrap.RestBootstrap -  rest client started.
2018-12-04 18:19:02.670 [main] INFO  c.a.sofa.rest.server.netty.SofaRestNettyServer - server connector works,Connector{port=8341, hostname='null',maxRequestSize =10485760, isKeepAlive=true, exposed=true, sslContext=null}. Configured min.pool.size=100,max.pool.size=200,queue.pool.size=500,prestart=false
2018-12-04 18:19:02.677 [main] INFO  com.alipay.sofa.rest.bootstrap.RestBootstrap -  rest server is started.
2018-12-04 18:19:02.677 [main] INFO  c.a.sofa.rest.spring.support.RestComponentsLog - 
====== rest resources and providers ======
providers:
  class org.jboss.resteasy.plugins.providers.ServerFormUrlEncodedProvider
  class cloud.consumer.endpoint.exception.SofaRestExceptionHandler
  class cloud.consumer.endpoint.filter.CommonContainerResponseFilter

resources:
  name:faviconRestFacadeRest,class cloud.consumer.endpoint.impl.FaviconRestFacadeRestImpl
  name:sampleRestFacadeRest,class cloud.consumer.endpoint.impl.SampleRestFacadeRestImpl

2018-12-04 18:19:02.677 [main] INFO  com.alipay.sofa.rest.bootstrap.RestBootstrap - sofa rest started.
2018-12-04 18:31:08.601 [main] INFO  c.a.b.s.s.i.RestApplicationContextInitializer - Existed DSR com.alipay.instanceid = IPYJUBMB231N
2018-12-04 18:31:08.601 [main] INFO  c.a.b.s.s.i.RestApplicationContextInitializer - Existed DSR com.alipay.env = shared
2018-12-04 18:31:08.601 [main] INFO  c.a.b.s.s.i.RestApplicationContextInitializer - Existed DSR com.antcloud.antvip.endpoint = 100.103.1.174
2018-12-04 18:31:08.601 [main] INFO  c.a.b.s.s.i.RestApplicationContextInitializer - sofa rest starting!
2018-12-04 18:31:12.023 [main] INFO  c.a.s.r.s.RestComponentsPropertyInjectProcessor - A rest provider is found . register it (sofaRestExceptionHandler). 
2018-12-04 18:31:12.398 [main] INFO  c.a.s.r.s.RestComponentsPropertyInjectProcessor - A rest provider is found . register it (commonContainerResponseFilter). 
2018-12-04 18:31:12.430 [main] INFO  com.alipay.sofa.rest.bootstrap.RestBootstrap - register rest resource(name:cloud.consumer.endpoint.impl.SampleRestFacadeRestImpl)
2018-12-04 18:31:12.492 [main] INFO  c.a.s.r.s.RestComponentsPropertyInjectProcessor - A rest resource is found . register it (sampleRestFacadeRest). 
2018-12-04 18:31:12.492 [main] INFO  com.alipay.sofa.rest.bootstrap.RestBootstrap - register rest resource(name:cloud.consumer.endpoint.impl.FaviconRestFacadeRestImpl)
2018-12-04 18:31:12.492 [main] INFO  c.a.s.r.s.RestComponentsPropertyInjectProcessor - A rest resource is found . register it (faviconRestFacadeRest). 
2018-12-04 18:31:14.367 [main] INFO  com.alipay.sofa.rest.bootstrap.RestBootstrap - ClientConfig{connections=10, connectTimeout=-1, socketTimeout=-1, threadPoolSize=10, retries=0}
2018-12-04 18:31:15.430 [main] INFO  com.alipay.sofa.rest.bootstrap.RestBootstrap -  rest client started.
2018-12-04 18:31:15.461 [main] INFO  c.a.sofa.rest.server.netty.SofaRestNettyServer - server connector works,Connector{port=8341, hostname='null',maxRequestSize =10485760, isKeepAlive=true, exposed=true, sslContext=null}. Configured min.pool.size=100,max.pool.size=200,queue.pool.size=500,prestart=false
2018-12-04 18:31:15.461 [main] INFO  com.alipay.sofa.rest.bootstrap.RestBootstrap -  rest server is started.
2018-12-04 18:31:15.461 [main] INFO  c.a.sofa.rest.spring.support.RestComponentsLog - 
====== rest resources and providers ======
providers:
  class cloud.consumer.endpoint.exception.SofaRestExceptionHandler
  class cloud.consumer.endpoint.filter.CommonContainerResponseFilter
  class org.jboss.resteasy.plugins.providers.ServerFormUrlEncodedProvider

resources:
  name:faviconRestFacadeRest,class cloud.consumer.endpoint.impl.FaviconRestFacadeRestImpl
  name:sampleRestFacadeRest,class cloud.consumer.endpoint.impl.SampleRestFacadeRestImpl

2018-12-04 18:31:15.461 [main] INFO  com.alipay.sofa.rest.bootstrap.RestBootstrap - sofa rest started.
